error find_privacy_cards: {"id": 513176479, "name": "Space Cadet Defender HD: Invaders", "app_url": "https://apps.apple.com/ie/app/space-cadet-defender-hd-invaders/id513176479?uo=4"}
error find_privacy_cards: {"id": 1571972385, "name": "Long Neck Run", "app_url": "https://apps.apple.com/ie/app/long-neck-run/id1571972385?uo=4"}
error find_privacy_cards: {"id": 1103278932, "name": "Slip Away", "app_url": "https://apps.apple.com/ie/app/slip-away/id1103278932?uo=4"}
error find_privacy_cards: {"id": 611140394, "name": "Happy Chef", "app_url": "https://apps.apple.com/ie/app/happy-chef/id611140394?uo=4"}
error find_privacy_cards: {"id": 1235753915, "name": "FOX 55 Severe Weather Center", "app_url": "https://apps.apple.com/ie/app/fox-55-severe-weather-center/id1235753915?uo=4"}
error find_privacy_cards: {"id": 379057710, "name": "WAND WX", "app_url": "https://apps.apple.com/ie/app/wand-wx/id379057710?uo=4"}
error find_privacy_cards: {"id": 1436296772, "name": "Mausam Info", "app_url": "https://apps.apple.com/ie/app/mausam-info/id1436296772?uo=4"}
error find_privacy_cards: {"id": 892935435, "name": "Insanity!", "app_url": "https://apps.apple.com/ie/app/insanity/id892935435?uo=4"}
error find_privacy_cards: {"id": 1615551423, "name": "Lifeline+", "app_url": "https://apps.apple.com/ie/app/lifeline/id1615551423?uo=4"}
error find_privacy_cards: {"id": 958604518, "name": "Lumino City", "app_url": "https://apps.apple.com/ie/app/lumino-city/id958604518?uo=4"}
error find_privacy_cards: {"id": 1538911911, "name": "Super Jack's World", "app_url": "https://apps.apple.com/ie/app/super-jacks-world/id1538911911?uo=4"}
error find_privacy_cards: {"id": 6503342568, "name": "Die Again: Troll Game Ever", "app_url": "https://apps.apple.com/ie/app/die-again-troll-game-ever/id6503342568?uo=4"}
error find_privacy_cards: {"id": 635779535, "name": "A Crazy Grandma Run - Gangster Injustice Quest 3", "app_url": "https://apps.apple.com/ie/app/a-crazy-grandma-run-gangster-injustice-quest-3/id635779535?uo=4"}
error find_privacy_cards: {"id": 922014109, "name": "Fireboy and Watergirl: Escape", "app_url": "https://apps.apple.com/ie/app/fireboy-and-watergirl-escape/id922014109?uo=4"}
error find_privacy_cards: {"id": 567396065, "name": "Impossible Pixel", "app_url": "https://apps.apple.com/ie/app/impossible-pixel/id567396065?uo=4"}
error find_privacy_cards: {"id": 1535615747, "name": "PassApp Taxi and Delivery", "app_url": "https://apps.apple.com/ie/app/passapp-taxi-and-delivery/id1535615747?uo=4"}
error find_privacy_cards: {"id": 1124431928, "name": "Hidden Flights & Sky Scanner", "app_url": "https://apps.apple.com/ie/app/hidden-flights-sky-scanner/id1124431928?uo=4"}
error find_privacy_cards: {"id": 1492455515, "name": "Cambodia e-Arrival", "app_url": "https://apps.apple.com/ie/app/cambodia-e-arrival/id1492455515?uo=4"}
error find_privacy_cards: {"id": 969005735, "name": "Ntaxi - Pide Reserva", "app_url": "https://apps.apple.com/ie/app/ntaxi-pide-reserva/id969005735?uo=4"}
error find_privacy_cards: {"id": 1578875759, "name": "MIT House", "app_url": "https://apps.apple.com/ie/app/mit-house/id1578875759?uo=4"}
error find_privacy_cards: {"id": 1571921860, "name": "Flight Tracker Live", "app_url": "https://apps.apple.com/ie/app/flight-tracker-live/id1571921860?uo=4"}
error find_privacy_cards: {"id": 1353631552, "name": "Chipper Cash", "app_url": "https://apps.apple.com/ie/app/chipper-cash/id1353631552?uo=4"}
error find_privacy_cards: {"id": 1025450732, "name": "Monster Maths 2 - Times Tables", "app_url": "https://apps.apple.com/ie/app/monster-maths-2-times-tables/id1025450732?uo=4"}
error find_privacy_cards: {"id": 1606872261, "name": "Parents", "app_url": "https://apps.apple.com/ie/app/parents/id1606872261?uo=4"}
error find_privacy_cards: {"id": 1032546737, "name": "Code! Learn Swift Version", "app_url": "https://apps.apple.com/ie/app/code-learn-swift-version/id1032546737?uo=4"}
error find_privacy_cards: {"id": 922208952, "name": "Course Hero: AI Homework Help", "app_url": "https://apps.apple.com/ie/app/course-hero-ai-homework-help/id922208952?uo=4"}
error find_privacy_cards: {"id": 623168355, "name": "Emoji Pop™", "app_url": "https://apps.apple.com/ie/app/emoji-pop/id623168355?uo=4"}
error find_privacy_cards: {"id": 715441318, "name": "Magikid Numbers", "app_url": "https://apps.apple.com/ie/app/magikid-numbers/id715441318?uo=4"}
error find_privacy_cards: {"id": 6455731760, "name": "Coin Identifier - CoinCheck", "app_url": "https://apps.apple.com/ie/app/coin-identifier-coincheck/id6455731760?uo=4"}
error find_privacy_cards: {"id": 1499946556, "name": "Muddy Puddles", "app_url": "https://apps.apple.com/ie/app/muddy-puddles/id1499946556?uo=4"}
error find_privacy_cards: {"id": 1520813241, "name": "Alphablocks: World", "app_url": "https://apps.apple.com/ie/app/alphablocks-world/id1520813241?uo=4"}
error find_privacy_cards: {"id": 1534737981, "name": "Lingopie: Learn a Language", "app_url": "https://apps.apple.com/ie/app/lingopie-learn-a-language/id1534737981?uo=4"}
error find_privacy_cards: {"id": 1163607464, "name": "Before or After!", "app_url": "https://apps.apple.com/ie/app/before-or-after/id1163607464?uo=4"}
error find_privacy_cards: {"id": 1061375097, "name": "Maths Age 5-11", "app_url": "https://apps.apple.com/ie/app/maths-age-5-11/id1061375097?uo=4"}
error find_privacy_cards: {"id": 990477277, "name": "Chess Prime 3D", "app_url": "https://apps.apple.com/ie/app/chess-prime-3d/id990477277?uo=4"}
error find_privacy_cards: {"id": 1639905021, "name": "CCFET Morrison’s Island Campus", "app_url": "https://apps.apple.com/ie/app/ccfet-morrisons-island-campus/id1639905021?uo=4"}
error find_privacy_cards: {"id": 1380452295, "name": "Adventure Academy", "app_url": "https://apps.apple.com/ie/app/adventure-academy/id1380452295?uo=4"}
error find_privacy_cards: {"id": 1058747457, "name": "Little Panda Chinese Food", "app_url": "https://apps.apple.com/ie/app/little-panda-chinese-food/id1058747457?uo=4"}
error find_privacy_cards: {"id": 799973028, "name": "Animal Math Games For Kids", "app_url": "https://apps.apple.com/ie/app/animal-math-games-for-kids/id799973028?uo=4"}
error find_privacy_cards: {"id": 1369759559, "name": "DiagnosUs", "app_url": "https://apps.apple.com/ie/app/diagnosus/id1369759559?uo=4"}
error find_privacy_cards: {"id": 1202148484, "name": "Metronaut Sheet Music", "app_url": "https://apps.apple.com/ie/app/metronaut-sheet-music/id1202148484?uo=4"}
error find_privacy_cards: {"id": 1565488358, "name": "Fluvsies Pocket World", "app_url": "https://apps.apple.com/ie/app/fluvsies-pocket-world/id1565488358?uo=4"}
error find_privacy_cards: {"id": 1490410833, "name": "Educate.ie German Exam Audio", "app_url": "https://apps.apple.com/ie/app/educate-ie-german-exam-audio/id1490410833?uo=4"}
error find_privacy_cards: {"id": 810134830, "name": "Animal sounds kids piano", "app_url": "https://apps.apple.com/ie/app/animal-sounds-kids-piano/id810134830?uo=4"}
error find_privacy_cards: {"id": 1559132457, "name": "FamiSafe Kids - Blocksite", "app_url": "https://apps.apple.com/ie/app/famisafe-kids-blocksite/id1559132457?uo=4"}
error find_privacy_cards: {"id": 1097863089, "name": "Magnus Trainer - Train Chess", "app_url": "https://apps.apple.com/ie/app/magnus-trainer-train-chess/id1097863089?uo=4"}
error find_privacy_cards: {"id": 1225140454, "name": "Highbrow Unlimited", "app_url": "https://apps.apple.com/ie/app/highbrow-unlimited/id1225140454?uo=4"}
error find_privacy_cards: {"id": 596684220, "name": "Essential Anatomy 5", "app_url": "https://apps.apple.com/ie/app/essential-anatomy-5/id596684220?uo=4"}
error find_privacy_cards: {"id": 1580601028, "name": "Everyday Puzzles: Mini Games", "app_url": "https://apps.apple.com/ie/app/everyday-puzzles-mini-games/id1580601028?uo=4"}
error find_privacy_cards: {"id": 1202995075, "name": "Flags of the World Best Trivia", "app_url": "https://apps.apple.com/ie/app/flags-of-the-world-best-trivia/id1202995075?uo=4"}
error find_privacy_cards: {"id": 1048048158, "name": "Crazy Bubble Party", "app_url": "https://apps.apple.com/ie/app/crazy-bubble-party/id1048048158?uo=4"}
error find_privacy_cards: {"id": 550027186, "name": "Autism Emotion", "app_url": "https://apps.apple.com/ie/app/autism-emotion/id550027186?uo=4"}
error find_privacy_cards: {"id": 434212879, "name": "iCelsius", "app_url": "https://apps.apple.com/ie/app/icelsius/id434212879?uo=4"}
error find_privacy_cards: {"id": 1458640095, "name": "Super Simple - Kids Songs", "app_url": "https://apps.apple.com/ie/app/super-simple-kids-songs/id1458640095?uo=4"}
error find_privacy_cards: {"id": 1270785884, "name": "Masha and the Bear Games", "app_url": "https://apps.apple.com/ie/app/masha-and-the-bear-games/id1270785884?uo=4"}
error find_privacy_cards: {"id": 547107322, "name": "Kids Videos HD -  safe YouTube video for kids", "app_url": "https://apps.apple.com/ie/app/kids-videos-hd-safe-youtube-video-for-kids/id547107322?uo=4"}
error find_privacy_cards: {"id": 522003167, "name": "Earthlapse", "app_url": "https://apps.apple.com/ie/app/earthlapse/id522003167?uo=4"}
error find_privacy_cards: {"id": 680358371, "name": "Car Logos Quiz 2.0", "app_url": "https://apps.apple.com/ie/app/car-logos-quiz-2-0/id680358371?uo=4"}
error find_privacy_cards: {"id": 1247855111, "name": "Unwinding Anxiety", "app_url": "https://apps.apple.com/ie/app/unwinding-anxiety/id1247855111?uo=4"}
error find_privacy_cards: {"id": 1409450884, "name": "Learn to Sing - Perfect Pitch", "app_url": "https://apps.apple.com/ie/app/learn-to-sing-perfect-pitch/id1409450884?uo=4"}
error find_privacy_cards: {"id": 1412721542, "name": "1024Bubble", "app_url": "https://apps.apple.com/ie/app/1024bubble/id1412721542?uo=4"}
error find_privacy_cards: {"id": 1528976296, "name": "CamGuru - Photography Courses", "app_url": "https://apps.apple.com/ie/app/camguru-photography-courses/id1528976296?uo=4"}
error find_privacy_cards: {"id": 927336536, "name": "iChemistry™", "app_url": "https://apps.apple.com/ie/app/ichemistry/id927336536?uo=4"}
error find_privacy_cards: {"id": 1066588177, "name": "General Knowledge : Quiz Game", "app_url": "https://apps.apple.com/ie/app/general-knowledge-quiz-game/id1066588177?uo=4"}
error find_privacy_cards: {"id": 1280283742, "name": "ABC Tracing from Dave and Ava", "app_url": "https://apps.apple.com/ie/app/abc-tracing-from-dave-and-ava/id1280283742?uo=4"}
error find_privacy_cards: {"id": 6444680001, "name": "Giggle Babies - Toddler Care", "app_url": "https://apps.apple.com/ie/app/giggle-babies-toddler-care/id6444680001?uo=4"}
error find_privacy_cards: {"id": 1179657354, "name": "Mentour Aviation", "app_url": "https://apps.apple.com/ie/app/mentour-aviation/id1179657354?uo=4"}
error find_privacy_cards: {"id": 1111193492, "name": "JigSpace", "app_url": "https://apps.apple.com/ie/app/jigspace/id1111193492?uo=4"}
error find_privacy_cards: {"id": 517339696, "name": "Coloring Farm Tap to Color Fun", "app_url": "https://apps.apple.com/ie/app/coloring-farm-tap-to-color-fun/id517339696?uo=4"}
error find_privacy_cards: {"id": 721186235, "name": "A+ Spelling Bee English Words", "app_url": "https://apps.apple.com/ie/app/a-spelling-bee-english-words/id721186235?uo=4"}
error find_privacy_cards: {"id": 1265670676, "name": "Simpler: learn English easily", "app_url": "https://apps.apple.com/ie/app/simpler-learn-english-easily/id1265670676?uo=4"}
error find_privacy_cards: {"id": 1286609883, "name": "Speak - Language Learning", "app_url": "https://apps.apple.com/ie/app/speak-language-learning/id1286609883?uo=4"}
error find_privacy_cards: {"id": 1434386790, "name": "CBS The Green", "app_url": "https://apps.apple.com/ie/app/cbs-the-green/id1434386790?uo=4"}
error find_privacy_cards: {"id": 1135227513, "name": "Guide for Pokemon Go!", "app_url": "https://apps.apple.com/ie/app/guide-for-pokemon-go/id1135227513?uo=4"}
error find_privacy_cards: {"id": 448160262, "name": "First Words for Toddlers Lite", "app_url": "https://apps.apple.com/ie/app/first-words-for-toddlers-lite/id448160262?uo=4"}
error find_privacy_cards: {"id": 575305826, "name": "Language Lab", "app_url": "https://apps.apple.com/ie/app/language-lab/id575305826?uo=4"}
error find_privacy_cards: {"id": 880240512, "name": "Pony Games for Girls: Little Horse Jigsaw Puzzles", "app_url": "https://apps.apple.com/ie/app/pony-games-for-girls-little-horse-jigsaw-puzzles/id880240512?uo=4"}
error find_privacy_cards: {"id": 576395411, "name": "Brain Games - Left vs Right", "app_url": "https://apps.apple.com/ie/app/brain-games-left-vs-right/id576395411?uo=4"}
error find_privacy_cards: {"id": 295720051, "name": "Learn Russian - Free WordPower", "app_url": "https://apps.apple.com/ie/app/learn-russian-free-wordpower/id295720051?uo=4"}
error find_privacy_cards: {"id": 670741884, "name": "Educational games kids 2-3-4-5", "app_url": "https://apps.apple.com/ie/app/educational-games-kids-2-3-4-5/id670741884?uo=4"}
error find_privacy_cards: {"id": 6449359928, "name": "Shopping & Supermarket Games", "app_url": "https://apps.apple.com/ie/app/shopping-supermarket-games/id6449359928?uo=4"}
error find_privacy_cards: {"id": 1570016035, "name": "Rock, gem & crystal identifier", "app_url": "https://apps.apple.com/ie/app/rock-gem-crystal-identifier/id1570016035?uo=4"}
error find_privacy_cards: {"id": 1123582543, "name": "Princess Horse Club 3", "app_url": "https://apps.apple.com/ie/app/princess-horse-club-3/id1123582543?uo=4"}
error find_privacy_cards: {"id": 894620096, "name": "Voice Training - Learn to Sing", "app_url": "https://apps.apple.com/ie/app/voice-training-learn-to-sing/id894620096?uo=4"}
error find_privacy_cards: {"id": 408233979, "name": "SimplePhysics", "app_url": "https://apps.apple.com/ie/app/simplephysics/id408233979?uo=4"}
error find_privacy_cards: {"id": 598935321, "name": "Autism iHelp–Language Concepts", "app_url": "https://apps.apple.com/ie/app/autism-ihelp-language-concepts/id598935321?uo=4"}
error find_privacy_cards: {"id": 1214557107, "name": "Fire Truck Rescue for toddlers", "app_url": "https://apps.apple.com/ie/app/fire-truck-rescue-for-toddlers/id1214557107?uo=4"}
error find_privacy_cards: {"id": 518347992, "name": "Sentence Maker: Educational Learning Game for Kids", "app_url": "https://apps.apple.com/ie/app/sentence-maker-educational-learning-game-for-kids/id518347992?uo=4"}
error find_privacy_cards: {"id": 958871649, "name": "Candy's Beauty Salon", "app_url": "https://apps.apple.com/ie/app/candys-beauty-salon/id958871649?uo=4"}
error find_privacy_cards: {"id": 961972111, "name": "Concussion Smart", "app_url": "https://apps.apple.com/ie/app/concussion-smart/id961972111?uo=4"}
error find_privacy_cards: {"id": 363928826, "name": "School Countdown - A Smart Class Timetable for Teacher and Student", "app_url": "https://apps.apple.com/ie/app/school-countdown-a-smart-class-timetable-for/id363928826?uo=4"}
error find_privacy_cards: {"id": 6444659791, "name": "GameSense Coaching", "app_url": "https://apps.apple.com/ie/app/gamesense-coaching/id6444659791?uo=4"}
error find_privacy_cards: {"id": 1474203502, "name": "Candylocks Hair Salon", "app_url": "https://apps.apple.com/ie/app/candylocks-hair-salon/id1474203502?uo=4"}
error find_privacy_cards: {"id": 1538512239, "name": "Wanderly", "app_url": "https://apps.apple.com/ie/app/wanderly/id1538512239?uo=4"}
error find_privacy_cards: {"id": 1143205265, "name": "Trala: Learn Violin", "app_url": "https://apps.apple.com/ie/app/trala-learn-violin/id1143205265?uo=4"}
error find_privacy_cards: {"id": 1257746009, "name": "Sweet Baby Girl Beauty Salon 3", "app_url": "https://apps.apple.com/ie/app/sweet-baby-girl-beauty-salon-3/id1257746009?uo=4"}
error find_privacy_cards: {"id": 680383953, "name": "French Verbs & Conjugation L", "app_url": "https://apps.apple.com/ie/app/french-verbs-conjugation-l/id680383953?uo=4"}
error find_privacy_cards: {"id": 414421997, "name": "Pregnancy Tips for iPhone", "app_url": "https://apps.apple.com/ie/app/pregnancy-tips-for-iphone/id414421997?uo=4"}
error find_privacy_cards: {"id": 291773125, "name": "Roman Nums : Converter", "app_url": "https://apps.apple.com/ie/app/roman-nums-converter/id291773125?uo=4"}
error find_privacy_cards: {"id": 630520325, "name": "Autism iHelp- Same & Different", "app_url": "https://apps.apple.com/ie/app/autism-ihelp-same-different/id630520325?uo=4"}
error find_privacy_cards: {"id": 1666218492, "name": "AI Chat - TryChat - Chat Bot", "app_url": "https://apps.apple.com/ie/app/ai-chat-trychat-chat-bot/id1666218492?uo=4"}
error find_privacy_cards: {"id": 447292141, "name": "Fiddle Companion", "app_url": "https://apps.apple.com/ie/app/fiddle-companion/id447292141?uo=4"}
error find_privacy_cards: {"id": 404688479, "name": "Spelling Bus - Learn Spellings", "app_url": "https://apps.apple.com/ie/app/spelling-bus-learn-spellings/id404688479?uo=4"}
error find_privacy_cards: {"id": 309490948, "name": "Russian Essentials", "app_url": "https://apps.apple.com/ie/app/russian-essentials/id309490948?uo=4"}
error find_privacy_cards: {"id": 324473106, "name": "BridgeBasher", "app_url": "https://apps.apple.com/ie/app/bridgebasher/id324473106?uo=4"}
error find_privacy_cards: {"id": 434789689, "name": "Little Speller - Three Letter Words LITE - Free Educational Game for Kids", "app_url": "https://apps.apple.com/ie/app/little-speller-three-letter-words-lite-free-educational/id434789689?uo=4"}
error find_privacy_cards: {"id": 410696366, "name": "Divine Mercy", "app_url": "https://apps.apple.com/ie/app/divine-mercy/id410696366?uo=4"}
error find_privacy_cards: {"id": 1254831133, "name": "Chef Wars", "app_url": "https://apps.apple.com/ie/app/chef-wars/id1254831133?uo=4"}
error find_privacy_cards: {"id": 884984324, "name": "Sheet Music Scanner", "app_url": "https://apps.apple.com/ie/app/sheet-music-scanner/id884984324?uo=4"}
error find_privacy_cards: {"id": 1096626087, "name": "VoyageX | Visited Countries", "app_url": "https://apps.apple.com/ie/app/voyagex-visited-countries/id1096626087?uo=4"}
error find_privacy_cards: {"id": 512321556, "name": "Hangeul 101 - Learn Korean Alphabet", "app_url": "https://apps.apple.com/ie/app/hangeul-101-learn-korean-alphabet/id512321556?uo=4"}
error find_privacy_cards: {"id": 458349872, "name": "Mandolin Companion", "app_url": "https://apps.apple.com/ie/app/mandolin-companion/id458349872?uo=4"}
error find_privacy_cards: {"id": 985553360, "name": "PharmaQuest Medicines Quiz", "app_url": "https://apps.apple.com/ie/app/pharmaquest-medicines-quiz/id985553360?uo=4"}
error find_privacy_cards: {"id": 478806230, "name": "Farm Puzzle for Babies Free: Move Cartoon Images and Listen Sounds of Animals or Vehicles with Best Jigsaw Game and Top Fun for Kids, Toddlers and Preschool", "app_url": "https://apps.apple.com/ie/app/farm-puzzle-for-babies-free-move-cartoon-images-and/id478806230?uo=4"}
error find_privacy_cards: {"id": 716697016, "name": "Code de la route 2025", "app_url": "https://apps.apple.com/ie/app/code-de-la-route-2025/id716697016?uo=4"}
error find_privacy_cards: {"id": 508465867, "name": "Prof Brian Cox's Universe", "app_url": "https://apps.apple.com/ie/app/prof-brian-coxs-universe/id508465867?uo=4"}
error find_privacy_cards: {"id": 416432700, "name": "Dublin Walls", "app_url": "https://apps.apple.com/ie/app/dublin-walls/id416432700?uo=4"}
error find_privacy_cards: {"id": 1482752587, "name": "Learn to Read Kids Reading ABC", "app_url": "https://apps.apple.com/ie/app/learn-to-read-kids-reading-abc/id1482752587?uo=4"}
error find_privacy_cards: {"id": 484129073, "name": "RTÉ Player", "app_url": "https://apps.apple.com/ie/app/rt%C3%A9-player/id484129073?uo=4"}
error find_privacy_cards: {"id": 447065810, "name": "Sight Words | with Word Bingo", "app_url": "https://apps.apple.com/ie/app/sight-words-with-word-bingo/id447065810?uo=4"}
error find_privacy_cards: {"id": 326101033, "name": "Gloop FREE", "app_url": "https://apps.apple.com/ie/app/gloop-free/id326101033?uo=4"}
error find_privacy_cards: {"id": 431946152, "name": "Roblox", "app_url": "https://apps.apple.com/ie/app/roblox/id431946152?uo=4"}
error find_privacy_cards: {"id": 1091944550, "name": "slither.io", "app_url": "https://apps.apple.com/ie/app/slither-io/id1091944550?uo=4"}
error find_privacy_cards: {"id": 1286720016, "name": "A Cloud Guru", "app_url": "https://apps.apple.com/ie/app/a-cloud-guru/id1286720016?uo=4"}
error find_privacy_cards: {"id": 930574573, "name": "Sniper 3D: Gun Shooting Games", "app_url": "https://apps.apple.com/ie/app/sniper-3d-gun-shooting-games/id930574573?uo=4"}
error find_privacy_cards: {"id": 593909890, "name": "Magic Circus World", "app_url": "https://apps.apple.com/ie/app/magic-circus-world/id593909890?uo=4"}
error find_privacy_cards: {"id": 582486077, "name": "ElfYourself®", "app_url": "https://apps.apple.com/ie/app/elfyourself/id582486077?uo=4"}
error find_privacy_cards: {"id": 1437264119, "name": "APP Live", "app_url": "https://apps.apple.com/ie/app/app-live/id1437264119?uo=4"}
error find_privacy_cards: {"id": 962456700, "name": "ASL Kids - Sign Language", "app_url": "https://apps.apple.com/ie/app/asl-kids-sign-language/id962456700?uo=4"}
error find_privacy_cards: {"id": 1126856440, "name": "eir TV", "app_url": "https://apps.apple.com/ie/app/eir-tv/id1126856440?uo=4"}
error find_privacy_cards: {"id": 1180563424, "name": "Virgin TV Anywhere Ireland", "app_url": "https://apps.apple.com/ie/app/virgin-tv-anywhere-ireland/id1180563424?uo=4"}
error find_privacy_cards: {"id": 1130186793, "name": "LOST MAZE", "app_url": "https://apps.apple.com/ie/app/lost-maze/id1130186793?uo=4"}
error find_privacy_cards: {"id": 405862075, "name": "mood finger scan", "app_url": "https://apps.apple.com/ie/app/mood-finger-scan/id405862075?uo=4"}
error find_privacy_cards: {"id": 354902315, "name": "Zynga Poker: Texas Holdem Game", "app_url": "https://apps.apple.com/ie/app/zynga-poker-texas-holdem-game/id354902315?uo=4"}
error find_privacy_cards: {"id": 1621328561, "name": "MONOPOLY GO!", "app_url": "https://apps.apple.com/ie/app/monopoly-go/id1621328561?uo=4"}
error find_privacy_cards: {"id": 391270359, "name": "Virtual Guitar Free", "app_url": "https://apps.apple.com/ie/app/virtual-guitar-free/id391270359?uo=4"}
error find_privacy_cards: {"id": 1452526406, "name": "AMAZE!!!", "app_url": "https://apps.apple.com/ie/app/amaze/id1452526406?uo=4"}
error find_privacy_cards: {"id": 462633667, "name": "Dublin’s FM104", "app_url": "https://apps.apple.com/ie/app/dublins-fm104/id462633667?uo=4"}
error find_privacy_cards: {"id": 1145983673, "name": "Electric Picnic", "app_url": "https://apps.apple.com/ie/app/electric-picnic/id1145983673?uo=4"}
error find_privacy_cards: {"id": 307569751, "name": "NYT Games: Word, Number, Logic", "app_url": "https://apps.apple.com/ie/app/nyt-games-word-number-logic/id307569751?uo=4"}
error find_privacy_cards: {"id": 399648212, "name": "Smurfs' Village", "app_url": "https://apps.apple.com/ie/app/smurfs-village/id399648212?uo=4"}
error find_privacy_cards: {"id": 1262317210, "name": "Simply Learn Lithuanian", "app_url": "https://apps.apple.com/ie/app/simply-learn-lithuanian/id1262317210?uo=4"}
error find_privacy_cards: {"id": 418987775, "name": "TuneIn Radio: Music & Sports", "app_url": "https://apps.apple.com/ie/app/tunein-radio-music-sports/id418987775?uo=4"}
error find_privacy_cards: {"id": 1086101495, "name": "ZEDGE™ Wallpapers & Ringtones", "app_url": "https://apps.apple.com/ie/app/zedge-wallpapers-ringtones/id1086101495?uo=4"}
error find_privacy_cards: {"id": 739121032, "name": "Christmas FM", "app_url": "https://apps.apple.com/ie/app/christmas-fm/id739121032?uo=4"}
error find_privacy_cards: {"id": 495369748, "name": "Steam Mobile", "app_url": "https://apps.apple.com/ie/app/steam-mobile/id495369748?uo=4"}
error find_privacy_cards: {"id": 1333256716, "name": "Harry Potter: Hogwarts Mystery", "app_url": "https://apps.apple.com/ie/app/harry-potter-hogwarts-mystery/id1333256716?uo=4"}
error find_privacy_cards: {"id": 1045516045, "name": "Flip Diving", "app_url": "https://apps.apple.com/ie/app/flip-diving/id1045516045?uo=4"}
error find_privacy_cards: {"id": 378009553, "name": "EduCalc Classic", "app_url": "https://apps.apple.com/ie/app/educalc-classic/id378009553?uo=4"}
error find_privacy_cards: {"id": 1002915291, "name": "Humm App", "app_url": "https://apps.apple.com/ie/app/humm-app/id1002915291?uo=4"}
error find_privacy_cards: {"id": 469369175, "name": "CSR Racing", "app_url": "https://apps.apple.com/ie/app/csr-racing/id469369175?uo=4"}
error find_privacy_cards: {"id": 792412238, "name": "WordTrivia™ Friends Free - New Word Trivia Game With Crosswords", "app_url": "https://apps.apple.com/ie/app/wordtrivia-friends-free-new-word-trivia-game-with/id792412238?uo=4"}
error find_privacy_cards: {"id": 6447928709, "name": "CallAnnie: Language Learning", "app_url": "https://apps.apple.com/ie/app/callannie-language-learning/id6447928709?uo=4"}
error find_privacy_cards: {"id": 1201236438, "name": "BoyleSports Bet Tracker", "app_url": "https://apps.apple.com/ie/app/boylesports-bet-tracker/id1201236438?uo=4"}
error find_privacy_cards: {"id": 1020950184, "name": "Best Girl Skins for Minecraft", "app_url": "https://apps.apple.com/ie/app/best-girl-skins-for-minecraft/id1020950184?uo=4"}
error find_privacy_cards: {"id": 1055597441, "name": "Spot The Difference! - What's the difference? A fun puzzle game for all the family", "app_url": "https://apps.apple.com/ie/app/spot-the-difference-whats-the-difference-a-fun/id1055597441?uo=4"}
error find_privacy_cards: {"id": 1551241504, "name": "Chromecast TV Streamer.", "app_url": "https://apps.apple.com/ie/app/chromecast-tv-streamer/id1551241504?uo=4"}
error find_privacy_cards: {"id": 1643880405, "name": "Meme Challenge-Funny Card Game", "app_url": "https://apps.apple.com/ie/app/meme-challenge-funny-card-game/id1643880405?uo=4"}
error find_privacy_cards: {"id": 1602974261, "name": "Lash Salon", "app_url": "https://apps.apple.com/ie/app/lash-salon/id1602974261?uo=4"}
error find_privacy_cards: {"id": 1612460464, "name": "The President.", "app_url": "https://apps.apple.com/ie/app/the-president/id1612460464?uo=4"}
error find_privacy_cards: {"id": 1362260035, "name": "Ringtones for iPhone: Infinity", "app_url": "https://apps.apple.com/ie/app/ringtones-for-iphone-infinity/id1362260035?uo=4"}
error find_privacy_cards: {"id": 1063166978, "name": "Quidd: Digital Collectibles", "app_url": "https://apps.apple.com/ie/app/quidd-digital-collectibles/id1063166978?uo=4"}
error find_privacy_cards: {"id": 1523323143, "name": "Life Insight - AI Face Aging", "app_url": "https://apps.apple.com/ie/app/life-insight-ai-face-aging/id1523323143?uo=4"}
error find_privacy_cards: {"id": 368470785, "name": "Ghost Radar®: CLASSIC", "app_url": "https://apps.apple.com/ie/app/ghost-radar-classic/id368470785?uo=4"}
error find_privacy_cards: {"id": 592371198, "name": "iHorse Racing: horse race game", "app_url": "https://apps.apple.com/ie/app/ihorse-racing-horse-race-game/id592371198?uo=4"}
error find_privacy_cards: {"id": 1220372643, "name": "Dance Clash: Ballet vs Hip Hop", "app_url": "https://apps.apple.com/ie/app/dance-clash-ballet-vs-hip-hop/id1220372643?uo=4"}
error find_privacy_cards: {"id": 321916506, "name": "Classic Words With Friends", "app_url": "https://apps.apple.com/ie/app/classic-words-with-friends/id321916506?uo=4"}
error find_privacy_cards: {"id": 489164343, "name": "Six Nations Official", "app_url": "https://apps.apple.com/ie/app/six-nations-official/id489164343?uo=4"}
error find_privacy_cards: {"id": 493551739, "name": "Tipp FM", "app_url": "https://apps.apple.com/ie/app/tipp-fm/id493551739?uo=4"}
error find_privacy_cards: {"id": 883237617, "name": "My Emma :)", "app_url": "https://apps.apple.com/ie/app/my-emma/id883237617?uo=4"}
error find_privacy_cards: {"id": 1044456188, "name": "Patreon", "app_url": "https://apps.apple.com/ie/app/patreon/id1044456188?uo=4"}
error find_privacy_cards: {"id": 572534490, "name": "Beat the Boss 2", "app_url": "https://apps.apple.com/ie/app/beat-the-boss-2/id572534490?uo=4"}
error find_privacy_cards: {"id": 306937222, "name": "Minesweeper Classic Bomb Game", "app_url": "https://apps.apple.com/ie/app/minesweeper-classic-bomb-game/id306937222?uo=4"}
error find_privacy_cards: {"id": 478364212, "name": "Logos Quiz - Guess the logos!", "app_url": "https://apps.apple.com/ie/app/logos-quiz-guess-the-logos/id478364212?uo=4"}
error find_privacy_cards: {"id": 1447798697, "name": "My Horse Stories", "app_url": "https://apps.apple.com/ie/app/my-horse-stories/id1447798697?uo=4"}
error find_privacy_cards: {"id": 920748867, "name": "Chef Town", "app_url": "https://apps.apple.com/ie/app/chef-town/id920748867?uo=4"}
error find_privacy_cards: {"id": 602597705, "name": "Virgin Media Play", "app_url": "https://apps.apple.com/ie/app/virgin-media-play/id602597705?uo=4"}
error find_privacy_cards: {"id": 564785183, "name": "Paddy Power Bingo- Play Slingo", "app_url": "https://apps.apple.com/ie/app/paddy-power-bingo-play-slingo/id564785183?uo=4"}
error find_privacy_cards: {"id": 507865911, "name": "Animal Zoo Puzzles", "app_url": "https://apps.apple.com/ie/app/animal-zoo-puzzles/id507865911?uo=4"}
error find_privacy_cards: {"id": 307416345, "name": "Zombieville USA Lite", "app_url": "https://apps.apple.com/ie/app/zombieville-usa-lite/id307416345?uo=4"}
error find_privacy_cards: {"id": 1438083890, "name": "Companion Entertainment", "app_url": "https://apps.apple.com/ie/app/companion-entertainment/id1438083890?uo=4"}
error find_privacy_cards: {"id": 1241749722, "name": "Rotunda OBS & Neonates", "app_url": "https://apps.apple.com/ie/app/rotunda-obs-neonates/id1241749722?uo=4"}
error find_privacy_cards: {"id": 470493202, "name": "RTÉ Radio Player", "app_url": "https://apps.apple.com/ie/app/rt%C3%A9-radio-player/id470493202?uo=4"}
error find_privacy_cards: {"id": 1109295259, "name": "Pinkfong Baby Shark Phone", "app_url": "https://apps.apple.com/ie/app/pinkfong-baby-shark-phone/id1109295259?uo=4"}
error find_privacy_cards: {"id": 582654048, "name": "Sonic Dash: 3D Endless Runner", "app_url": "https://apps.apple.com/ie/app/sonic-dash-3d-endless-runner/id582654048?uo=4"}
error find_privacy_cards: {"id": 402206359, "name": "radio.net - radio and podcast", "app_url": "https://apps.apple.com/ie/app/radio-net-radio-and-podcast/id402206359?uo=4"}
error find_privacy_cards: {"id": 917776723, "name": "The King's Cup (Party Game)", "app_url": "https://apps.apple.com/ie/app/the-kings-cup-party-game/id917776723?uo=4"}
error find_privacy_cards: {"id": 496386846, "name": "Air Wings®", "app_url": "https://apps.apple.com/ie/app/air-wings/id496386846?uo=4"}
error find_privacy_cards: {"id": 399770408, "name": "Cinema Guide Ireland", "app_url": "https://apps.apple.com/ie/app/cinema-guide-ireland/id399770408?uo=4"}
error find_privacy_cards: {"id": 1110261314, "name": "Face Filters - Dog & Other Funny Face Effects", "app_url": "https://apps.apple.com/ie/app/face-filters-dog-other-funny-face-effects/id1110261314?uo=4"}
error find_privacy_cards: {"id": 1202163586, "name": "Cheerleader Champion Dance Off", "app_url": "https://apps.apple.com/ie/app/cheerleader-champion-dance-off/id1202163586?uo=4"}
error find_privacy_cards: {"id": 657363370, "name": "Big Trucks Puzzle", "app_url": "https://apps.apple.com/ie/app/big-trucks-puzzle/id657363370?uo=4"}
error find_privacy_cards: {"id": 824257097, "name": "Mobile Adventures", "app_url": "https://apps.apple.com/ie/app/mobile-adventures/id824257097?uo=4"}
error find_privacy_cards: {"id": 1658308218, "name": "Monster Demolition - Giants 3D", "app_url": "https://apps.apple.com/ie/app/monster-demolition-giants-3d/id1658308218?uo=4"}
error find_privacy_cards: {"id": 790011015, "name": "Learning Games for Kids: Animals", "app_url": "https://apps.apple.com/ie/app/learning-games-for-kids-animals/id790011015?uo=4"}
error find_privacy_cards: {"id": 429947895, "name": "Hairstyle Magic Mirror Lite", "app_url": "https://apps.apple.com/ie/app/hairstyle-magic-mirror-lite/id429947895?uo=4"}
error find_privacy_cards: {"id": 1200357146, "name": "Torque Drift", "app_url": "https://apps.apple.com/ie/app/torque-drift/id1200357146?uo=4"}
error find_privacy_cards: {"id": 330522420, "name": "Black & White Camera Free", "app_url": "https://apps.apple.com/ie/app/black-white-camera-free/id330522420?uo=4"}
error find_privacy_cards: {"id": 1410367673, "name": "Sticker Maker + Stickers", "app_url": "https://apps.apple.com/ie/app/sticker-maker-stickers/id1410367673?uo=4"}
error find_privacy_cards: {"id": 445472628, "name": "Dream Talk Recorder", "app_url": "https://apps.apple.com/ie/app/dream-talk-recorder/id445472628?uo=4"}
error find_privacy_cards: {"id": 1246969117, "name": "Steam Link", "app_url": "https://apps.apple.com/ie/app/steam-link/id1246969117?uo=4"}
error find_privacy_cards: {"id": 448999087, "name": "theCHIVE", "app_url": "https://apps.apple.com/ie/app/thechive/id448999087?uo=4"}
error find_privacy_cards: {"id": 286274367, "name": "WOLF Qanawat", "app_url": "https://apps.apple.com/ie/app/wolf-qanawat/id286274367?uo=4"}
error find_privacy_cards: {"id": 1196953001, "name": "SUPER PADS - Become a DJ Mixer", "app_url": "https://apps.apple.com/ie/app/super-pads-become-a-dj-mixer/id1196953001?uo=4"}
error find_privacy_cards: {"id": 839703707, "name": "Kill Shot", "app_url": "https://apps.apple.com/ie/app/kill-shot/id839703707?uo=4"}
error find_privacy_cards: {"id": 359315994, "name": "Slide ►", "app_url": "https://apps.apple.com/ie/app/slide/id359315994?uo=4"}
error find_privacy_cards: {"id": 474286241, "name": "WeDrum: Drums, Real Drum Kit", "app_url": "https://apps.apple.com/ie/app/wedrum-drums-real-drum-kit/id474286241?uo=4"}
error find_privacy_cards: {"id": 376520539, "name": "Crazy Photo Booth - 25 in 1 Effects", "app_url": "https://apps.apple.com/ie/app/crazy-photo-booth-25-in-1-effects/id376520539?uo=4"}
error find_privacy_cards: {"id": 535048805, "name": "Call Voice Changer - IntCall", "app_url": "https://apps.apple.com/ie/app/call-voice-changer-intcall/id535048805?uo=4"}
error find_privacy_cards: {"id": 1445695988, "name": "Star Stable Online: Horse Game", "app_url": "https://apps.apple.com/ie/app/star-stable-online-horse-game/id1445695988?uo=4"}
error find_privacy_cards: {"id": 1540061397, "name": "Bloons TD Battles 2", "app_url": "https://apps.apple.com/ie/app/bloons-td-battles-2/id1540061397?uo=4"}
error find_privacy_cards: {"id": 951627425, "name": "DRAGON BALL Z DOKKAN BATTLE", "app_url": "https://apps.apple.com/ie/app/dragon-ball-z-dokkan-battle/id951627425?uo=4"}
error find_privacy_cards: {"id": 1475253271, "name": "MCPE Addons for Minecraft PE ^", "app_url": "https://apps.apple.com/ie/app/mcpe-addons-for-minecraft-pe/id1475253271?uo=4"}
error find_privacy_cards: {"id": 1191435163, "name": "Solitaire.com: Classic Cards", "app_url": "https://apps.apple.com/ie/app/solitaire-com-classic-cards/id1191435163?uo=4"}
error find_privacy_cards: {"id": 1492122256, "name": "Universal TV Remote Control.", "app_url": "https://apps.apple.com/ie/app/universal-tv-remote-control/id1492122256?uo=4"}
error find_privacy_cards: {"id": 372780969, "name": "Bubble Popper +", "app_url": "https://apps.apple.com/ie/app/bubble-popper/id372780969?uo=4"}
error find_privacy_cards: {"id": 347415188, "name": "Sonic the Hedgehog 2 ™ Classic", "app_url": "https://apps.apple.com/ie/app/sonic-the-hedgehog-2-classic/id347415188?uo=4"}
error find_privacy_cards: {"id": 561416817, "name": "Clumsy Ninja", "app_url": "https://apps.apple.com/ie/app/clumsy-ninja/id561416817?uo=4"}
error find_privacy_cards: {"id": 563516237, "name": "Virgin Australia entertainment", "app_url": "https://apps.apple.com/ie/app/virgin-australia-entertainment/id563516237?uo=4"}
error find_privacy_cards: {"id": 1159846171, "name": "Virtual Families 3", "app_url": "https://apps.apple.com/ie/app/virtual-families-3/id1159846171?uo=4"}
error find_privacy_cards: {"id": 1129212664, "name": "Spirit Board (very scary game)", "app_url": "https://apps.apple.com/ie/app/spirit-board-very-scary-game/id1129212664?uo=4"}
error find_privacy_cards: {"id": 6446197181, "name": "Glow Fashion Idol", "app_url": "https://apps.apple.com/ie/app/glow-fashion-idol/id6446197181?uo=4"}
error find_privacy_cards: {"id": 412694725, "name": "Make A Zombie", "app_url": "https://apps.apple.com/ie/app/make-a-zombie/id412694725?uo=4"}
error find_privacy_cards: {"id": 1575203494, "name": "Judge 3D - Court Affairs", "app_url": "https://apps.apple.com/ie/app/judge-3d-court-affairs/id1575203494?uo=4"}
error find_privacy_cards: {"id": 303672735, "name": "SLOTS - Lucky Win Casino Games", "app_url": "https://apps.apple.com/ie/app/slots-lucky-win-casino-games/id303672735?uo=4"}
error find_privacy_cards: {"id": 397756644, "name": "Let's Create! Pottery HD Lite", "app_url": "https://apps.apple.com/ie/app/lets-create-pottery-hd-lite/id397756644?uo=4"}
error find_privacy_cards: {"id": 1635289326, "name": "Woodber - Classic Number Game", "app_url": "https://apps.apple.com/ie/app/woodber-classic-number-game/id1635289326?uo=4"}
error find_privacy_cards: {"id": 818669160, "name": "Doodle Jump Race", "app_url": "https://apps.apple.com/ie/app/doodle-jump-race/id818669160?uo=4"}
error find_privacy_cards: {"id": 414053537, "name": "VIP Poker - Texas Holdem", "app_url": "https://apps.apple.com/ie/app/vip-poker-texas-holdem/id414053537?uo=4"}
error find_privacy_cards: {"id": 784085951, "name": "Rubix Cube Solver & Learn", "app_url": "https://apps.apple.com/ie/app/rubix-cube-solver-learn/id784085951?uo=4"}
error find_privacy_cards: {"id": 1563408990, "name": "DOP 3: Displace One Part", "app_url": "https://apps.apple.com/ie/app/dop-3-displace-one-part/id1563408990?uo=4"}
error find_privacy_cards: {"id": 1603173408, "name": "DIY Joystick", "app_url": "https://apps.apple.com/ie/app/diy-joystick/id1603173408?uo=4"}
error find_privacy_cards: {"id": 6654917975, "name": "Bus Frenzy - Traffic Jam", "app_url": "https://apps.apple.com/ie/app/bus-frenzy-traffic-jam/id6654917975?uo=4"}
error find_privacy_cards: {"id": 338906633, "name": "Magnifying glass free", "app_url": "https://apps.apple.com/ie/app/magnifying-glass-free/id338906633?uo=4"}
error find_privacy_cards: {"id": 1147714737, "name": "123Play", "app_url": "https://apps.apple.com/ie/app/123play/id1147714737?uo=4"}
error find_privacy_cards: {"id": 467407534, "name": "Fluff Friends Rescue ™", "app_url": "https://apps.apple.com/ie/app/fluff-friends-rescue/id467407534?uo=4"}
error find_privacy_cards: {"id": 463328979, "name": "C103 Cork", "app_url": "https://apps.apple.com/ie/app/c103-cork/id463328979?uo=4"}
error find_privacy_cards: {"id": 332568551, "name": "TRUTH or DARE!!! - FREE", "app_url": "https://apps.apple.com/ie/app/truth-or-dare-free/id332568551?uo=4"}
error find_privacy_cards: {"id": 288963447, "name": "Shanghai Mahjong Lite", "app_url": "https://apps.apple.com/ie/app/shanghai-mahjong-lite/id288963447?uo=4"}
error find_privacy_cards: {"id": 1238114713, "name": "Lemmings: Puzzle Strategy", "app_url": "https://apps.apple.com/ie/app/lemmings-puzzle-strategy/id1238114713?uo=4"}
error find_privacy_cards: {"id": 1590353335, "name": "State Connect: Traffic Control", "app_url": "https://apps.apple.com/ie/app/state-connect-traffic-control/id1590353335?uo=4"}
error find_privacy_cards: {"id": 359094149, "name": "NIGHT VISION!", "app_url": "https://apps.apple.com/ie/app/night-vision/id359094149?uo=4"}
error find_privacy_cards: {"id": 1508900366, "name": "Car Master 3D", "app_url": "https://apps.apple.com/ie/app/car-master-3d/id1508900366?uo=4"}
error find_privacy_cards: {"id": 1280277415, "name": "LEGO® Friends Heartlake Rush", "app_url": "https://apps.apple.com/ie/app/lego-friends-heartlake-rush/id1280277415?uo=4"}
error find_privacy_cards: {"id": 398465290, "name": "Odnoklassniki: Социальные сети", "app_url": "https://apps.apple.com/ie/app/odnoklassniki-%D1%81%D0%BE%D1%86%D0%B8%D0%B0%D0%BB%D1%8C%D0%BD%D1%8B%D0%B5-%D1%81%D0%B5%D1%82%D0%B8/id398465290?uo=4"}
error find_privacy_cards: {"id": 1358319821, "name": "Style DNA: AI Colour Analysis", "app_url": "https://apps.apple.com/ie/app/style-dna-ai-colour-analysis/id1358319821?uo=4"}
error find_privacy_cards: {"id": 888603652, "name": "Cloud Music - Stream & Offline", "app_url": "https://apps.apple.com/ie/app/cloud-music-stream-offline/id888603652?uo=4"}
error find_privacy_cards: {"id": 1603820130, "name": "Coldplay", "app_url": "https://apps.apple.com/ie/app/coldplay/id1603820130?uo=4"}
error find_privacy_cards: {"id": 6587552527, "name": "Bus Mania - Car Parking Jam", "app_url": "https://apps.apple.com/ie/app/bus-mania-car-parking-jam/id6587552527?uo=4"}
error find_privacy_cards: {"id": 1523486249, "name": "Hot Wheels Unlimited", "app_url": "https://apps.apple.com/ie/app/hot-wheels-unlimited/id1523486249?uo=4"}
error find_privacy_cards: {"id": 916212216, "name": "Do Not Crash", "app_url": "https://apps.apple.com/ie/app/do-not-crash/id916212216?uo=4"}
error find_privacy_cards: {"id": 1016279124, "name": "360 Degree", "app_url": "https://apps.apple.com/ie/app/360-degree/id1016279124?uo=4"}
error find_privacy_cards: {"id": 1187823762, "name": "Ice Skating Ballerina", "app_url": "https://apps.apple.com/ie/app/ice-skating-ballerina/id1187823762?uo=4"}
error find_privacy_cards: {"id": 543186831, "name": "8 Ball Pool™", "app_url": "https://apps.apple.com/ie/app/8-ball-pool/id543186831?uo=4"}
error find_privacy_cards: {"id": 524086769, "name": "Traffic Panic London", "app_url": "https://apps.apple.com/ie/app/traffic-panic-london/id524086769?uo=4"}
error find_privacy_cards: {"id": 1573754839, "name": "Veo Live", "app_url": "https://apps.apple.com/ie/app/veo-live/id1573754839?uo=4"}
error find_privacy_cards: {"id": 395317832, "name": "Horse Frenzy", "app_url": "https://apps.apple.com/ie/app/horse-frenzy/id395317832?uo=4"}
error find_privacy_cards: {"id": 907119932, "name": "Unimote : smart TV remote", "app_url": "https://apps.apple.com/ie/app/unimote-smart-tv-remote/id907119932?uo=4"}
error find_privacy_cards: {"id": 763692274, "name": "Grand Theft Auto: San Andreas", "app_url": "https://apps.apple.com/ie/app/grand-theft-auto-san-andreas/id763692274?uo=4"}
error find_privacy_cards: {"id": 655504247, "name": "Clear Vision 3", "app_url": "https://apps.apple.com/ie/app/clear-vision-3/id655504247?uo=4"}
error find_privacy_cards: {"id": 720611039, "name": "Crop Video Square Editor", "app_url": "https://apps.apple.com/ie/app/crop-video-square-editor/id720611039?uo=4"}
error find_privacy_cards: {"id": 464214601, "name": "Gunship III - Combat Flight Simulator - FREE", "app_url": "https://apps.apple.com/ie/app/gunship-iii-combat-flight-simulator-free/id464214601?uo=4"}
error find_privacy_cards: {"id": 874726939, "name": "Live Football TV: Live Scores", "app_url": "https://apps.apple.com/ie/app/live-football-tv-live-scores/id874726939?uo=4"}
error find_privacy_cards: {"id": 552024276, "name": "Betfair Sports Betting", "app_url": "https://apps.apple.com/ie/app/betfair-sports-betting/id552024276?uo=4"}
error find_privacy_cards: {"id": 370544266, "name": "Walkie Talkie Standard", "app_url": "https://apps.apple.com/ie/app/walkie-talkie-standard/id370544266?uo=4"}
error find_privacy_cards: {"id": 472073867, "name": "Tiny Monsters™", "app_url": "https://apps.apple.com/ie/app/tiny-monsters/id472073867?uo=4"}
error find_privacy_cards: {"id": 770179961, "name": "MineSwing: Pocket Edition Skin", "app_url": "https://apps.apple.com/ie/app/mineswing-pocket-edition-skin/id770179961?uo=4"}
error find_privacy_cards: {"id": 1238153568, "name": "U Beats: Beat Pad. Music Maker", "app_url": "https://apps.apple.com/ie/app/u-beats-beat-pad-music-maker/id1238153568?uo=4"}
error find_privacy_cards: {"id": 1529332093, "name": "HBO Max FYC", "app_url": "https://apps.apple.com/ie/app/hbo-max-fyc/id1529332093?uo=4"}
error find_privacy_cards: {"id": 834246564, "name": "Hairy Face Makeover Salon", "app_url": "https://apps.apple.com/ie/app/hairy-face-makeover-salon/id834246564?uo=4"}
error find_privacy_cards: {"id": 401820288, "name": "HD Wallpapers Backgrounds", "app_url": "https://apps.apple.com/ie/app/hd-wallpapers-backgrounds/id401820288?uo=4"}
error find_privacy_cards: {"id": 1056995900, "name": "SloMo Slow Motion Video Editor", "app_url": "https://apps.apple.com/ie/app/slomo-slow-motion-video-editor/id1056995900?uo=4"}
error find_privacy_cards: {"id": 431688122, "name": "Siege Hero", "app_url": "https://apps.apple.com/ie/app/siege-hero/id431688122?uo=4"}
error find_privacy_cards: {"id": 1300091337, "name": "Dance School Stories", "app_url": "https://apps.apple.com/ie/app/dance-school-stories/id1300091337?uo=4"}
error find_privacy_cards: {"id": 1616630362, "name": "Lunch Box Ready", "app_url": "https://apps.apple.com/ie/app/lunch-box-ready/id1616630362?uo=4"}
error find_privacy_cards: {"id": 1109290364, "name": "TV-Guide Ireland • TV Listings (IE)", "app_url": "https://apps.apple.com/ie/app/tv-guide-ireland-tv-listings-ie/id1109290364?uo=4"}
error find_privacy_cards: {"id": 329506639, "name": "iSpy Cameras", "app_url": "https://apps.apple.com/ie/app/ispy-cameras/id329506639?uo=4"}
error find_privacy_cards: {"id": 1587664214, "name": "DIY Keyboard 3D", "app_url": "https://apps.apple.com/ie/app/diy-keyboard-3d/id1587664214?uo=4"}
error find_privacy_cards: {"id": 1447312762, "name": "Music Downloader / MP3 Player", "app_url": "https://apps.apple.com/ie/app/music-downloader-mp3-player/id1447312762?uo=4"}
error find_privacy_cards: {"id": 552812663, "name": "Football Players Quiz", "app_url": "https://apps.apple.com/ie/app/football-players-quiz/id552812663?uo=4"}
error find_privacy_cards: {"id": 1394016946, "name": "Wall Kickers", "app_url": "https://apps.apple.com/ie/app/wall-kickers/id1394016946?uo=4"}
error find_privacy_cards: {"id": 315733642, "name": "Sally's Spa: Beauty Salon Game", "app_url": "https://apps.apple.com/ie/app/sallys-spa-beauty-salon-game/id315733642?uo=4"}
error find_privacy_cards: {"id": 474735401, "name": "Player.pl", "app_url": "https://apps.apple.com/ie/app/player-pl/id474735401?uo=4"}
error find_privacy_cards: {"id": 350765814, "name": "Labyrinth 2 Lite", "app_url": "https://apps.apple.com/ie/app/labyrinth-2-lite/id350765814?uo=4"}
error find_privacy_cards: {"id": 458954029, "name": "Stickman Swing", "app_url": "https://apps.apple.com/ie/app/stickman-swing/id458954029?uo=4"}
error find_privacy_cards: {"id": 334876990, "name": "GUCCI", "app_url": "https://apps.apple.com/ie/app/gucci/id334876990?uo=4"}
error find_privacy_cards: {"id": 1162166958, "name": "Escape Room2:like Rooms & Doors", "app_url": "https://apps.apple.com/ie/app/escape-room2-like-rooms-doors/id1162166958?uo=4"}
error find_privacy_cards: {"id": 408188960, "name": "Sudoku ′", "app_url": "https://apps.apple.com/ie/app/sudoku/id408188960?uo=4"}
error find_privacy_cards: {"id": 6459478478, "name": "Paper Delivery Boy", "app_url": "https://apps.apple.com/ie/app/paper-delivery-boy/id6459478478?uo=4"}
error find_privacy_cards: {"id": 1529310183, "name": "Idle Ants - Simulator Game", "app_url": "https://apps.apple.com/ie/app/idle-ants-simulator-game/id1529310183?uo=4"}
error find_privacy_cards: {"id": 1042987645, "name": "Face Swap Live", "app_url": "https://apps.apple.com/ie/app/face-swap-live/id1042987645?uo=4"}
error find_privacy_cards: {"id": 1521753778, "name": "Draw The Road 3D!", "app_url": "https://apps.apple.com/ie/app/draw-the-road-3d/id1521753778?uo=4"}
error find_privacy_cards: {"id": 340739833, "name": "StickBo", "app_url": "https://apps.apple.com/ie/app/stickbo/id340739833?uo=4"}
error find_privacy_cards: {"id": 1194749500, "name": "WOW Presents Plus", "app_url": "https://apps.apple.com/ie/app/wow-presents-plus/id1194749500?uo=4"}
error find_privacy_cards: {"id": 553852137, "name": "Storm the Train", "app_url": "https://apps.apple.com/ie/app/storm-the-train/id553852137?uo=4"}
error find_privacy_cards: {"id": 1061907653, "name": "Pretty Ballerina Dancer", "app_url": "https://apps.apple.com/ie/app/pretty-ballerina-dancer/id1061907653?uo=4"}
error find_privacy_cards: {"id": 6446140658, "name": "Super Slime - Black Hole Game", "app_url": "https://apps.apple.com/ie/app/super-slime-black-hole-game/id6446140658?uo=4"}
error find_privacy_cards: {"id": 632616854, "name": "YTD Video Player", "app_url": "https://apps.apple.com/ie/app/ytd-video-player/id632616854?uo=4"}
error find_privacy_cards: {"id": 6444277853, "name": "Funny Prank Sounds Video Calls", "app_url": "https://apps.apple.com/ie/app/funny-prank-sounds-video-calls/id6444277853?uo=4"}
error find_privacy_cards: {"id": 1443124993, "name": "Fluid Simulation", "app_url": "https://apps.apple.com/ie/app/fluid-simulation/id1443124993?uo=4"}
error find_privacy_cards: {"id": 1455420370, "name": "RL Garage for Rocket League", "app_url": "https://apps.apple.com/ie/app/rl-garage-for-rocket-league/id1455420370?uo=4"}
error find_privacy_cards: {"id": 1146398155, "name": "My Teacher's Crazy Day", "app_url": "https://apps.apple.com/ie/app/my-teachers-crazy-day/id1146398155?uo=4"}
error find_privacy_cards: {"id": 1080816579, "name": "Animation Throwdown: CCG", "app_url": "https://apps.apple.com/ie/app/animation-throwdown-ccg/id1080816579?uo=4"}
error find_privacy_cards: {"id": 386456392, "name": "iFighter 1945", "app_url": "https://apps.apple.com/ie/app/ifighter-1945/id386456392?uo=4"}
error find_privacy_cards: {"id": 1658965410, "name": "Drawing Carnival", "app_url": "https://apps.apple.com/ie/app/drawing-carnival/id1658965410?uo=4"}
error find_privacy_cards: {"id": 698054232, "name": "Chatous - Chat with new people", "app_url": "https://apps.apple.com/ie/app/chatous-chat-with-new-people/id698054232?uo=4"}
error find_privacy_cards: {"id": 1136204874, "name": "Off-road Bus Driving Simulator", "app_url": "https://apps.apple.com/ie/app/off-road-bus-driving-simulator/id1136204874?uo=4"}
error find_privacy_cards: {"id": 327455869, "name": "2024 US Open Tennis", "app_url": "https://apps.apple.com/ie/app/2024-us-open-tennis/id327455869?uo=4"}
error find_privacy_cards: {"id": 437166571, "name": "Brain Teasers Fun Games Trivia", "app_url": "https://apps.apple.com/ie/app/brain-teasers-fun-games-trivia/id437166571?uo=4"}
error find_privacy_cards: {"id": 391968627, "name": "Air France - Book a flight", "app_url": "https://apps.apple.com/ie/app/air-france-book-a-flight/id391968627?uo=4"}
error find_privacy_cards: {"id": 402016391, "name": "Christmas Tale HD", "app_url": "https://apps.apple.com/ie/app/christmas-tale-hd/id402016391?uo=4"}
error find_privacy_cards: {"id": 6498713494, "name": "My Drama: Watch shorts movies", "app_url": "https://apps.apple.com/ie/app/my-drama-watch-shorts-movies/id6498713494?uo=4"}
error find_privacy_cards: {"id": 442147029, "name": "Jokes! LOL Best Funny Jokes!", "app_url": "https://apps.apple.com/ie/app/jokes-lol-best-funny-jokes/id442147029?uo=4"}
error find_privacy_cards: {"id": 843253960, "name": "Font Changer : Fancy Keyboard", "app_url": "https://apps.apple.com/ie/app/font-changer-fancy-keyboard/id843253960?uo=4"}
error find_privacy_cards: {"id": 455004730, "name": "Marriott Bonvoy", "app_url": "https://apps.apple.com/ie/app/marriott-bonvoy/id455004730?uo=4"}
error find_privacy_cards: {"id": 584606479, "name": "QuickBooks Small Business", "app_url": "https://apps.apple.com/ie/app/quickbooks-small-business/id584606479?uo=4"}
error find_privacy_cards: {"id": 657843853, "name": "Kiwi.com - Book Cheap Flights", "app_url": "https://apps.apple.com/ie/app/kiwi-com-book-cheap-flights/id657843853?uo=4"}
error find_privacy_cards: {"id": 1071250555, "name": "Parking Mania 2", "app_url": "https://apps.apple.com/ie/app/parking-mania-2/id1071250555?uo=4"}
error find_privacy_cards: {"id": 1539408727, "name": "Phone Case DIY", "app_url": "https://apps.apple.com/ie/app/phone-case-diy/id1539408727?uo=4"}
error find_privacy_cards: {"id": 440676901, "name": "Agoda: Cheap Flights & Hotels", "app_url": "https://apps.apple.com/ie/app/agoda-cheap-flights-hotels/id440676901?uo=4"}
error find_privacy_cards: {"id": 1387462487, "name": "FUT 19 Draft Simulator", "app_url": "https://apps.apple.com/ie/app/fut-19-draft-simulator/id1387462487?uo=4"}
error find_privacy_cards: {"id": 966233845, "name": "PRINTASTIC Photo Books, Prints", "app_url": "https://apps.apple.com/ie/app/printastic-photo-books-prints/id966233845?uo=4"}
error find_privacy_cards: {"id": 1246820069, "name": "Barbie™ Fashion Closet", "app_url": "https://apps.apple.com/ie/app/barbie-fashion-closet/id1246820069?uo=4"}
error find_privacy_cards: {"id": 352308329, "name": "Zip File Viewer", "app_url": "https://apps.apple.com/ie/app/zip-file-viewer/id352308329?uo=4"}
error find_privacy_cards: {"id": 1542336300, "name": "Diamond Painting ASMR Coloring", "app_url": "https://apps.apple.com/ie/app/diamond-painting-asmr-coloring/id1542336300?uo=4"}
error find_privacy_cards: {"id": 1033598731, "name": "Inkitt: Books, Novels, Stories", "app_url": "https://apps.apple.com/ie/app/inkitt-books-novels-stories/id1033598731?uo=4"}
error find_privacy_cards: {"id": 547966383, "name": "Learn French Phrases & Words", "app_url": "https://apps.apple.com/ie/app/learn-french-phrases-words/id547966383?uo=4"}
error find_privacy_cards: {"id": 291877741, "name": "Holy Bible", "app_url": "https://apps.apple.com/ie/app/holy-bible/id291877741?uo=4"}
error find_privacy_cards: {"id": 1442324065, "name": "Ziffit.com - Ireland", "app_url": "https://apps.apple.com/ie/app/ziffit-com-ireland/id1442324065?uo=4"}
error find_privacy_cards: {"id": 1592065419, "name": "Sandwich Runner", "app_url": "https://apps.apple.com/ie/app/sandwich-runner/id1592065419?uo=4"}
error find_privacy_cards: {"id": 583348801, "name": "Wizz Air - Book Flights", "app_url": "https://apps.apple.com/ie/app/wizz-air-book-flights/id583348801?uo=4"}
error find_privacy_cards: {"id": 635150066, "name": "Hilton Honors: Book Hotels", "app_url": "https://apps.apple.com/ie/app/hilton-honors-book-hotels/id635150066?uo=4"}
error find_privacy_cards: {"id": 1283414961, "name": "Turkish Airlines: Book Flights", "app_url": "https://apps.apple.com/ie/app/turkish-airlines-book-flights/id1283414961?uo=4"}
error find_privacy_cards: {"id": 938243056, "name": "Top Sticker Maker - WaSticker", "app_url": "https://apps.apple.com/ie/app/top-sticker-maker-wasticker/id938243056?uo=4"}
error find_privacy_cards: {"id": 1640988416, "name": "DIY Paper Doll", "app_url": "https://apps.apple.com/ie/app/diy-paper-doll/id1640988416?uo=4"}
error find_privacy_cards: {"id": 398906751, "name": "Halloween Voice Transformer", "app_url": "https://apps.apple.com/ie/app/halloween-voice-transformer/id398906751?uo=4"}
error find_privacy_cards: {"id": 1217456898, "name": "Tasty: Recipes, Cooking Videos", "app_url": "https://apps.apple.com/ie/app/tasty-recipes-cooking-videos/id1217456898?uo=4"}
error find_privacy_cards: {"id": 516140765, "name": "Skin Stealer Pro for Minecraft", "app_url": "https://apps.apple.com/ie/app/skin-stealer-pro-for-minecraft/id516140765?uo=4"}
error find_privacy_cards: {"id": 950551948, "name": "Reverse Video: Reverser", "app_url": "https://apps.apple.com/ie/app/reverse-video-reverser/id950551948?uo=4"}
error find_privacy_cards: {"id": 1136343771, "name": "Marvel: Color Your Own", "app_url": "https://apps.apple.com/ie/app/marvel-color-your-own/id1136343771?uo=4"}
error find_privacy_cards: {"id": 1234094465, "name": "Love Tester - Crush Test Quiz", "app_url": "https://apps.apple.com/ie/app/love-tester-crush-test-quiz/id1234094465?uo=4"}
error find_privacy_cards: {"id": 389359495, "name": "Bookshelf", "app_url": "https://apps.apple.com/ie/app/bookshelf/id389359495?uo=4"}
error find_privacy_cards: {"id": 918037679, "name": "Bloons Monkey City", "app_url": "https://apps.apple.com/ie/app/bloons-monkey-city/id918037679?uo=4"}
error find_privacy_cards: {"id": 435874074, "name": "Beauty Secrets, Tips For Women", "app_url": "https://apps.apple.com/ie/app/beauty-secrets-tips-for-women/id435874074?uo=4"}
error find_privacy_cards: {"id": 418671865, "name": "What's My Age? Magic", "app_url": "https://apps.apple.com/ie/app/whats-my-age-magic/id418671865?uo=4"}
error find_privacy_cards: {"id": 1063895676, "name": "Glór Tíre", "app_url": "https://apps.apple.com/ie/app/gl%C3%B3r-t%C3%ADre/id1063895676?uo=4"}
error find_privacy_cards: {"id": 1540937835, "name": "Touchgrind Scooter", "app_url": "https://apps.apple.com/ie/app/touchgrind-scooter/id1540937835?uo=4"}
error find_privacy_cards: {"id": 364918873, "name": "Fish Farm", "app_url": "https://apps.apple.com/ie/app/fish-farm/id364918873?uo=4"}
error find_privacy_cards: {"id": 542123685, "name": "Cinderella Fairy Tale HD", "app_url": "https://apps.apple.com/ie/app/cinderella-fairy-tale-hd/id542123685?uo=4"}
error find_privacy_cards: {"id": 1516946830, "name": "IPTV - Watch TV Online", "app_url": "https://apps.apple.com/ie/app/iptv-watch-tv-online/id1516946830?uo=4"}
error find_privacy_cards: {"id": 1188649416, "name": "Truth or Dare - Naughty Date", "app_url": "https://apps.apple.com/ie/app/truth-or-dare-naughty-date/id1188649416?uo=4"}
error find_privacy_cards: {"id": 445294093, "name": "Friend Locator", "app_url": "https://apps.apple.com/ie/app/friend-locator/id445294093?uo=4"}
error find_privacy_cards: {"id": 406151259, "name": "Brussels", "app_url": "https://apps.apple.com/ie/app/brussels/id406151259?uo=4"}
error find_privacy_cards: {"id": 369660883, "name": "Geneva Map and Walks", "app_url": "https://apps.apple.com/ie/app/geneva-map-and-walks/id369660883?uo=4"}
error find_privacy_cards: {"id": 1083898199, "name": "GPS Sniper", "app_url": "https://apps.apple.com/ie/app/gps-sniper/id1083898199?uo=4"}
error find_privacy_cards: {"id": 327740080, "name": "Spin-a-Wind", "app_url": "https://apps.apple.com/ie/app/spin-a-wind/id327740080?uo=4"}
error find_privacy_cards: {"id": 369660883, "name": "Geneva Map and Walks", "app_url": "https://apps.apple.com/ie/app/geneva-map-and-walks/id369660883?uo=4"}
error find_privacy_cards: {"id": 399390227, "name": "New York Travel Guide and Maps", "app_url": "https://apps.apple.com/ie/app/new-york-travel-guide-and-maps/id399390227?uo=4"}
error find_privacy_cards: {"id": 1576229766, "name": "Teleport", "app_url": "https://apps.apple.com/ie/app/teleport/id1576229766?uo=4"}
error find_privacy_cards: {"id": 1488349532, "name": "Satelise Portugal", "app_url": "https://apps.apple.com/ie/app/satelise-portugal/id1488349532?uo=4"}
error find_privacy_cards: {"id": 1132274579, "name": "Investor's Business Daily", "app_url": "https://apps.apple.com/ie/app/investors-business-daily/id1132274579?uo=4"}
error find_privacy_cards: {"id": 910511602, "name": "Allegro Lokalnie", "app_url": "https://apps.apple.com/ie/app/allegro-lokalnie/id910511602?uo=4"}
error find_privacy_cards: {"id": 6444090484, "name": "Network Tools Pro", "app_url": "https://apps.apple.com/ie/app/network-tools-pro/id6444090484?uo=4"}
error find_privacy_cards: {"id": 1510445899, "name": "Meeter for Zoom, Teams & Co", "app_url": "https://apps.apple.com/ie/app/meeter-for-zoom-teams-co/id1510445899?uo=4"}
error find_privacy_cards: {"id": 1629156398, "name": "App Icon Themer", "app_url": "https://apps.apple.com/ie/app/app-icon-themer/id1629156398?uo=4"}
error find_privacy_cards: {"id": 498833085, "name": "DW - Breaking World News", "app_url": "https://apps.apple.com/ie/app/dw-breaking-world-news/id498833085?uo=4"}
error find_privacy_cards: {"id": 6443696943, "name": "Mockup Screenshot", "app_url": "https://apps.apple.com/ie/app/mockup-screenshot/id6443696943?uo=4"}
error find_privacy_cards: {"id": 1030022183, "name": "WiFi Guard - Scan devices know who use your Wi-Fi to protect your network from intruders", "app_url": "https://apps.apple.com/ie/app/wifi-guard-scan-devices-know-who-use-your-wi-fi-to/id1030022183?uo=4"}
error find_privacy_cards: {"id": 738375053, "name": "Barcode Scanner,QR Code Reader", "app_url": "https://apps.apple.com/ie/app/barcode-scanner-qr-code-reader/id738375053?uo=4"}
error find_privacy_cards: {"id": 302341144, "name": "Defender Soft Token", "app_url": "https://apps.apple.com/ie/app/defender-soft-token/id302341144?uo=4"}
error find_privacy_cards: {"id": 1509721720, "name": "DARB", "app_url": "https://apps.apple.com/ie/app/darb/id1509721720?uo=4"}
error find_privacy_cards: {"id": 777976077, "name": "Roof Pitch Factor", "app_url": "https://apps.apple.com/ie/app/roof-pitch-factor/id777976077?uo=4"}
error find_privacy_cards: {"id": 907465210, "name": "Dorothy Perkins Card", "app_url": "https://apps.apple.com/ie/app/dorothy-perkins-card/id907465210?uo=4"}
error find_privacy_cards: {"id": 464252984, "name": "Irish Names", "app_url": "https://apps.apple.com/ie/app/irish-names/id464252984?uo=4"}
error find_privacy_cards: {"id": 1437287799, "name": "Anime & Live Wallpaper 4K", "app_url": "https://apps.apple.com/ie/app/anime-live-wallpaper-4k/id1437287799?uo=4"}
error find_privacy_cards: {"id": 1403309262, "name": "littlelf smart", "app_url": "https://apps.apple.com/ie/app/littlelf-smart/id1403309262?uo=4"}
error find_privacy_cards: {"id": 304220730, "name": "ePrint Free", "app_url": "https://apps.apple.com/ie/app/eprint-free/id304220730?uo=4"}
error find_privacy_cards: {"id": 1585103929, "name": "BananaBucks - Surveys for Cash", "app_url": "https://apps.apple.com/ie/app/bananabucks-surveys-for-cash/id1585103929?uo=4"}
error find_privacy_cards: {"id": 1520484656, "name": "Mad Babble - Guess The Word", "app_url": "https://apps.apple.com/ie/app/mad-babble-guess-the-word/id1520484656?uo=4"}
