404: error find_privacy_cards: {"id": 1459060802, "name": "Low Polar - Instant Photo", "app_url": "https://apps.apple.com/ie/app/low-polar-instant-photo/id1459060802?uo=4"}
404: error find_privacy_cards: {"id": 6504557105, "name": "Dordogne", "app_url": "https://apps.apple.com/ie/app/dordogne/id6504557105?uo=4"}
404: error find_privacy_cards: {"id": 1319353303, "name": "Maunika's Indian Recipes", "app_url": "https://apps.apple.com/ie/app/maunikas-indian-recipes/id1319353303?uo=4"}
404: error find_privacy_cards: {"id": 1498751007, "name": "Stick Warriors - God Infinity", "app_url": "https://apps.apple.com/ie/app/stick-warriors-god-infinity/id1498751007?uo=4"}
404: error find_privacy_cards: {"id": 6445814200, "name": "Aqwitty, Subscription metrics", "app_url": "https://apps.apple.com/ie/app/aqwitty-subscription-metrics/id6445814200?uo=4"}
404: error find_privacy_cards: {"id": 971153474, "name": "contentDock® Viewer", "app_url": "https://apps.apple.com/ie/app/contentdock-viewer/id971153474?uo=4"}
404: error find_privacy_cards: {"id": 6737360010, "name": "Stake Pass", "app_url": "https://apps.apple.com/ie/app/stake-pass/id6737360010?uo=4"}
404: error find_privacy_cards: {"id": 1507754534, "name": "Stick Destruction", "app_url": "https://apps.apple.com/ie/app/stick-destruction/id1507754534?uo=4"}
404: error find_privacy_cards: {"id": 868029827, "name": "Police Chase Racing - Fast Car Cops Race Simulator", "app_url": "https://apps.apple.com/ie/app/police-chase-racing-fast-car-cops-race-simulator/id868029827?uo=4"}
404: error find_privacy_cards: {"id": 1336431902, "name": "Caoga caoga - Learn Irish", "app_url": "https://apps.apple.com/ie/app/caoga-caoga-learn-irish/id1336431902?uo=4"}
404: error find_privacy_cards: {"id": 881412689, "name": "Gemcrafter: Puzzle Journey", "app_url": "https://apps.apple.com/ie/app/gemcrafter-puzzle-journey/id881412689?uo=4"}
404: error find_privacy_cards: {"id": 527722796, "name": "Word Burst Typing Game", "app_url": "https://apps.apple.com/ie/app/word-burst-typing-game/id527722796?uo=4"}
404: error find_privacy_cards: {"id": 1473054292, "name": "Dance Now: Step by Step", "app_url": "https://apps.apple.com/ie/app/dance-now-step-by-step/id1473054292?uo=4"}
404: error find_privacy_cards: {"id": 849567896, "name": "Eyebrow Plucking Makeover Spa", "app_url": "https://apps.apple.com/ie/app/eyebrow-plucking-makeover-spa/id849567896?uo=4"}
404: error find_privacy_cards: {"id": 454607051, "name": "Zulily", "app_url": "https://apps.apple.com/ie/app/zulily/id454607051?uo=4"}
404: error find_privacy_cards: {"id": 556526814, "name": "Tap the Frog 2", "app_url": "https://apps.apple.com/ie/app/tap-the-frog-2/id556526814?uo=4"}
404: error find_privacy_cards: {"id": 717203910, "name": "Dublin Airport (DUB) + Radar", "app_url": "https://apps.apple.com/ie/app/dublin-airport-dub-radar/id717203910?uo=4"}
404: error find_privacy_cards: {"id": 1511296102, "name": "cl-repl", "app_url": "https://apps.apple.com/ie/app/cl-repl/id1511296102?uo=4"}
404: error find_privacy_cards: {"id": 623199514, "name": "Phorest Go", "app_url": "https://apps.apple.com/ie/app/phorest-go/id623199514?uo=4"}
404: error find_privacy_cards: {"id": 451478251, "name": "Pooleys iPlates", "app_url": "https://apps.apple.com/ie/app/pooleys-iplates/id451478251?uo=4"}
