2025-03-23 16:25:09,089 - ERROR - {"id": "583344658", "privacy_url": "http://paleodietmom.com/"}
2025-03-23 16:26:22,929 - ERROR - {"id": "286027047", "privacy_url": "http://www.pegjump.com/"}
2025-03-23 16:26:57,465 - ERROR - {"id": "1347830639", "privacy_url": "http://robotmafiagames.co.uk/privacy-policy"}
2025-03-23 16:27:03,455 - ERROR - {"id": "1023269035", "privacy_url": "http://beforeafter.katalislabs.com/privacy-policy"}
2025-03-23 16:27:20,995 - ERROR - {"id": "587101292", "privacy_url": "https://www.jpimedia.co.uk/privacy-policy/"}
2025-03-23 16:27:21,123 - ERROR - {"id": "587125722", "privacy_url": "https://www.jpimedia.co.uk/privacy-policy/"}
2025-03-23 16:27:23,402 - ERROR - {"id": "587143108", "privacy_url": "https://www.jpimedia.co.uk/privacy-policy/"}
2025-03-23 16:27:37,077 - ERROR - {"id": "1024071947", "privacy_url": "http://adultcoloringbookapps.com/ppolicy.html"}
2025-03-23 16:27:38,907 - ERROR - {"id": "587402728", "privacy_url": "http://mobile.playbubbleblitz.com/privacy"}
2025-03-23 16:27:50,609 - ERROR - {"id": "587547471", "privacy_url": "https://web1.vegasworld.com/vg/linkpage.jsp?page=privacy&env=home&locale=en"}
2025-03-23 16:28:16,970 - ERROR - {"id": "1025088190", "privacy_url": "http://www.smileandlearn.net/en/privacy-policy/"}
2025-03-23 16:29:51,849 - ERROR - {"id": "1353255662", "privacy_url": "http://www.seyeonsoft.kr/notice/?uid=2&mod=document&pageid=1"}
2025-03-23 16:29:55,435 - ERROR - {"id": "587794258", "privacy_url": "https://www.sonyliv.com/privacy-policy"}
2025-03-23 16:31:54,425 - ERROR - {"id": "300670609", "privacy_url": "https://policy-portal.truste.com/core/privacy-policy/Super-Squawk-Software-LLC/c47d7769-ece5-42fe-9b4f-6f1437576637"}
2025-03-23 16:31:55,464 - ERROR - {"id": "587809169", "privacy_url": "https://www.tmsoft.com/about/privacy/"}
2025-03-23 16:32:07,962 - ERROR - {"id": "300773390", "privacy_url": "http://www.mh2.jp/privacypolicy.html"}
2025-03-23 16:32:22,544 - ERROR - {"id": "1534720807", "privacy_url": "http://widgetmeapp.com/privacy-policy.html"}
2025-03-23 16:33:32,318 - ERROR - {"id": "1032660603", "privacy_url": "http://www.dadacompany.com/politica-de-privacidad/"}
2025-03-23 16:33:43,381 - ERROR - {"id": "303477857", "privacy_url": "https://whattowear.app/privacy.html"}
2025-03-23 16:34:06,751 - ERROR - {"id": "589407762", "privacy_url": "https://tiger-ark.igsplay.com/static/PrivacyPolicy_en.html"}
2025-03-23 16:34:25,377 - ERROR - {"id": "590021166", "privacy_url": "http://www.rodemic.com/privacypolicy"}
2025-03-23 16:35:02,275 - ERROR - {"id": "1535392445", "privacy_url": "http://www.lisfee.com/privacy-policy.html"}
2025-03-23 16:35:51,187 - ERROR - {"id": "307749752", "privacy_url": "http://www.nanobit.co/privacy-policy"}
2025-03-23 16:36:29,233 - ERROR - {"id": "1535740889", "privacy_url": "https://www.jointheunicorn.com/privacy/"}
2025-03-23 16:38:09,723 - ERROR - {"id": "1035361157", "privacy_url": "https://www.alpytechnologies.com/privacy/openmaps/"}
2025-03-23 16:38:10,155 - ERROR - {"id": "311941991", "privacy_url": "http://support.cyanworlds.com/kb/articles/ios-myst-privacy-policy"}
2025-03-23 16:38:42,756 - ERROR - {"id": "593476960", "privacy_url": "https://kfappsrv.paci.gov.kw/kuwaitfinder/server/copyrights/?language=en"}
2025-03-23 16:39:00,881 - ERROR - {"id": "1036898971", "privacy_url": "http://privacy.getrocketbook.com/"}
2025-03-23 16:39:07,315 - ERROR - {"id": "1366109296", "privacy_url": "https://ketorecipe.app/privacy-policy"}
2025-03-23 16:39:48,308 - ERROR - {"id": "1536785086", "privacy_url": "https://www.ballinasloecreditunion.com/wp-content/uploads/2019/12/privacy-notice-approved-20191127Helen.docx"}
2025-03-23 16:40:24,345 - ERROR - {"id": "1537062634", "privacy_url": "http://docs.sgcib.com/Content/Resource/Key/SGM_LEGAL_NOTICE_SG_PRIVACY_SEC_GUIDELINES"}
2025-03-23 16:40:51,777 - ERROR - {"id": "595281986", "privacy_url": "http://www.yogadaily.in/"}
2025-03-23 16:41:14,863 - ERROR - {"id": "317389691", "privacy_url": "http://www.2xlgames.com/privacy-policy"}
2025-03-23 16:41:16,754 - ERROR - {"id": "317547865", "privacy_url": "http://static.digitalmondadori.fr/kiosques/CGU-Mondadori.html"}
2025-03-23 16:41:31,431 - ERROR - {"id": "595771155", "privacy_url": "http://radioglobo.globoradio.globo.com/termo-de-uso/TERMO-DE-USO.htm"}
2025-03-23 16:43:03,411 - ERROR - {"id": "1039176847", "privacy_url": "http://www.doublelucknudge.com/privacy"}
2025-03-23 16:44:06,232 - ERROR - {"id": "599973738", "privacy_url": "http://www.nanobit.co/privacy-policy"}
2025-03-23 16:44:55,512 - ERROR - {"id": "1538273829", "privacy_url": "https://www.epostechnologies.co.uk/privacy-policy-of-epos-technologies-limited/"}
2025-03-23 16:45:11,606 - ERROR - {"id": "601872121", "privacy_url": "http://taqnia.io/privacy-policy"}
2025-03-23 16:45:13,073 - ERROR - {"id": "324256792", "privacy_url": "http://www.am-mobile.rf.gd/ios_anatomy_quiz_privacy_policy.html?i=1"}
2025-03-23 16:45:22,509 - ERROR - {"id": "601942399", "privacy_url": "http://beowu-fye.com/"}
2025-03-23 16:45:47,395 - ERROR - {"id": "325184355", "privacy_url": "http://static.digitalmondadori.fr/kiosques/CGU-Mondadori.html"}
2025-03-23 16:46:55,551 - ERROR - {"id": "1538288955", "privacy_url": "https://say.games/privacy-policy"}
2025-03-23 16:47:19,216 - ERROR - {"id": "1042610682", "privacy_url": "http://rainalarmn.avilessoftware.com/privacy_policy_flying_calmly.pdf"}
2025-03-23 16:47:46,612 - ERROR - {"id": "328175747", "privacy_url": "https://bcr.shape.ag/m/privacy-policy"}
2025-03-23 16:48:19,669 - ERROR - {"id": "329686864", "privacy_url": "http://www.versaedge.com/privacy/"}
2025-03-23 16:48:33,928 - ERROR - {"id": "608126586", "privacy_url": "http://happybytesapps.com/privacy.php"}
2025-03-23 16:48:55,607 - ERROR - {"id": "1538299818", "privacy_url": "https://www.vandaleak.com/privacy-policy/"}
2025-03-23 16:48:59,930 - ERROR - {"id": "608752346", "privacy_url": "http://new.outburstapp.com/privacy"}
2025-03-23 16:49:40,566 - ERROR - {"id": "1382941879", "privacy_url": "https://dasa.com.br/portal-de-privacidade"}
2025-03-23 16:50:19,419 - ERROR - {"id": "1046796140", "privacy_url": "http://www.nanobit.co/privacy-policy"}
2025-03-23 16:50:55,866 - ERROR - {"id": "1538327313", "privacy_url": "https://lobby.game/privacy/en"}
2025-03-23 16:51:02,384 - ERROR - {"id": "1385061372", "privacy_url": "https://www.shopt.co.uk/support"}
2025-03-23 16:51:53,444 - ERROR - {"id": "1386620073", "privacy_url": "http://pinsotech.com/Privacy_Policy.html"}
2025-03-23 16:52:29,028 - ERROR - {"id": "1387872759", "privacy_url": "https://hoo.com/"}
2025-03-23 16:52:38,008 - ERROR - {"id": "1049206914", "privacy_url": "http://www.radiotodaybd.fm/"}
2025-03-23 16:52:47,837 - ERROR - {"id": "1388750151", "privacy_url": "https://woshimihtml.mvoicer.com/terms/4.html"}
2025-03-23 16:52:55,882 - ERROR - {"id": "1538331228", "privacy_url": "https://www.ubeya.com/privacy/app-terms-iphone"}
2025-03-23 16:53:10,180 - ERROR - {"id": "1049685933", "privacy_url": "http://androidiosstore.com/"}
2025-03-23 16:53:26,933 - ERROR - {"id": "1538477898", "privacy_url": "https://sportsbook.draftkings.ie/privacy-policy/"}
2025-03-23 16:54:28,950 - ERROR - {"id": "1391129545", "privacy_url": "https://cloud.wedding.wedsly.com/planner-app-terms"}
2025-03-23 16:54:36,538 - ERROR - {"id": "1538911911", "privacy_url": "http://ww7.dhtstudio.com/privacy-policy?usid=24&utid=11154653606"}
2025-03-23 16:54:55,372 - ERROR - {"id": "1539017013", "privacy_url": "http://ss074204.stars.ne.jp/traceart/traceart_privacy_policy.html"}
2025-03-23 16:55:01,781 - ERROR - {"id": "1051660850", "privacy_url": "http://www.flyingbeee.com/"}
2025-03-23 16:55:55,004 - ERROR - {"id": "1052612941", "privacy_url": "https://lapprador.com/privacy/never-have-i-ever/"}
2025-03-23 16:56:28,733 - ERROR - {"id": "623834540", "privacy_url": "http://www.vodafone.in/privacy-policy?section=consumer"}
2025-03-23 16:56:34,145 - ERROR - {"id": "1394742877", "privacy_url": "https://www.icarusfallinggames.com/privacy.html"}
2025-03-23 16:57:22,065 - ERROR - {"id": "339144085", "privacy_url": "https://www.haberler.com/haberler/kullanim-sartlari/"}
2025-03-23 16:58:03,612 - ERROR - {"id": "1397402999", "privacy_url": "http://www.fitnessforever.cn:3000/privacy.html"}
2025-03-23 16:58:13,376 - ERROR - {"id": "626703984", "privacy_url": "https://cdn1.lekiosk.com/Public/Cafeyn/pdfs/legal/uk/privacypolicy_lkios.pdf"}
2025-03-23 16:59:22,122 - ERROR - {"id": "339374432", "privacy_url": "https://content.whiterisk.ch/en/tos-and-privacy"}
2025-03-23 16:59:35,149 - ERROR - {"id": "1540104538", "privacy_url": "https://drouot.com/fr/privacy-policy?lang=fr"}
2025-03-23 17:00:40,971 - ERROR - {"id": "631980303", "privacy_url": "https://bcr.shape.ag/m/privacy-policy"}
2025-03-23 17:01:22,130 - ERROR - {"id": "339391993", "privacy_url": "https://www.webrichsoftware.com/privacy.html"}
2025-03-23 17:01:35,163 - ERROR - {"id": "1540115906", "privacy_url": "https://funventure.eu/privacy-policy-apps.html"}
2025-03-23 17:02:34,248 - ERROR - {"id": "1405635173", "privacy_url": "http://bile.freevnn.com/TattooCreator/privacy_policy.html"}
2025-03-23 17:02:36,538 - ERROR - {"id": "1540126457", "privacy_url": "https://www.ordr-up.ie/privacy-policy/"}
2025-03-23 17:03:22,161 - ERROR - {"id": "339393884", "privacy_url": "http://hrtapps.com/theodolite/privacy.html"}
2025-03-23 17:04:06,451 - ERROR - {"id": "1408042281", "privacy_url": "http://www.navis-anemometers.com/"}
2025-03-23 17:04:53,562 - ERROR - {"id": "639323743", "privacy_url": "https://globlocal.weathertrack.us/policy.html"}
2025-03-23 17:04:59,631 - ERROR - {"id": "639523856", "privacy_url": "http://funlandiagame.com/privacy-policy"}
2025-03-23 17:05:00,074 - ERROR - {"id": "1541314574", "privacy_url": "https://policy.paga.com.ua/policy_ios.html"}
2025-03-23 17:05:22,187 - ERROR - {"id": "339440515", "privacy_url": "http://arfsoftware.com/privacy-policy"}
2025-03-23 17:06:00,096 - ERROR - {"id": "1411999677", "privacy_url": "http://www.christophe-coyard.fr/mind-cards?lang=en"}
2025-03-23 17:07:20,515 - ERROR - {"id": "640447965", "privacy_url": "http://www.playport.mobi/privacypolicy.html"}
2025-03-23 17:08:13,570 - ERROR - {"id": "1062609377", "privacy_url": "https://kobagames.com/PrivacyPolicy/privacy.html"}
2025-03-23 17:08:39,856 - ERROR - {"id": "1417342640", "privacy_url": "https://g-mobile.gappmobile.ru/agreements/clearsky/licence"}
2025-03-23 17:09:47,156 - ERROR - {"id": "348212396", "privacy_url": "http://www.seligmanventuresglobal.com/privacy-policy-apps"}
2025-03-23 17:10:10,959 - ERROR - {"id": "348599879", "privacy_url": "http://www.bikegps.net/PrivacyPolicy.htm"}
2025-03-23 17:10:13,603 - ERROR - {"id": "1062609677", "privacy_url": "https://kobagames.com/PrivacyPolicy/privacy.html"}
2025-03-23 17:10:31,099 - ERROR - {"id": "348851878", "privacy_url": "http://chrisbecker.biz/chrisbecker/dramabutton_privacy_policy.html"}
2025-03-23 17:12:13,627 - ERROR - {"id": "1062657544", "privacy_url": "https://www.flipdish.com/ie/privacy-policy?redirected=1"}
2025-03-23 17:12:20,472 - ERROR - {"id": "649261073", "privacy_url": "http://www.wlmarketing.comappholdings.org/privacypolicy.html"}
2025-03-23 17:12:28,257 - ERROR - {"id": "1424349196", "privacy_url": "https://admarket.app/privacy.html"}
2025-03-23 17:12:56,585 - ERROR - {"id": "650276551", "privacy_url": "https://seven.app/privacy-policy"}
2025-03-23 17:12:58,945 - ERROR - {"id": "349812998", "privacy_url": "https://membership.on.cc/mem/respons.html"}
2025-03-23 17:13:03,621 - ERROR - {"id": "650684932", "privacy_url": "https://obdsoftware.desk.com/customer/en/portal/articles/2910191-obd-fusion-privacy-policy"}
2025-03-23 17:13:22,905 - ERROR - {"id": "1543839477", "privacy_url": "https://idzdigital.com/privacypolicy-tizi.php"}
2025-03-23 17:13:44,676 - ERROR - {"id": "652181352", "privacy_url": "http://themilesconsultancy.co.uk/privacy-policy/"}
2025-03-23 17:14:13,654 - ERROR - {"id": "1062673660", "privacy_url": "https://1424.lt/privatumopolitika.pdf"}
2025-03-23 17:14:34,986 - ERROR - {"id": "654673401", "privacy_url": "https://galaxyplay-tech.com/privacy.html"}
2025-03-23 17:14:58,954 - ERROR - {"id": "349848312", "privacy_url": "https://wildcardmobile.com/privacy-policy/"}
2025-03-23 17:15:22,918 - ERROR - {"id": "1543845882", "privacy_url": "https://supersonic.com/privacy/"}
2025-03-23 17:16:00,872 - ERROR - {"id": "1434286108", "privacy_url": "http://callbackapp.xyz/privacy.php"}
2025-03-23 17:16:04,753 - ERROR - {"id": "657363370", "privacy_url": "http://www.weedoo.se/privacy-policy"}
2025-03-23 17:16:13,678 - ERROR - {"id": "1062745479", "privacy_url": "https://heartwatch.tantsissa.com/privacy"}
2025-03-23 17:16:58,972 - ERROR - {"id": "349853799", "privacy_url": "https://route4me.com/terms-of-service"}
2025-03-23 17:17:22,759 - ERROR - {"id": "1435138884", "privacy_url": "https://www.cogooland.com/COGOO%C2%A0INC%C2%A0PRIVACY%20POLICY.html"}
2025-03-23 17:17:22,933 - ERROR - {"id": "1543848524", "privacy_url": "https://www.sadapay.pk/privacy"}
2025-03-23 17:18:13,694 - ERROR - {"id": "1062776949", "privacy_url": "http://server.emojimobile.com/Policy/Kaomoji_Privacy_Policy.htm"}
2025-03-23 17:18:22,834 - ERROR - {"id": "662354161", "privacy_url": "https://www.chroniclelive.com/privacy-policy/"}
2025-03-23 17:18:33,896 - ERROR - {"id": "1435687095", "privacy_url": "http://www.vlogeasy.com/privacy"}
2025-03-23 17:18:50,465 - ERROR - {"id": "1435777683", "privacy_url": "http://www.lele-tech.cn/music/ios/BanjoTuner/about.html"}
2025-03-23 17:18:58,989 - ERROR - {"id": "349866256", "privacy_url": "https://www.tricount.com/documents/privacy-policy"}
2025-03-23 17:18:59,841 - ERROR - {"id": "1435882547", "privacy_url": "https://privacyen.kaunoziogas.lt/"}
2025-03-23 17:19:22,961 - ERROR - {"id": "1543891119", "privacy_url": "https://mirolsou.com/privacy-policy.html"}
2025-03-23 17:20:13,711 - ERROR - {"id": "1062844836", "privacy_url": "https://oddrok.com/privacypolicy"}
2025-03-23 17:20:17,144 - ERROR - {"id": "666858671", "privacy_url": "http://www.ad-vance.ru/confidentiality.php#English"}
2025-03-23 17:20:59,045 - ERROR - {"id": "350125906", "privacy_url": "https://toursandtravel.app/en/privacy-policy"}
2025-03-23 17:21:22,971 - ERROR - {"id": "1543891278", "privacy_url": "https://doorson.com/privacy-statement/"}
2025-03-23 17:21:25,748 - ERROR - {"id": "669715783", "privacy_url": "http://www.oncallt.com/"}
2025-03-23 17:21:44,011 - ERROR - {"id": "670729242", "privacy_url": "http://studentstocktrader.com/privacy"}
2025-03-23 17:21:46,401 - ERROR - {"id": "1544113752", "privacy_url": "https://ufeel.app/ufeel-app-privacy-policy/"}
2025-03-23 17:22:13,729 - ERROR - {"id": "1062888802", "privacy_url": "http://www.byle-tech.com/page/html/history.php"}
2025-03-23 17:22:59,066 - ERROR - {"id": "350149855", "privacy_url": "https://www.knightfrank.com/legals/privacy-statement"}
2025-03-23 17:23:06,956 - ERROR - {"id": "673120263", "privacy_url": "http://smartlyuseful.com/"}
2025-03-23 17:23:20,951 - ERROR - {"id": "1545093755", "privacy_url": "https://milkrun.ml/admins/sign_in"}
2025-03-23 17:24:12,204 - ERROR - {"id": "1545790758", "privacy_url": "https://policies.zareklamy.com/privacy"}
2025-03-23 17:24:51,858 - ERROR - {"id": "680344828", "privacy_url": "http://www.supernovatechapps.com/"}
2025-03-23 17:24:59,092 - ERROR - {"id": "350166681", "privacy_url": "https://etips.com/privacy-policy"}
2025-03-23 17:25:10,451 - ERROR - {"id": "1437782185", "privacy_url": "https://www.essensworld.com/privacy-policy.php"}
2025-03-23 17:25:19,316 - ERROR - {"id": "1546364063", "privacy_url": "http://aestheticappicon.com/privacy-policy-aesthetic.html"}
2025-03-23 17:25:35,298 - ERROR - {"id": "681701741", "privacy_url": "https://kuniversity.kalibrate.com/display/KUNImobile/Privacy+Policy?version-user=KUNImobile&virtual-user=999"}
2025-03-23 17:26:01,713 - ERROR - {"id": "1546378476", "privacy_url": "https://www.nbki.ru/documents/2021_PrivacyApp.pdf"}
2025-03-23 17:26:05,727 - ERROR - {"id": "684038305", "privacy_url": "http://a16z-amangiri-deployment/"}
2025-03-23 17:26:36,645 - ERROR - {"id": "685175161", "privacy_url": "http://www.eyecloud.so/"}
2025-03-23 17:26:42,603 - ERROR - {"id": "1547129207", "privacy_url": "https://thepbstudios.com/privacy/"}
2025-03-23 17:27:10,466 - ERROR - {"id": "1437783431", "privacy_url": "https://vnplay.mobi/privacypolicy.html"}
2025-03-23 17:27:50,390 - ERROR - {"id": "1547869005", "privacy_url": "https://www.delilo.nl/privacy.html"}
2025-03-23 17:28:55,782 - ERROR - {"id": "689963454", "privacy_url": "https://ebanking.vietinbank.vn/ipay/pages/terms/VietinbankTermsAndCondition.pdf"}
2025-03-23 17:29:00,714 - ERROR - {"id": "6451091585", "privacy_url": "https://fitai.ai/PrivacyPolicy"}
2025-03-23 17:29:30,995 - ERROR - {"id": "6451258616", "privacy_url": "https://policy.vira.games/"}
2025-03-23 17:29:41,163 - ERROR - {"id": "1549194074", "privacy_url": "https://greenknights.vn/privacy-policy-2/"}
2025-03-23 17:30:03,481 - ERROR - {"id": "1549559034", "privacy_url": "https://knuckle.games/privacypolicy/"}
2025-03-23 17:30:19,274 - ERROR - {"id": "1549657152", "privacy_url": "http://dapzy.kr/?page=privacy-policy"}
2025-03-23 17:31:16,785 - ERROR - {"id": "1550477924", "privacy_url": "https://getpaintsnap.com/privacy-policy/"}
2025-03-23 17:32:51,501 - ERROR - {"id": "6452316004", "privacy_url": "https://innawoods.net/privacy"}
2025-03-23 17:33:10,099 - ERROR - {"id": "704528400", "privacy_url": "https://ww2.dubmeapp.com/"}
2025-03-23 17:34:42,011 - ERROR - {"id": "711410017", "privacy_url": "http://www.buildregs.net/"}
2025-03-23 17:34:45,015 - ERROR - {"id": "711455211", "privacy_url": "http://www.anews.com/v2/ru/privacy"}
2025-03-23 17:34:51,505 - ERROR - {"id": "6452317917", "privacy_url": "https://www.myappterms.com/reader.php?lang=en"}
2025-03-23 17:35:16,936 - ERROR - {"id": "1553473179", "privacy_url": "https://block.opendns.com/main?url=73807766158083721677707266771681837487666890&ablock&server=lon1&prefs=&tagging=&nref"}
2025-03-23 17:35:31,449 - ERROR - {"id": "1553693490", "privacy_url": "https://www.bevytheapp.com/privacy-policy.html"}
2025-03-23 17:35:51,394 - ERROR - {"id": "1553735028", "privacy_url": "https://buymegrocery.com/page/privacy-policy"}
2025-03-23 17:37:08,132 - ERROR - {"id": "721512422", "privacy_url": "http://www.weaphones.net/oranginalplanprivacypolicy.html"}
2025-03-23 17:37:10,338 - ERROR - {"id": "721580423", "privacy_url": "http://gbbnext.com/privacy"}
2025-03-23 17:38:04,474 - ERROR - {"id": "1554758988", "privacy_url": "http://c2tm.net/rainbowpaints/policy.html"}
2025-03-23 17:38:42,923 - ERROR - {"id": "6459194298", "privacy_url": "https://homebook.hexacit.com/en/privacyPolicy"}
2025-03-23 17:39:01,497 - ERROR - {"id": "725508998", "privacy_url": "https://teamo.date/privacy"}
2025-03-23 17:40:35,519 - ERROR - {"id": "731062554", "privacy_url": "http://m.wfmz.com/Privacy-Policy/141168"}
2025-03-23 17:41:44,320 - ERROR - {"id": "1557458035", "privacy_url": "https://www.yourmobileguide.com/"}
2025-03-23 17:42:15,629 - ERROR - {"id": "6464246568", "privacy_url": "https://app.appprostartech.com:18008/web/sa-h5/support/protocol/privacy_security_policy.html?type=12"}
2025-03-23 17:45:05,183 - ERROR - {"id": "1560262589", "privacy_url": "https://www.soulmiacollection.com/mod-article-id-27.htm"}
2025-03-23 17:45:36,334 - ERROR - {"id": "753786884", "privacy_url": "http://quicksandplaygroundpp.com/"}
2025-03-23 17:45:38,652 - ERROR - {"id": "1560484096", "privacy_url": "http://widgetmeapp.com/privacy-policy-wc.html"}
2025-03-23 17:46:25,933 - ERROR - {"id": "1560510157", "privacy_url": "http://www.apptrix.se/"}
2025-03-23 17:46:52,005 - ERROR - {"id": "1560684389", "privacy_url": "https://wannaplay.gg/privacy-policy/"}
2025-03-23 17:47:19,169 - ERROR - {"id": "6468873160", "privacy_url": "https://programme-officiel.paris2024.org/privacy-policy"}
2025-03-23 17:48:27,966 - ERROR - {"id": "1562072523", "privacy_url": "http://www.eyecloud.so/privacy4.html"}
2025-03-23 17:48:58,932 - ERROR - {"id": "771788824", "privacy_url": "https://new.kyivstar.ua/ecare/pages/termsAndConditions"}
2025-03-23 17:50:01,726 - ERROR - {"id": "776081927", "privacy_url": "https://www.m-pulso.com/datenschutz-lawinetirol/"}
2025-03-23 17:50:27,427 - ERROR - {"id": "1562587737", "privacy_url": "https://kramermedia.io/privacy-policy/"}
2025-03-23 17:50:39,018 - ERROR - {"id": "1562671755", "privacy_url": "http://metantencsrl.store/privacy.html"}
2025-03-23 17:51:14,952 - ERROR - {"id": "780468187", "privacy_url": "http://www.nanobit.co/privacy-policy"}
2025-03-23 17:51:54,788 - ERROR - {"id": "783485175", "privacy_url": "https://www.animoca.com/privacy-for-ios"}
2025-03-23 17:53:05,117 - ERROR - {"id": "1563892945", "privacy_url": "https://www.arcadianlab.com/privacy-policy"}
2025-03-23 17:53:16,930 - ERROR - {"id": "789849308", "privacy_url": "http://www.pkkidsacademy.com/privacypolicyapps.html"}
2025-03-23 17:53:49,712 - ERROR - {"id": "791532221", "privacy_url": "https://www.happyelements.com/site/privacy/"}
2025-03-23 17:53:50,394 - ERROR - {"id": "1564496962", "privacy_url": "http://scorebeo.ie/privacy.html"}
2025-03-23 17:54:11,062 - ERROR - {"id": "1564898296", "privacy_url": "http://onego.com.vn/policy/"}
2025-03-23 17:54:17,009 - ERROR - {"id": "792886717", "privacy_url": "http://quicksandplaygroundpp.com/"}
2025-03-23 17:54:33,718 - ERROR - {"id": "793777537", "privacy_url": "https://www.animoca.com/privacy_for_ios.html"}
2025-03-23 17:54:39,440 - ERROR - {"id": "794336483", "privacy_url": "http://www.nanobit.co/privacy-policy"}
2025-03-23 17:55:49,376 - ERROR - {"id": "1565854989", "privacy_url": "https://www.td-soft.fr/pill-reminder/privacy_policy.html"}
2025-03-23 17:55:50,231 - ERROR - {"id": "797136411", "privacy_url": "http://2xlgames.com/privacy-policy/"}
2025-03-23 17:56:01,075 - ERROR - {"id": "1566094220", "privacy_url": "http://beowu-fye.com/"}
2025-03-23 17:56:14,722 - ERROR - {"id": "6474185090", "privacy_url": "http://oostudios.dsx.com.pk/"}
2025-03-23 17:57:08,233 - ERROR - {"id": "1567153016", "privacy_url": "https://privacy.bunch.buzz/"}
2025-03-23 17:57:17,335 - ERROR - {"id": "804708947", "privacy_url": "http://dexchek.com/privacy"}
2025-03-23 17:57:27,908 - ERROR - {"id": "6474947179", "privacy_url": "https://www.quizarena.gg/privacy"}
2025-03-23 17:57:44,824 - ERROR - {"id": "1567804494", "privacy_url": "http://ladderclimbersbooks.com/privacypolicy"}
2025-03-23 17:58:59,577 - ERROR - {"id": "6475809754", "privacy_url": "https://trzzz.keelyxmak.com/PrivacyPolicy.html"}
2025-03-23 17:59:22,100 - ERROR - {"id": "6476122865", "privacy_url": "https://retail.securitbank.com/"}
2025-03-23 17:59:29,996 - ERROR - {"id": "811998402", "privacy_url": "http://quicksandplaygroundpp.com/"}
2025-03-23 18:00:21,100 - ERROR - {"id": "6476446295", "privacy_url": "http://sculptstation3d.com/PrivacyPolicy"}
2025-03-23 18:00:56,172 - ERROR - {"id": "1570131025", "privacy_url": "https://trtle.com/privacy-policy-trtle-app/"}
2025-03-23 18:01:28,241 - ERROR - {"id": "822702909", "privacy_url": "http://tequilaapps.net/daylight.php"}
2025-03-23 18:01:28,650 - ERROR - {"id": "1570611263", "privacy_url": "https://mobile.aims.aero/privacypolicy"}
2025-03-23 18:01:35,995 - ERROR - {"id": "823518885", "privacy_url": "http://world-craft.org/privacy_policy.html"}
2025-03-23 18:01:37,356 - ERROR - {"id": "1570685624", "privacy_url": "https://www.caixapagamentos.com.br/"}
2025-03-23 18:03:38,065 - ERROR - {"id": "832960935", "privacy_url": "https://johnatangalliano.com/privacy-policy/"}
2025-03-23 18:03:40,440 - ERROR - {"id": "6477912212", "privacy_url": "https://www.pixelhubs.de/#/apps/logo/privacyPolicy"}
2025-03-23 18:04:00,459 - ERROR - {"id": "1571932916", "privacy_url": "http://widgetmeapp.com/privacy-policy-cw.html"}
2025-03-23 18:05:28,243 - ERROR - {"id": "6478643561", "privacy_url": "https://yimabj.com/privacy.html"}
2025-03-23 18:05:30,739 - ERROR - {"id": "838723776", "privacy_url": "https://www.animoca.com/privacy_for_ios.html"}
2025-03-23 18:08:50,269 - ERROR - {"id": "6480213250", "privacy_url": "https://indievelo.com/privacy-policy/"}
2025-03-23 18:08:50,781 - ERROR - {"id": "1574787497", "privacy_url": "https://www.yea.dev/white_border"}
2025-03-23 18:09:24,027 - ERROR - {"id": "1575138731", "privacy_url": "https://awake.tr1ckyf0x.com/"}
2025-03-23 18:09:25,394 - ERROR - {"id": "853087449", "privacy_url": "http://www.generagames.com/privacy/"}
2025-03-23 18:10:25,929 - ERROR - {"id": "1575558075", "privacy_url": "https://www.leitrimconnected.ie/privacy"}
2025-03-23 18:10:39,106 - ERROR - {"id": "1575721199", "privacy_url": "https://ignit-ride.com/wp-content/uploads/2020/09/gdrp_ignit_en.pdf"}
2025-03-23 18:10:55,542 - ERROR - {"id": "6484316344", "privacy_url": "https://tdg.ie/privacy-policy"}
2025-03-23 18:11:29,779 - ERROR - {"id": "1576299336", "privacy_url": "https://www.pashaapps.com/privacy/"}
2025-03-23 18:12:10,818 - ERROR - {"id": "1576663486", "privacy_url": "https://live-app.x.doctor/privacy-policy"}
2025-03-23 18:13:26,983 - ERROR - {"id": "6501987537", "privacy_url": "https://geolog.wseen.app/privacy-policy.html"}
2025-03-23 18:14:37,988 - ERROR - {"id": "868326899", "privacy_url": "http://www.hitcents.com/privacy-policy"}
2025-03-23 18:15:58,983 - ERROR - {"id": "872986237", "privacy_url": "http://dating.skadate.com/privacy-policy"}
2025-03-23 18:16:27,595 - ERROR - {"id": "1580432678", "privacy_url": "https://gamesasgaeilge.ie/privacypolicy.html"}
2025-03-23 18:16:38,755 - ERROR - {"id": "875280793", "privacy_url": "https://quanticpps.com/privacy"}
2025-03-23 18:17:47,428 - ERROR - {"id": "1581624775", "privacy_url": "http://leyla.gs/privacy-policy"}
2025-03-23 18:18:12,090 - ERROR - {"id": "1581786259", "privacy_url": "https://privacy.mszapps.com/3DObjectCapture"}
2025-03-23 18:20:15,567 - ERROR - {"id": "879507285", "privacy_url": "https://www.terra-worlds.net/privacy.html"}
2025-03-23 18:20:32,371 - ERROR - {"id": "879865897", "privacy_url": "http://lupu.digitallabs.ro/JamiesCookbook/Privacy"}
2025-03-23 18:20:43,560 - ERROR - {"id": "1583953649", "privacy_url": "http://47.244.29.210:8090/agreementen"}
2025-03-23 18:22:00,863 - ERROR - {"id": "882056767", "privacy_url": "http://quicksandplaygroundpp.com/"}
2025-03-23 18:22:05,446 - ERROR - {"id": "882297946", "privacy_url": "https://clubify.com/privacy-policy/"}
2025-03-23 18:22:15,369 - ERROR - {"id": "6550912697", "privacy_url": "https://distinctmediapps.co.za/Privacy.html"}
2025-03-23 18:22:43,047 - ERROR - {"id": "883885959", "privacy_url": "http://www.htmicrochip.com/privacy.html"}
2025-03-23 18:22:50,283 - ERROR - {"id": "884644433", "privacy_url": "http://recorderplus.esy.es/"}
2025-03-23 18:24:53,929 - ERROR - {"id": "1586985768", "privacy_url": "http://timefliesapp.net/RobberyMadness/PrivacyPolicy.html"}
2025-03-23 18:25:03,772 - ERROR - {"id": "1587292843", "privacy_url": "https://enaira.com/about/terms-of-service"}
2025-03-23 18:26:46,633 - ERROR - {"id": "889077552", "privacy_url": "https://meruem.com/"}
2025-03-23 18:26:54,635 - ERROR - {"id": "889782304", "privacy_url": "http://innovative-era.com/privacy-policy.txt"}
2025-03-23 18:27:22,100 - ERROR - {"id": "890390751", "privacy_url": "http://www.generagames.com/privacy/"}
2025-03-23 18:27:32,634 - ERROR - {"id": "1589650660", "privacy_url": "https://skintimeapp.com/privacy.html"}
2025-03-23 18:27:59,468 - ERROR - {"id": "1589977054", "privacy_url": "https://www.trade-bid.ie/privacy"}
2025-03-23 18:29:23,187 - ERROR - {"id": "1591225463", "privacy_url": "http://frigy.sbs/ls/ch/PrivacyPolicy.html"}
2025-03-23 18:32:06,544 - ERROR - {"id": "1592740556", "privacy_url": "http://wired.meraki.com:8090/blocked.cgi?blocked_server=146.112.61.106:80&blocked_url=http%3A%2F%2Fwww.miaoxuewang.com%2F"}
2025-03-23 18:32:35,181 - ERROR - {"id": "1593202787", "privacy_url": "https://getkabinet.com/public/legal/#privacy"}
2025-03-23 18:32:45,603 - ERROR - {"id": "897767175", "privacy_url": "http://www.airoha.com.tw/"}
2025-03-23 18:32:54,726 - ERROR - {"id": "898160912", "privacy_url": "https://en.lecab.fr/privacy.html?utm_source=apple&utm_medium=app&utm_campaign=apple-app-lecab"}
2025-03-23 18:33:01,618 - ERROR - {"id": "6738583335", "privacy_url": "https://www.capri-bray.checkoutngo.com/privacy-policy"}
2025-03-23 18:33:01,706 - ERROR - {"id": "6738583448", "privacy_url": "https://www.capri-kimmage.checkoutngo.com/privacy-policy"}
2025-03-23 18:33:19,640 - ERROR - {"id": "898614168", "privacy_url": "http://dienle.net/"}
2025-03-23 18:33:38,479 - ERROR - {"id": "6738763423", "privacy_url": "https://build-error.net/docs/ws-privacy"}
2025-03-23 18:33:58,025 - ERROR - {"id": "1594006003", "privacy_url": "https://candyapp.in/privacypolicy"}
2025-03-23 18:34:59,120 - ERROR - {"id": "902938684", "privacy_url": "http://appwhispererpp.com/"}
2025-03-23 18:36:40,904 - ERROR - {"id": "1596096449", "privacy_url": "http://video.naxclow.com/v720userAgreement/#/privacy"}
2025-03-23 18:37:04,731 - ERROR - {"id": "906225296", "privacy_url": "http://www.candybayapp.com/privacy.html"}
2025-03-23 18:37:51,943 - ERROR - {"id": "1597238781", "privacy_url": "https://hoggy.co/privacy-policy/"}
2025-03-23 18:37:58,784 - ERROR - {"id": "908019570", "privacy_url": "http://dienle.net/"}
2025-03-23 18:40:02,275 - ERROR - {"id": "908054939", "privacy_url": "http://iii9i.com/indexen.html"}
2025-03-23 18:40:53,468 - ERROR - {"id": "1437814395", "privacy_url": "http://scrabble.joomlafact.com/wordexpert/wrod-expert-privacy-policy.html"}
2025-03-23 18:41:16,950 - ERROR - {"id": "1064215980", "privacy_url": "http://www.triviaplanet.tv/s/Mobile_Privacy_Policy.pdf"}
2025-03-23 18:41:28,324 - ERROR - {"id": "1438044775", "privacy_url": "http://nextepio.com/engagement.html"}
2025-03-23 18:42:57,420 - ERROR - {"id": "286027047", "privacy_url": "http://www.pegjump.com/"}
2025-03-23 18:42:58,916 - ERROR - {"id": "908487168", "privacy_url": "http://iosapp.dk/kalorier"}
2025-03-23 18:44:02,906 - ERROR - {"id": "909843762", "privacy_url": "http://hire-iphonedeveloper.com/privacy_policy.html"}
2025-03-23 18:44:07,170 - ERROR - {"id": "909977824", "privacy_url": "http://www.arkvpn.com/privacy-policy/"}
2025-03-23 18:45:10,027 - ERROR - {"id": "1439290223", "privacy_url": "https://madduck.comapps/scanner/PrivacyPolicy.html"}
2025-03-23 18:45:36,862 - ERROR - {"id": "1068841746", "privacy_url": "https://www.halkbank.com.tr/en/privacy-policy.html"}
2025-03-23 18:46:43,763 - ERROR - {"id": "1070105396", "privacy_url": "http://vzoentertainmentllc.com/"}
2025-03-23 18:46:54,633 - ERROR - {"id": "1604255926", "privacy_url": "http://plomo.se/privacy/"}
2025-03-23 18:47:28,751 - ERROR - {"id": "913821397", "privacy_url": "https://www.lifelearningapps.com/privacy-policy/"}
2025-03-23 18:47:41,906 - ERROR - {"id": "914222099", "privacy_url": "https://tthr.chouti.io/privacy/"}
2025-03-23 18:48:29,014 - ERROR - {"id": "1605122893", "privacy_url": "https://worddrop.app/privacyPolicy.html"}
2025-03-23 18:48:36,559 - ERROR - {"id": "1440599088", "privacy_url": "http://vrfreelancers.webs.com/privacypolicy"}
2025-03-23 18:48:46,432 - ERROR - {"id": "300670609", "privacy_url": "https://policy-portal.truste.com/core/privacy-policy/Super-Squawk-Software-LLC/c47d7769-ece5-42fe-9b4f-6f1437576637"}
2025-03-23 18:49:00,978 - ERROR - {"id": "916226412", "privacy_url": "http://godfs.3g.cn/dynamic/GOKeyboard/Keyboard_IOS/privacyPolicy.htm"}
2025-03-23 18:49:38,031 - ERROR - {"id": "300773390", "privacy_url": "http://www.mh2.jp/privacypolicy.html"}
2025-03-23 18:50:17,168 - ERROR - {"id": "1071663879", "privacy_url": "http://videoeditormoviemaker.com/privacy-policy"}
2025-03-23 18:50:30,649 - ERROR - {"id": "917776723", "privacy_url": "http://kingscupapp.com/tkc/docs/kings-cup-privacy-policy.pdf"}
2025-03-23 18:50:46,229 - ERROR - {"id": "303477857", "privacy_url": "https://whattowear.app/privacy.html"}
2025-03-23 18:50:53,292 - ERROR - {"id": "1606780589", "privacy_url": "https://www.livein.mobi/privacy-policy/"}
2025-03-23 18:50:55,807 - ERROR - {"id": "918414262", "privacy_url": "http://aim.myftp.org/PrivatePolicy.htm"}
2025-03-23 18:52:12,956 - ERROR - {"id": "1607530966", "privacy_url": "http://apps.1o.nu/privacy"}
2025-03-23 18:52:23,608 - ERROR - {"id": "919535726", "privacy_url": "http://www.ehrmedijugrupa.lv/privatuma-politika/"}
2025-03-23 18:52:30,193 - ERROR - {"id": "1607749970", "privacy_url": "https://www.gitlabplus.com/privacy-policy"}
2025-03-23 18:52:54,817 - ERROR - {"id": "307749752", "privacy_url": "http://www.nanobit.co/privacy-policy"}
2025-03-23 18:53:15,578 - ERROR - {"id": "920748867", "privacy_url": "http://www.nanobit.co/privacy-policy"}
2025-03-23 18:53:17,806 - ERROR - {"id": "1608370515", "privacy_url": "https://themetaverseapps.com/privacy-policy-remove-objects/"}
2025-03-23 18:53:43,476 - ERROR - {"id": "1442786909", "privacy_url": "http://livescores-api.my-team-news.de/datenschutz.html"}
2025-03-23 18:54:43,885 - ERROR - {"id": "311941991", "privacy_url": "http://support.cyanworlds.com/kb/articles/ios-myst-privacy-policy"}
2025-03-23 18:54:53,351 - ERROR - {"id": "1077407939", "privacy_url": "http://dienle.net/"}
2025-03-23 18:54:59,417 - ERROR - {"id": "922793622", "privacy_url": "http://privacy.edison.tech/"}
2025-03-23 18:55:08,118 - ERROR - {"id": "1444403081", "privacy_url": "http://tracktech.by/MyFamilyEula/"}
2025-03-23 18:55:56,860 - ERROR - {"id": "1609860596", "privacy_url": "https://www.drivingclubonline.com/driving-club-ios-policy/"}
2025-03-23 18:56:12,590 - ERROR - {"id": "924428944", "privacy_url": "http://privacy.invictus.com/"}
2025-03-23 18:56:44,631 - ERROR - {"id": "317389691", "privacy_url": "http://www.2xlgames.com/privacy-policy"}
2025-03-23 18:56:45,912 - ERROR - {"id": "317547865", "privacy_url": "http://static.digitalmondadori.fr/kiosques/CGU-Mondadori.html"}
2025-03-23 18:57:19,326 - ERROR - {"id": "1610947489", "privacy_url": "https://www.enchantedmob.com/privacy-policy.html"}
2025-03-23 18:57:38,445 - ERROR - {"id": "1611173589", "privacy_url": "https://havefun.net.cn/topWeather/Protocol/en.html"}
2025-03-23 18:57:41,743 - ERROR - {"id": "926117012", "privacy_url": "http://filemanager.esy.es/Privacy/"}
2025-03-23 18:57:56,982 - ERROR - {"id": "1611472761", "privacy_url": "https://vcore.app/uncategorized/vcore-privacy-policy/"}
2025-03-23 18:57:57,778 - ERROR - {"id": "926337408", "privacy_url": "http://dienle.net/"}
2025-03-23 18:58:26,917 - ERROR - {"id": "1611873856", "privacy_url": "https://cloudmusicing.com/privacy.html"}
2025-03-23 18:59:12,441 - ERROR - {"id": "929562426", "privacy_url": "http://www.techlifenewsmagazine.com/Techlife_News_Magazine/Privacy_Policy.html"}
2025-03-23 18:59:47,160 - ERROR - {"id": "1080189481", "privacy_url": "https://www.drewpritchard.co.uk/password"}
2025-03-23 19:01:47,188 - ERROR - {"id": "1080194994", "privacy_url": "https://www.deyanapp.com/snakes-and-ladders-privacy-policy"}
2025-03-23 19:02:12,644 - ERROR - {"id": "1614877833", "privacy_url": "http://beowu-fye.com/"}
2025-03-23 19:02:24,487 - ERROR - {"id": "325184355", "privacy_url": "http://static.digitalmondadori.fr/kiosques/CGU-Mondadori.html"}
2025-03-23 19:03:47,204 - ERROR - {"id": "1080214332", "privacy_url": "https://www.miflightsapp.com/privacy_policy"}
2025-03-23 19:04:24,498 - ERROR - {"id": "325185696", "privacy_url": "https://www.sky.com/help/articles/privacy-hub-home"}
2025-03-23 19:04:29,824 - ERROR - {"id": "1449342214", "privacy_url": "http://www.blackview.com.cn/"}
2025-03-23 19:04:41,274 - ERROR - {"id": "1616585351", "privacy_url": "https://www.yiquanapp.com/child/Privacy%20Policy-%E9%9A%90%E7%A7%81%E6%94%BF%E7%AD%96.html"}
2025-03-23 19:05:42,877 - ERROR - {"id": "939523213", "privacy_url": "https://www.animoca.com/privacy_for_ios.html"}
2025-03-23 19:05:47,250 - ERROR - {"id": "1080248000", "privacy_url": "https://de.romwe.com/Privacy-Security-Policy-a-488.html?ref=www&rep=dir&ret=de"}
2025-03-23 19:05:49,424 - ERROR - {"id": "939604135", "privacy_url": "https://inventoryoncloud.con/"}
2025-03-23 19:06:24,521 - ERROR - {"id": "325206381", "privacy_url": "https://movieos.org/code/flame-iphone/privacy-policy/"}
2025-03-23 19:06:34,022 - ERROR - {"id": "1450569344", "privacy_url": "https://soundboards.online/privacy"}
2025-03-23 19:06:40,726 - ERROR - {"id": "1450600616", "privacy_url": "http://aggregator.mn/index/index/page/privacy"}
2025-03-23 19:06:45,678 - ERROR - {"id": "1618280703", "privacy_url": "https://cdn.4spaces.company/legal/aiboost/privacy.pdf"}
2025-03-23 19:07:00,311 - ERROR - {"id": "1450796330", "privacy_url": "https://www.innogy-emobility.co.uk/electric-mobility/general-data-privacy-policy"}
2025-03-23 19:07:03,991 - ERROR - {"id": "1618693329", "privacy_url": "https://leno-labs.com/"}
2025-03-23 19:07:16,324 - ERROR - {"id": "942521968", "privacy_url": "http://allopis.es/"}
2025-03-23 19:07:47,276 - ERROR - {"id": "1080269411", "privacy_url": "https://www.barbequenation.com/privacy-policy/"}
2025-03-23 19:08:24,537 - ERROR - {"id": "325310677", "privacy_url": "https://www.caweb.de/privacypolicy3dgallery.html"}
2025-03-23 19:09:05,229 - ERROR - {"id": "945554952", "privacy_url": "http://appmaniapp.com/"}
2025-03-23 19:09:17,002 - ERROR - {"id": "945847570", "privacy_url": "http://hopewaves.com/"}
2025-03-23 19:09:31,512 - ERROR - {"id": "1452407811", "privacy_url": "http://mm.com/privacy"}
2025-03-23 19:09:47,293 - ERROR - {"id": "1080286671", "privacy_url": "https://outofthebit.com/privacy.html"}
2025-03-23 19:09:51,554 - ERROR - {"id": "1452970820", "privacy_url": "http://www.apsocialsoft.com/MurderMystery/privacy_policy"}
2025-03-23 19:10:01,485 - ERROR - {"id": "1453129963", "privacy_url": "http://www.biobrain.com.au/"}
2025-03-23 19:10:16,706 - ERROR - {"id": "1621062015", "privacy_url": "https://app.palacloudllc.us/tos.html"}
2025-03-23 19:10:24,564 - ERROR - {"id": "325350194", "privacy_url": "https://alvinyu.com/privacy_policy/bass_tuner.html"}
2025-03-23 19:10:40,210 - ERROR - {"id": "1621401186", "privacy_url": "https://deltex.app/privacy"}
2025-03-23 19:10:49,532 - ERROR - {"id": "947399666", "privacy_url": "https://soreha.fr/instants-photo-edition-privacy-policy"}
2025-03-23 19:11:30,478 - ERROR - {"id": "948575650", "privacy_url": "http://aim.myftp.org/"}
2025-03-23 19:11:47,317 - ERROR - {"id": "1080308288", "privacy_url": "https://www.flipdish.com/ie/privacy-policy?redirected=1"}
2025-03-23 19:11:51,483 - ERROR - {"id": "949340601", "privacy_url": "http://innovative-era.com/privacy-policy.txt"}
2025-03-23 19:12:04,130 - ERROR - {"id": "1453160339", "privacy_url": "https://learnyland.com/privacy-policy/"}
2025-03-23 19:12:24,583 - ERROR - {"id": "325350401", "privacy_url": "https://touchedmedia.com/privacy-policy"}
2025-03-23 19:13:32,010 - ERROR - {"id": "1624877065", "privacy_url": "http://178.128.6.196/privacypolicyiosapp.php"}
2025-03-23 19:13:47,331 - ERROR - {"id": "1080350636", "privacy_url": "https://chuna-app.sakura.ne.jp/policy/ARYamaNaviWPrivacyPolicy.html"}
2025-03-23 19:14:17,601 - ERROR - {"id": "1454238854", "privacy_url": "http://shaktiinfotech.co/Shakti_Apps/Apps_Privacy.pdf"}
2025-03-23 19:14:24,608 - ERROR - {"id": "325383348", "privacy_url": "https://www.zabihah.com/com/privacy"}
2025-03-23 19:14:35,726 - ERROR - {"id": "953763867", "privacy_url": "http://suvov.xyz/moneyplusplus/privacypolicy.html"}
2025-03-23 19:15:20,288 - ERROR - {"id": "1626736394", "privacy_url": "http://sapmobile.net/sss/privacy.html"}
2025-03-23 19:15:47,339 - ERROR - {"id": "1080356082", "privacy_url": "https://www.pharmapromo.hu/en/privacy-policy"}
2025-03-23 19:16:24,631 - ERROR - {"id": "325402900", "privacy_url": "https://imesart.com/privacy.php"}
2025-03-23 19:16:43,039 - ERROR - {"id": "956049398", "privacy_url": "https://www.hippielane.com.au/privacy-policy.html"}
2025-03-23 19:16:58,483 - ERROR - {"id": "1628896189", "privacy_url": "https://wanderful.ie/privacy/"}
2025-03-23 19:17:47,387 - ERROR - {"id": "1080384409", "privacy_url": "https://blakzero.com/getawayracer/privacy.html"}
2025-03-23 19:18:24,641 - ERROR - {"id": "325525543", "privacy_url": "https://assets.touchnote.com/privacy.html"}
2025-03-23 19:18:28,317 - ERROR - {"id": "1456517138", "privacy_url": "https://codeiseasy.000webhostapp.com/privacy.html"}
2025-03-23 19:18:54,169 - ERROR - {"id": "1082185427", "privacy_url": "https://online.adnic.ae/MobileApp/mobProduct/ADNICPlusPrivacyPolicy.html"}
2025-03-23 19:19:01,947 - ERROR - {"id": "959254082", "privacy_url": "http://www.self-shot.co/privacy.html"}
2025-03-23 19:19:04,666 - ERROR - {"id": "959347211", "privacy_url": "http://rebin-dictionary.webs.com/privacy-policy"}
2025-03-23 19:19:59,735 - ERROR - {"id": "1084041079", "privacy_url": "https://get.chownow.com/privacy-policy"}
2025-03-23 19:20:24,647 - ERROR - {"id": "325558898", "privacy_url": "https://www.corundex.com/privacy"}
2025-03-23 19:21:00,907 - ERROR - {"id": "1457967450", "privacy_url": "http://gpmedia.ufile.ucloud.com.cn/logolab%2FLogolabPrivacyPolicy.html"}
2025-03-23 19:21:06,134 - ERROR - {"id": "960989481", "privacy_url": "http://aim.myftp.org/"}
2025-03-23 19:21:41,349 - ERROR - {"id": "328175747", "privacy_url": "https://bcr.shape.ag/m/privacy-policy"}
2025-03-23 19:21:54,442 - ERROR - {"id": "1633409681", "privacy_url": "https://bopmobile.com.pk/privacypolicy.html"}
2025-03-23 19:22:06,897 - ERROR - {"id": "1633669542", "privacy_url": "https://www.hoopsly.com/pp/"}
2025-03-23 19:22:12,113 - ERROR - {"id": "329686864", "privacy_url": "http://www.versaedge.com/privacy/"}
2025-03-23 19:23:15,650 - ERROR - {"id": "1459060802", "privacy_url": "http://cheesebear.co.kr/"}
2025-03-23 19:23:55,916 - ERROR - {"id": "1459257628", "privacy_url": "https://drinkio.fun/policy.html"}
2025-03-23 19:23:56,167 - ERROR - {"id": "1088719339", "privacy_url": "http://privacy.dtamobile.com/"}
2025-03-23 19:24:15,119 - ERROR - {"id": "964664459", "privacy_url": "http://netherfire.com/privacy/"}
2025-03-23 19:24:33,626 - ERROR - {"id": "1635339096", "privacy_url": "https://animeanimator.com/Privacy"}
2025-03-23 19:24:41,253 - ERROR - {"id": "1089528491", "privacy_url": "http://privacy.dtamobile.com/"}
2025-03-23 19:24:54,012 - ERROR - {"id": "1635459552", "privacy_url": "https://nebulasrl.com/photoeditor/privacypolicy.html"}
2025-03-23 19:26:13,810 - ERROR - {"id": "1636452601", "privacy_url": "https://bloodpressureguide.net/privacy-policy/"}
2025-03-23 19:27:44,110 - ERROR - {"id": "968704622", "privacy_url": "http://35.202.74.163/picfy/privacy_policy"}
2025-03-23 19:29:10,148 - ERROR - {"id": "1094212040", "privacy_url": "http://onetake.dafork.com/privacy_en.html"}
2025-03-23 19:29:32,258 - ERROR - {"id": "969776780", "privacy_url": "https://www.christapps.net/privacy.html"}
2025-03-23 19:30:34,583 - ERROR - {"id": "1462741927", "privacy_url": "http://www.chunhotech.com/"}
2025-03-23 19:31:28,679 - ERROR - {"id": "1096626087", "privacy_url": "http://www.gdgapps.altervista.org/privacy-voyagex.html"}
2025-03-23 19:31:35,901 - ERROR - {"id": "1462873099", "privacy_url": "https://gpsconverter.thecloudtutorialusers.com/main/articles/1617692472643"}
2025-03-23 19:32:06,729 - ERROR - {"id": "1463175036", "privacy_url": "http://shop.delhaize.be/CP:privacy?language=fr"}
2025-03-23 19:32:17,728 - ERROR - {"id": "1463190909", "privacy_url": "https://nuttyparty.club/legal#privacy-policy"}
2025-03-23 19:32:18,463 - ERROR - {"id": "348212396", "privacy_url": "http://www.seligmanventuresglobal.com/privacy-policy-apps"}
2025-03-23 19:32:36,369 - ERROR - {"id": "348599879", "privacy_url": "http://www.bikegps.net/PrivacyPolicy.htm"}
2025-03-23 19:32:55,187 - ERROR - {"id": "348851878", "privacy_url": "http://chrisbecker.biz/chrisbecker/dramabutton_privacy_policy.html"}
2025-03-23 19:33:01,050 - ERROR - {"id": "973161926", "privacy_url": "https://www.tinytitanstudios.com/privacy-policy"}
2025-03-23 19:33:20,621 - ERROR - {"id": "1099109257", "privacy_url": "https://docks.studio/lander"}
2025-03-23 19:33:48,666 - ERROR - {"id": "1642033322", "privacy_url": "https://mgapi.moelegant.com/log/moelegant/page?pagek=p1"}
2025-03-23 19:33:57,329 - ERROR - {"id": "1099862552", "privacy_url": "https://tinytitanstudios.com/privacy-policy"}
2025-03-23 19:34:15,484 - ERROR - {"id": "352199775", "privacy_url": "https://www.waterlogged.com/privacy"}
2025-03-23 19:35:45,539 - ERROR - {"id": "1644199292", "privacy_url": "https://stardewsaveeditor.com/privacy"}
2025-03-23 19:36:04,228 - ERROR - {"id": "975565929", "privacy_url": "https://www.justbits.net/pp"}
2025-03-23 19:36:45,021 - ERROR - {"id": "976150380", "privacy_url": "http://www.hitcents.com/privacy-policy"}
2025-03-23 19:36:46,457 - ERROR - {"id": "1104084895", "privacy_url": "http://www.hiddns.com/privacy-policy.html"}
2025-03-23 19:37:17,938 - ERROR - {"id": "1104808461", "privacy_url": "http://mahjong-jigsaw.com/privacy-policy/"}
2025-03-23 19:38:17,113 - ERROR - {"id": "978094420", "privacy_url": "https://bloomsky.desk.com/"}
2025-03-23 19:38:26,156 - ERROR - {"id": "363207693", "privacy_url": "http://isexspinner.halihow.com/?page_id=2"}
2025-03-23 19:38:39,998 - ERROR - {"id": "1660004866", "privacy_url": "https://elaichiindiantakeaway.co.uk/privacy"}
2025-03-23 19:39:02,736 - ERROR - {"id": "364355046", "privacy_url": "http://privacy.invictus.com/"}
2025-03-23 19:39:09,822 - ERROR - {"id": "1105292203", "privacy_url": "https://www.meruem.com/privacy"}
2025-03-23 19:39:25,148 - ERROR - {"id": "364744918", "privacy_url": "http://guessem.gameweaver.com/"}
2025-03-23 19:40:11,641 - ERROR - {"id": "1660737534", "privacy_url": "http://3.8.143.213/disclaimer"}
2025-03-23 19:40:26,743 - ERROR - {"id": "365049659", "privacy_url": "http://krati.com/"}
2025-03-23 19:40:38,275 - ERROR - {"id": "980533833", "privacy_url": "http://report.ahp.vn/privacy/ClipsBoard/ClipsBoardPrivacy.htm"}
2025-03-23 19:42:05,330 - ERROR - {"id": "1469821753", "privacy_url": "https://tyy.sh/corr/PrivacyPolicy.html"}
2025-03-23 19:42:38,385 - ERROR - {"id": "369201789", "privacy_url": "https://www.meet-me.co.uk/privacy_policy"}
2025-03-23 19:43:44,585 - ERROR - {"id": "1111420122", "privacy_url": "http://impossible.am/privacy/"}
2025-03-23 19:44:09,856 - ERROR - {"id": "1112431246", "privacy_url": "http://www.aemobile.com/CasinoPrivacy.html"}
2025-03-23 19:44:14,154 - ERROR - {"id": "371405542", "privacy_url": "http://minecraft-pe-servers.itoytoy.com/Privacy-Policies-Of-Emoji-Added"}
2025-03-23 19:44:42,437 - ERROR - {"id": "985924770", "privacy_url": "http://www.demolitionderbyracing.com/privacy/"}
2025-03-23 19:44:46,755 - ERROR - {"id": "1666655767", "privacy_url": "https://odinstudio.me/"}
2025-03-23 19:44:50,366 - ERROR - {"id": "372517616", "privacy_url": "http://101positions.halihow.com/?page_id=2"}
2025-03-23 19:45:22,265 - ERROR - {"id": "1113876509", "privacy_url": "http://minecraft-pe-servers.itoytoy.com/Privacy-Policies"}
2025-03-23 19:45:47,037 - ERROR - {"id": "987211521", "privacy_url": "http://ipassionapp.com/privacy.html"}
2025-03-23 19:46:07,685 - ERROR - {"id": "1668337467", "privacy_url": "http://www.threna.co/privacy"}
2025-03-23 19:46:25,911 - ERROR - {"id": "988302971", "privacy_url": "http://appmaniapp.com/"}
2025-03-23 19:46:26,070 - ERROR - {"id": "988338749", "privacy_url": "http://androidiosstore.com/"}
2025-03-23 19:47:43,966 - ERROR - {"id": "1472976157", "privacy_url": "https://www.softnoesis.com/apps/videocopy/terms_privacy_policy.php"}
2025-03-23 19:48:00,486 - ERROR - {"id": "1116898425", "privacy_url": "http://agreement.enjoysoho.com/elements.html#fh5co-tab-feature-center1"}
2025-03-23 19:48:21,146 - ERROR - {"id": "1670649189", "privacy_url": "https://zap.studio/zapstudio/privacy-policy/"}
2025-03-23 19:48:21,988 - ERROR - {"id": "378009553", "privacy_url": "https://educalc.azurewebsites.net/privacy"}
2025-03-23 19:48:43,790 - ERROR - {"id": "1671498674", "privacy_url": "https://www.dolphinreader.com/DoWallpaperPrivacyPolicy.html"}
2025-03-23 19:48:57,300 - ERROR - {"id": "1671592876", "privacy_url": "https://nebulasrl.com/javascripteditor/privacypolicy.html"}
2025-03-23 19:49:09,852 - ERROR - {"id": "1118753431", "privacy_url": "https://www.polarize.net.au/privacy/"}
2025-03-23 19:49:52,188 - ERROR - {"id": "1672850313", "privacy_url": "https://gsmlg.app/apps-privacy/app/geoip_lookup"}
2025-03-23 19:50:02,629 - ERROR - {"id": "1119592148", "privacy_url": "http://maxtv.host/mtvb"}
2025-03-23 19:50:58,546 - ERROR - {"id": "1121338276", "privacy_url": "http://www.doapp.com/"}
2025-03-23 19:51:06,605 - ERROR - {"id": "1473724031", "privacy_url": "https://www.yegweather.com/terms/"}
2025-03-23 19:51:34,296 - ERROR - {"id": "6443482067", "privacy_url": "https://www.happyweather.app/privacy"}
2025-03-23 19:52:23,699 - ERROR - {"id": "382384538", "privacy_url": "http://www.applicazioni-mondadori.it/privacy/apple_policy.html"}
2025-03-23 19:52:55,672 - ERROR - {"id": "1123930269", "privacy_url": "http://8studio.company/strawberryprincess.html"}
2025-03-23 19:54:24,486 - ERROR - {"id": "6443694226", "privacy_url": "https://whitepaper.pibridge.org/additional-information/privacy-policy"}
2025-03-23 19:54:53,860 - ERROR - {"id": "1126049947", "privacy_url": "http://www.nanobit.co/privacy-policy"}
2025-03-23 19:55:21,665 - ERROR - {"id": "998614234", "privacy_url": "http://www.hitcents.com/privacy-policy"}
2025-03-23 19:55:52,106 - ERROR - {"id": "6443827575", "privacy_url": "https://good-apps.org/invitation/privacy_policy.html"}
2025-03-23 19:56:25,459 - ERROR - {"id": "388462078", "privacy_url": "http://www.2xlgames.com/privacy-policy"}
2025-03-23 19:56:32,247 - ERROR - {"id": "1475438828", "privacy_url": "https://www.positivegrid.com/pages/privacy-policy"}
2025-03-23 19:56:53,032 - ERROR - {"id": "1000558562", "privacy_url": "http://www.letskorail.com/ebizcom/cs/terms/privates/EbizcomCsPrivatesw_pol01600.do"}
2025-03-23 19:58:32,277 - ERROR - {"id": "1475439697", "privacy_url": "http://vi.lekaiyou.com/privacy.html"}
2025-03-23 19:58:48,307 - ERROR - {"id": "1132567213", "privacy_url": "http://engare.gares-sncf.com/legal/privacy.html"}
2025-03-23 19:59:04,771 - ERROR - {"id": "1133056609", "privacy_url": "http://freeaddictinggamespp.com/"}
2025-03-23 19:59:29,934 - ERROR - {"id": "6444109297", "privacy_url": "https://www.makeupmatcher.com/privacypolicy"}
2025-03-23 19:59:30,302 - ERROR - {"id": "1133544923", "privacy_url": "http://adriaandejongh.nl/privacypolicy.php"}
2025-03-23 19:59:51,068 - ERROR - {"id": "392901672", "privacy_url": "http://w.res.app-sage.com/weather/integration/weatherreport_integral.html"}
2025-03-23 20:00:13,003 - ERROR - {"id": "6444118357", "privacy_url": "https://zanecarter.com/scout-privacy-policy.html"}
2025-03-23 20:00:15,811 - ERROR - {"id": "393344132", "privacy_url": "https://ikamasutra.com/privacy"}
2025-03-23 20:00:42,378 - ERROR - {"id": "1475887803", "privacy_url": "http://oss.daocms.io/5d5ce06e480df/rJBULFkPB/privacypolicy.html"}
2025-03-23 20:01:35,552 - ERROR - {"id": "395133418", "privacy_url": "http://games.ifeng.com/webgame/dksspk/youxigonggao/detail_2011_12/22/11504770_0.shtml"}
2025-03-23 20:01:49,477 - ERROR - {"id": "395501531", "privacy_url": "http://static.digitalmondadori.fr/kiosques/mentionslegales1.html"}
2025-03-23 20:02:29,264 - ERROR - {"id": "1010803520", "privacy_url": "http://www.glutenfreegaming.com.privacypolicy/"}
2025-03-23 20:02:57,006 - ERROR - {"id": "1011776388", "privacy_url": "http://privacy.invictus.com/"}
2025-03-23 20:03:10,494 - ERROR - {"id": "1477187526", "privacy_url": "https://saigonlab.io/privacy-policy/"}
2025-03-23 20:03:36,119 - ERROR - {"id": "1137962801", "privacy_url": "http://iptvstreamerpro/"}
2025-03-23 20:03:49,875 - ERROR - {"id": "1013535274", "privacy_url": "http://innovative-era.com/privacy-policy.txt"}
2025-03-23 20:04:09,451 - ERROR - {"id": "1138819531", "privacy_url": "http://privacy.invictus.com/"}
2025-03-23 20:04:22,160 - ERROR - {"id": "6444596798", "privacy_url": "https://heroesofmetaverse.io/terms/policy"}
2025-03-23 20:04:31,233 - ERROR - {"id": "1139072423", "privacy_url": "http://medinfohk2013.kmdns.net/en/wt/privacy.html"}
2025-03-23 20:04:39,814 - ERROR - {"id": "396871673", "privacy_url": "https://www.postnord.se/en/privacy-policy"}
2025-03-23 20:05:18,502 - ERROR - {"id": "1477237220", "privacy_url": "https://www.kefircyprus.com/privacy-policy"}
2025-03-23 20:05:27,007 - ERROR - {"id": "1016157403", "privacy_url": "https://shoppshare.com/privacy_policy.html"}
2025-03-23 20:05:46,502 - ERROR - {"id": "1140128432", "privacy_url": "http://seyhmusgumus.net/privacy"}
2025-03-23 20:06:33,284 - ERROR - {"id": "6444831584", "privacy_url": "https://infeedapp.com/privacy_policy"}
2025-03-23 20:06:33,994 - ERROR - {"id": "1018246144", "privacy_url": "https://sales.resdiary.com/privacy-statement"}
2025-03-23 20:06:37,198 - ERROR - {"id": "1141652208", "privacy_url": "http://gpsphonetrackerapp.net/"}
2025-03-23 20:06:39,839 - ERROR - {"id": "396875365", "privacy_url": "https://iski.cc/en/privacy-iski.html"}
2025-03-23 20:06:55,182 - ERROR - {"id": "6444872562", "privacy_url": "https://kawaii-privacy-policy.brianmason3.repl.co/"}
2025-03-23 20:07:18,508 - ERROR - {"id": "1477248221", "privacy_url": "https://howbout.app/privacy-policy"}
2025-03-23 20:07:58,567 - ERROR - {"id": "1143691286", "privacy_url": "http://cryptonapp.tech/"}
2025-03-23 20:07:58,776 - ERROR - {"id": "6445884925", "privacy_url": "https://erabitstudios.com/privacy_policy.html"}
2025-03-23 20:09:01,499 - ERROR - {"id": "1144673813", "privacy_url": "http://www.kidsgamesstudios.com/privacy"}
2025-03-23 20:09:40,366 - ERROR - {"id": "6446148429", "privacy_url": "https://staging.burkesbus.ie/terms-of-carriage/"}
2025-03-23 20:09:45,054 - ERROR - {"id": "399423833", "privacy_url": "http://www.meishij.net/siteinfo/index.php#mzsm"}
2025-03-23 20:09:50,419 - ERROR - {"id": "6446179608", "privacy_url": "https://www.taskoob.com/ipix/privacy.html"}
2025-03-23 20:09:56,497 - ERROR - {"id": "399648212", "privacy_url": "https://popreach.com/privacy-policy"}
2025-03-23 20:10:33,994 - ERROR - {"id": "1478225590", "privacy_url": "https://www.ovfeditor.com/privacy.html"}
2025-03-23 20:11:16,353 - ERROR - {"id": "6446384382", "privacy_url": "https://app.barcodescannerr.com/PrivacyPolicy.html"}
2025-03-23 20:11:26,155 - ERROR - {"id": "1478583777", "privacy_url": "https://www.makingmoney.cn/weather/policy.html"}
2025-03-23 20:11:58,282 - ERROR - {"id": "1478795036", "privacy_url": "https://flysafe.io/privacy"}
2025-03-23 20:12:09,980 - ERROR - {"id": "403961165", "privacy_url": "https://www2.aofoundation.org/wps/portal/surgerydisclaimer?contentUrl=srg/disclaimer.jsp"}
2025-03-23 20:12:24,757 - ERROR - {"id": "1151235927", "privacy_url": "https://www.proportionsof.top-utility.site/?l=en&doc=privacypolicy"}
2025-03-23 20:12:26,151 - ERROR - {"id": "1478992644", "privacy_url": "https://bvi.goatgames.com/home/privacy-policy"}
2025-03-23 20:12:39,520 - ERROR - {"id": "1479095080", "privacy_url": "http://schegiz.com/flix/privacy.php"}
2025-03-23 20:12:45,802 - ERROR - {"id": "404606335", "privacy_url": "http://www.idevmobile.com/privacy-statement/"}
2025-03-23 20:13:11,785 - ERROR - {"id": "1152403579", "privacy_url": "http://www.leslyclub.com/privacy.html"}
2025-03-23 20:13:40,641 - ERROR - {"id": "1479606633", "privacy_url": "https://www.smarttimeapps.com/privacy-policy/"}
2025-03-23 20:14:25,552 - ERROR - {"id": "6446620642", "privacy_url": "https://www.joygamemobile.com/privacy-policy/"}
2025-03-23 20:15:17,094 - ERROR - {"id": "407964906", "privacy_url": "http://tablet.rcs.it/privacy/it/"}
2025-03-23 20:16:25,573 - ERROR - {"id": "6446626905", "privacy_url": "https://www.zamalabs.com/cookie-editor-privacy-policy"}
2025-03-23 20:16:49,045 - ERROR - {"id": "1481017082", "privacy_url": "https://corey.dev/privacy-policy"}
2025-03-23 20:17:01,882 - ERROR - {"id": "1481176353", "privacy_url": "http://donedealme.com/About"}
2025-03-23 20:17:13,197 - ERROR - {"id": "1159072426", "privacy_url": "https://www.tinytitanstudios.com/privacy-policy"}
2025-03-23 20:17:26,891 - ERROR - {"id": "1481342638", "privacy_url": "https://squizy.app/privacy.html"}
2025-03-23 20:17:31,347 - ERROR - {"id": "1481402902", "privacy_url": "http://appsforlife.fun/privacy.html"}
2025-03-23 20:18:37,424 - ERROR - {"id": "411517557", "privacy_url": "https://www.retroplay.us/privacy_policy/"}
2025-03-23 20:19:53,827 - ERROR - {"id": "1482562954", "privacy_url": "https://thepbstudios.com/privacy/"}
2025-03-23 20:19:58,660 - ERROR - {"id": "413502318", "privacy_url": "http://eula.speechtrans.com/"}
2025-03-23 20:20:26,603 - ERROR - {"id": "6447374195", "privacy_url": "http://vrishantakinfotech.com/termsandconditions/"}
2025-03-23 20:20:42,279 - ERROR - {"id": "1483018352", "privacy_url": "http://www.animapp.fr/policy.html"}
2025-03-23 20:20:58,467 - ERROR - {"id": "414430333", "privacy_url": "http://coinpirates.vg-system.com/privacypolicy/"}
2025-03-23 20:22:09,458 - ERROR - {"id": "1483884129", "privacy_url": "http://radio-master.us/policy.html"}
2025-03-23 20:22:22,862 - ERROR - {"id": "6447932138", "privacy_url": "https://www.enerkey.cn/article/498.html"}
2025-03-23 20:22:34,445 - ERROR - {"id": "1167430454", "privacy_url": "http://freepdf.plexasys.com/"}
2025-03-23 20:22:35,825 - ERROR - {"id": "1484324881", "privacy_url": "https://www.stonegatepubs.com/mobile-apps"}
2025-03-23 20:23:08,021 - ERROR - {"id": "1484587425", "privacy_url": "http://onego.com.vn/policy/"}
2025-03-23 20:23:36,317 - ERROR - {"id": "1168883293", "privacy_url": "https://m.rightpricecars.ie/data-protection-policy.php"}
2025-03-23 20:24:53,735 - ERROR - {"id": "1170951679", "privacy_url": "http://rabbit.mariosevilla.es/politica_privacidad.html"}
2025-03-23 20:25:18,877 - ERROR - {"id": "1485668591", "privacy_url": "https://linkqap.com/EN/index.html"}
2025-03-23 20:25:37,481 - ERROR - {"id": "420627875", "privacy_url": "http://new.skoda-auto.com/en/system/pages/privacy-statement.aspx"}
2025-03-23 20:27:58,056 - ERROR - {"id": "423533508", "privacy_url": "http://www.petbook.cc/eula.htm"}
2025-03-23 20:28:35,106 - ERROR - {"id": "1487783200", "privacy_url": "https://www.kilastudio.com/"}
2025-03-23 20:29:11,798 - ERROR - {"id": "6449961549", "privacy_url": "https://www.privacyboard.co/company/chefgpt?tab=privacy-policy"}
2025-03-23 20:29:20,433 - ERROR - {"id": "1488071782", "privacy_url": "https://www.vpnunlimited.io/best-free-hotspot-vpn-x-vpn-pp"}
2025-03-23 20:29:34,279 - ERROR - {"id": "425720246", "privacy_url": "http://t2health.dcoe.mil/privacy"}
2025-03-23 20:29:54,437 - ERROR - {"id": "1488207187", "privacy_url": "http://mybalanceapps.com/privacy-policy"}
2025-03-23 20:30:00,438 - ERROR - {"id": "1488212261", "privacy_url": "http://redtower.by/privacy-policy"}
2025-03-23 20:30:12,144 - ERROR - {"id": "6450121647", "privacy_url": "https://pollapp.com/Terms"}
2025-03-23 20:31:12,717 - ERROR - {"id": "1488739987", "privacy_url": "https://eageron.com/privacy-policy"}
2025-03-23 20:31:41,404 - ERROR - {"id": "1488901188", "privacy_url": "https://uniqueschoolapp/privacy_policy.php"}
2025-03-23 20:31:47,269 - ERROR - {"id": "1488973543", "privacy_url": "https://heavenlygirl.co.uk/pages/privacy-policy"}
2025-03-23 20:31:57,509 - ERROR - {"id": "1180431436", "privacy_url": "https://lapprador.com/"}
2025-03-23 20:32:00,194 - ERROR - {"id": "6450533547", "privacy_url": "http://space-dev.site/privacy.html"}
2025-03-23 20:33:02,903 - ERROR - {"id": "1181924142", "privacy_url": "http://smartechgroup.es/"}
2025-03-23 20:33:30,451 - ERROR - {"id": "1182702365", "privacy_url": "http://files.naga-markets.com/legal_documentation/Privacy_Policy_EU.pdf"}
2025-03-23 20:33:38,535 - ERROR - {"id": "1182813932", "privacy_url": "http://177.71.172.81:8085/"}
2025-03-23 20:33:48,489 - ERROR - {"id": "1489946066", "privacy_url": "https://spotlit.net/privacy-policy/"}
2025-03-23 20:35:31,200 - ERROR - {"id": "1490963672", "privacy_url": "http://official.niuniustudio.net/"}
2025-03-23 20:35:53,942 - ERROR - {"id": "1185793864", "privacy_url": "https://pokerworld.game/privacy_ptk/"}
2025-03-23 20:36:04,862 - ERROR - {"id": "1491332718", "privacy_url": "https://earlybirdie.hu/utas-adatkezelesi-tajekoztato.pdf"}
2025-03-23 20:37:57,768 - ERROR - {"id": "436323389", "privacy_url": "http://w.res.app-sage.com/weather/integration/weather_integral.html"}
2025-03-23 20:38:03,192 - ERROR - {"id": "1492815018", "privacy_url": "http://p.scannerapp.me/com.una.scanner"}
2025-03-23 20:38:51,994 - ERROR - {"id": "1189350498", "privacy_url": "https://www.jamcard.orgprivacy-notice/"}
2025-03-23 20:39:05,151 - ERROR - {"id": "1189752485", "privacy_url": "http://toka.info/policy_en"}
2025-03-23 20:39:07,536 - ERROR - {"id": "1493996434", "privacy_url": "https://kingswoodcomputing.net/privacy-notice/"}
2025-03-23 20:39:09,554 - ERROR - {"id": "1494066182", "privacy_url": "http://new.outburstapp.com/privacy"}
2025-03-23 20:39:12,682 - ERROR - {"id": "1494084836", "privacy_url": "https://www.narulatech.com/lander"}
2025-03-23 20:39:18,792 - ERROR - {"id": "1494135206", "privacy_url": "https://alfabank.ua/about/press/konfidencijnist-v-mobilnomu-dodatku-internet-bankingu-1252"}
2025-03-23 20:39:33,953 - ERROR - {"id": "1494307145", "privacy_url": "http://m.softgames.de/terms"}
2025-03-23 20:39:38,264 - ERROR - {"id": "439138104", "privacy_url": "http://exame.abril.com.br/politica-de-privacidade/"}
2025-03-23 20:39:39,854 - ERROR - {"id": "1494393152", "privacy_url": "https://nicholasdeanapps.webs.com/"}
2025-03-23 20:39:43,852 - ERROR - {"id": "1190514648", "privacy_url": "http://vrvirtualreality.games/vr-roller-coaster-for-virtual-reality-privacy-policy/"}
2025-03-23 20:39:45,259 - ERROR - {"id": "1190522748", "privacy_url": "https://ifdef.gitee.io/iosappadvertising/"}
2025-03-23 20:40:02,825 - ERROR - {"id": "1191150977", "privacy_url": "http://bentoscano.com.au/deckofcards/privacypolicy.html"}
2025-03-23 20:40:04,094 - ERROR - {"id": "1191260829", "privacy_url": "https://www.postermakerapp.net/logomakerapp/privacy"}
2025-03-23 20:40:23,530 - ERROR - {"id": "1495030644", "privacy_url": "https://apps.mrkase.es/daily-shop-maker-for-fortnite/"}
2025-03-23 20:40:31,250 - ERROR - {"id": "440509617", "privacy_url": "http://www.abonnement.ouest-france.fr/MentionsLegales.php"}
2025-03-23 20:41:02,956 - ERROR - {"id": "1192574094", "privacy_url": "http://stnl.ddns.net/Privacy.html"}
2025-03-23 20:42:43,957 - ERROR - {"id": "1195730692", "privacy_url": "http://luiscastillo.me/"}
2025-03-23 20:43:28,879 - ERROR - {"id": "1197870465", "privacy_url": "http://static.glitche.com/privacypolicy.pdf"}
2025-03-23 20:43:54,260 - ERROR - {"id": "1198685408", "privacy_url": "https://otrogames.com/"}
2025-03-23 20:44:14,744 - ERROR - {"id": "1199120748", "privacy_url": "http://www.firestormapps.co.uk/"}
2025-03-23 20:44:19,526 - ERROR - {"id": "1199420203", "privacy_url": "http://www.afrazsiddiqui.com/apps"}
2025-03-23 20:44:28,647 - ERROR - {"id": "1498045689", "privacy_url": "https://smartpub.app-ic.co.uk/privacy.html"}
2025-03-23 20:44:48,257 - ERROR - {"id": "1200437590", "privacy_url": "http://www.mobiith.com.au/privacy.html"}
2025-03-23 20:44:58,017 - ERROR - {"id": "1498205753", "privacy_url": "https://uniqueschoolapp/privacy_policy.php"}
2025-03-23 20:45:52,048 - ERROR - {"id": "1498747525", "privacy_url": "http://www.timestablesmobile.com/times_tables_privacy_policy_2018.pdf"}
2025-03-23 20:47:20,435 - ERROR - {"id": "1499236474", "privacy_url": "https://www.ce5contact.com/privacy"}
2025-03-23 20:48:05,948 - ERROR - {"id": "451140758", "privacy_url": "http://www.nanobit.co/privacy-policy"}
2025-03-23 20:48:18,252 - ERROR - {"id": "451440777", "privacy_url": "http://digitalummah.io/ezquran-privacy-policy/"}
2025-03-23 20:48:43,787 - ERROR - {"id": "1206525182", "privacy_url": "http://electoralhistory.tk/"}
2025-03-23 20:48:44,043 - ERROR - {"id": "1499900219", "privacy_url": "https://savery.app/privacy.html"}
2025-03-23 20:49:03,490 - ERROR - {"id": "1207200021", "privacy_url": "https://prime-events.ae/Policies/privacypolicy_eng.html"}
2025-03-23 20:50:44,742 - ERROR - {"id": "455028239", "privacy_url": "https://monthlyexpenses.in/privacypolicy.html"}
2025-03-23 20:50:54,196 - ERROR - {"id": "1210090447", "privacy_url": "http://socscan.com/privacy"}
2025-03-23 20:50:57,706 - ERROR - {"id": "455221304", "privacy_url": "http://home.ecook.cn/useragreement"}
2025-03-23 20:51:56,560 - ERROR - {"id": "1211603911", "privacy_url": "http://onthegoapp.co.nz/"}
2025-03-23 20:52:40,175 - ERROR - {"id": "1213685061", "privacy_url": "https://www.8studio.company/privacy-policy/"}
2025-03-23 20:54:20,413 - ERROR - {"id": "1215974700", "privacy_url": "http://gitdrive.com/privacy_policy.html"}
2025-03-23 20:55:46,267 - ERROR - {"id": "464143974", "privacy_url": "https://mydprights.editus.lu/"}
2025-03-23 20:56:04,393 - ERROR - {"id": "1503238062", "privacy_url": "https://efonts.app/privacy/"}
2025-03-23 20:58:06,257 - ERROR - {"id": "467908886", "privacy_url": "https://iphone-ja.mymapplus.com/privacy"}
2025-03-23 20:58:47,555 - ERROR - {"id": "1504339927", "privacy_url": "https://appcorp.net/QuakeAppPrivacy"}
2025-03-23 20:59:07,192 - ERROR - {"id": "469354336", "privacy_url": "http://privacy.invictus.com/"}
2025-03-23 20:59:08,660 - ERROR - {"id": "1504538204", "privacy_url": "https://presence.app/policies/privacy-policy"}
2025-03-23 20:59:24,008 - ERROR - {"id": "1223464709", "privacy_url": "http://flameritefires/privacy-policy.html"}
2025-03-23 20:59:26,722 - ERROR - {"id": "1223615797", "privacy_url": "http://www.taorusmobile.com/"}
2025-03-23 20:59:54,209 - ERROR - {"id": "1505065609", "privacy_url": "https://shop.lovemanuela.com/policies/privacy-policy"}
2025-03-23 21:00:25,055 - ERROR - {"id": "1505286803", "privacy_url": "https://madduck.comapps/interview/privacy_policy.html"}
2025-03-23 21:00:39,003 - ERROR - {"id": "1225179049", "privacy_url": "https://littlebigplay.com/privacy"}
2025-03-23 21:01:08,521 - ERROR - {"id": "1505820393", "privacy_url": "https://unocreative.studio/privacy"}
2025-03-23 21:01:59,330 - ERROR - {"id": "1506538624", "privacy_url": "https://www.polarize.net.au/"}
2025-03-23 21:02:02,751 - ERROR - {"id": "1506570904", "privacy_url": "https://redtower.by/privacy-policy"}
2025-03-23 21:02:07,001 - ERROR - {"id": "1506639439", "privacy_url": "https://fontsify.com/privacy-policy"}
2025-03-23 21:02:41,757 - ERROR - {"id": "1506975314", "privacy_url": "https://story-font.applight.io/"}
2025-03-23 21:02:50,467 - ERROR - {"id": "1228095197", "privacy_url": "http://fruitsplash.net/privacy_policy.html"}
2025-03-23 21:03:01,976 - ERROR - {"id": "474717827", "privacy_url": "http://www.airfling.tv/privacy.html"}
2025-03-23 21:03:11,620 - ERROR - {"id": "1228655110", "privacy_url": "https://casual.plarium.com/en/privacy-and-cookie-policy/"}
2025-03-23 21:03:13,579 - ERROR - {"id": "1507698765", "privacy_url": "https://www.freespiritgames.net/privacy-policy"}
2025-03-23 21:04:41,599 - ERROR - {"id": "477742027", "privacy_url": "http://www.nanobit.co/privacy-policy"}
2025-03-23 21:05:11,413 - ERROR - {"id": "478311038", "privacy_url": "https://en.vbn.de/privacypolicy-fahrplaner-app"}
2025-03-23 21:05:36,131 - ERROR - {"id": "478806230", "privacy_url": "http://www.babykidszone.com/privacy_policy.html"}
2025-03-23 21:06:17,994 - ERROR - {"id": "1232997772", "privacy_url": "https://crushdatingapp.com/privacy_policy"}
2025-03-23 21:06:25,775 - ERROR - {"id": "1233189592", "privacy_url": "http://wordrabbitapp.com/privacy/"}
2025-03-23 21:06:41,809 - ERROR - {"id": "1234022131", "privacy_url": "http://www.devroq.com/privacy.html"}
2025-03-23 21:07:38,598 - ERROR - {"id": "1510672636", "privacy_url": "https://axigames.com/Privacy-policy"}
2025-03-23 21:07:39,134 - ERROR - {"id": "1234280063", "privacy_url": "https://akrasoft.es/#privacy-policy"}
2025-03-23 21:07:43,660 - ERROR - {"id": "1510705365", "privacy_url": "https://www.wevemob.com/policy/ww_privacy_policy.html"}
2025-03-23 21:07:49,196 - ERROR - {"id": "1510758047", "privacy_url": "http://prazasta.com/PrivacyPolicy/Facts/Facts_Privacy.html"}
2025-03-23 21:08:28,484 - ERROR - {"id": "1511215075", "privacy_url": "https://web.maxwell.design/privacy"}
2025-03-23 21:09:16,838 - ERROR - {"id": "1237078433", "privacy_url": "https://store.asqgrp.com/sa_en/privacy-policy"}
2025-03-23 21:09:33,134 - ERROR - {"id": "1237127610", "privacy_url": "http://duartebraga.com/navtex/privacy.html"}
2025-03-23 21:10:22,778 - ERROR - {"id": "1512529809", "privacy_url": "http://thewebanalyzers.com/picgrid-privacy-policy.html"}
2025-03-23 21:11:35,305 - ERROR - {"id": "1512588247", "privacy_url": "https://karin-api.000webhostapp.com/Privacy_Policy.html"}
2025-03-23 21:11:51,927 - ERROR - {"id": "488181934", "privacy_url": "http://modernstark.com/privacypolicy"}
2025-03-23 21:11:53,336 - ERROR - {"id": "1241647692", "privacy_url": "http://brave-truth-or-dare.com/Privacy-Policy.htm"}
2025-03-23 21:12:20,439 - ERROR - {"id": "1513195624", "privacy_url": "http://support.franknguyen.info/logo_generator_policy.html"}
2025-03-23 21:12:46,864 - ERROR - {"id": "1241890180", "privacy_url": "http://m.nissanusa.com/privacy"}
2025-03-23 21:13:53,033 - ERROR - {"id": "1243943223", "privacy_url": "http://mahjong-jigsaw.com/privacy-policy/"}
2025-03-23 21:14:13,051 - ERROR - {"id": "1244210673", "privacy_url": "http://quickbytegames.com/en/privacy-policy.html"}
2025-03-23 21:14:35,931 - ERROR - {"id": "491137054", "privacy_url": "https://www.jpimedia.co.uk/privacy-policy/"}
2025-03-23 21:14:44,923 - ERROR - {"id": "1515015680", "privacy_url": "https://unocreative.studio/privacy/"}
2025-03-23 21:15:04,239 - ERROR - {"id": "1245102326", "privacy_url": "http://3ogame.io/pp"}
2025-03-23 21:15:38,349 - ERROR - {"id": "491681195", "privacy_url": "https://www.oclocksoftware.com/"}
2025-03-23 21:15:58,315 - ERROR - {"id": "1515684058", "privacy_url": "http://binocularsdk.com/tiktokPrivacy/privacy_policy"}
2025-03-23 21:16:27,745 - ERROR - {"id": "1515906939", "privacy_url": "https://www.melrosesportscard.com/pages/privacy-policy"}
2025-03-23 21:16:42,100 - ERROR - {"id": "1516253828", "privacy_url": "https://www.stonegatepubs.com/mobile-apps"}
2025-03-23 21:16:59,656 - ERROR - {"id": "1249312859", "privacy_url": "https://dev.insky.vega-tech.ru/#/license_agreement"}
2025-03-23 21:19:11,127 - ERROR - {"id": "1253727213", "privacy_url": "http://www.tempestvision.com/"}
2025-03-23 21:19:15,744 - ERROR - {"id": "495951303", "privacy_url": "http://www.nanobit.co/privacy-policy"}
2025-03-23 21:19:41,617 - ERROR - {"id": "1516998074", "privacy_url": "http://freqchina.com/"}
2025-03-23 21:20:11,448 - ERROR - {"id": "1255394347", "privacy_url": "https://wonderstrumpet.com/"}
2025-03-23 21:20:36,060 - ERROR - {"id": "1255728029", "privacy_url": "http://www.bearpop.com/privacy.html"}
2025-03-23 21:20:47,409 - ERROR - {"id": "497995505", "privacy_url": "https://www.jpimedia.co.uk/privacy-policy/"}
2025-03-23 21:21:05,477 - ERROR - {"id": "1255930529", "privacy_url": "https://meetpolaroid.com/privacy-policy/"}
2025-03-23 21:21:41,632 - ERROR - {"id": "1517004440", "privacy_url": "https://pcrypt.org/?page=privacy"}
2025-03-23 21:22:43,288 - ERROR - {"id": "1517006344", "privacy_url": "https://www.geishatokyo.com/privacy.html"}
2025-03-23 21:22:43,299 - ERROR - {"id": "1517016374", "privacy_url": "https://www.urban-vpn.com/about-us/privacy/"}
2025-03-23 21:22:43,310 - ERROR - {"id": "1517018286", "privacy_url": "https://smartwidgetlabs.com/privacy-policy/"}
2025-03-23 21:22:43,318 - ERROR - {"id": "1517018761", "privacy_url": "https://www.fatunicornworld.com/privacy-policy/"}
2025-03-23 21:22:50,900 - ERROR - {"id": "1517181013", "privacy_url": "https://www.beemob.vn/privacy-policy/"}
2025-03-23 21:24:17,981 - ERROR - {"id": "1518219937", "privacy_url": "https://www.gettheshifts.com/privacy-policy/"}
2025-03-23 21:24:33,181 - ERROR - {"id": "1518547248", "privacy_url": "http://smartpub.app-ic.co.uk/privacy.html"}
2025-03-23 21:24:45,844 - ERROR - {"id": "1260888776", "privacy_url": "http://www.afapps.net/InstantStoriesPolicy.pdf"}
2025-03-23 21:24:48,877 - ERROR - {"id": "1260945363", "privacy_url": "https://help.pointprogress.com/privacy-policy/"}
2025-03-23 21:26:19,416 - ERROR - {"id": "506619686", "privacy_url": "http://www.babykidszone.com/privacy_policy.html"}
2025-03-23 21:27:01,765 - ERROR - {"id": "1262031910", "privacy_url": "https://www.zahaia.com/privacy"}
2025-03-23 21:27:02,934 - ERROR - {"id": "1519564518", "privacy_url": "https://aurora.live/privacy-policy/"}
2025-03-23 21:27:28,715 - ERROR - {"id": "1519984026", "privacy_url": "https://mnb-company.site/privacy"}
2025-03-23 21:27:57,725 - ERROR - {"id": "510353856", "privacy_url": "http://thasmobi.com/privacy.html"}
2025-03-23 21:28:11,992 - ERROR - {"id": "1520514441", "privacy_url": "https://app.ismitech.com/privacy.html"}
2025-03-23 21:28:15,124 - ERROR - {"id": "1520546750", "privacy_url": "https://www.eleima.fi/"}
2025-03-23 21:28:17,800 - ERROR - {"id": "1521045436", "privacy_url": "http://www.whessage.top/yin-si-zheng-ce/"}
2025-03-23 21:28:22,940 - ERROR - {"id": "1521130473", "privacy_url": "http://fromjavatokotlin.com/privacy"}
2025-03-23 21:28:46,819 - ERROR - {"id": "1521600438", "privacy_url": "https://www.of.tv/privacy-policy/"}
2025-03-23 21:29:10,268 - ERROR - {"id": "512174884", "privacy_url": "http://www.nanobit.co/privacy-policy"}
2025-03-23 21:29:26,952 - ERROR - {"id": "1522155488", "privacy_url": "https://svessler.com/pp.html"}
2025-03-23 21:29:39,206 - ERROR - {"id": "1522269192", "privacy_url": "http://worldoffuncraft.com/privacy-policy-2020/"}
2025-03-23 21:29:41,305 - ERROR - {"id": "1522287987", "privacy_url": "https://led-technologie.best/privacy"}
2025-03-23 21:30:00,597 - ERROR - {"id": "1522541894", "privacy_url": "http://commboardsapp.com/privacy-policy/"}
2025-03-23 21:30:01,124 - ERROR - {"id": "1264652539", "privacy_url": "https://boholive.app/privacy-policy.php"}
2025-03-23 21:30:54,260 - ERROR - {"id": "515790946", "privacy_url": "http://www.versaedge.com/privacy/"}
2025-03-23 21:31:32,037 - ERROR - {"id": "1523300296", "privacy_url": "https://www.gettheshifts.com/privacy-policy/"}
2025-03-23 21:32:01,146 - ERROR - {"id": "1264713923", "privacy_url": "https://www.taskade.com/privacy"}
2025-03-23 21:32:09,368 - ERROR - {"id": "518279800", "privacy_url": "http://dienle.net/"}
2025-03-23 21:33:26,850 - ERROR - {"id": "1524938293", "privacy_url": "http://m.book.bookld.com/modules/xieyi/SPrivacyAgreemen.html"}
2025-03-23 21:34:01,164 - ERROR - {"id": "1264782561", "privacy_url": "https://www.costarastrology.com/privacy"}
2025-03-23 21:35:15,821 - ERROR - {"id": "524008119", "privacy_url": "http://dienle.net/"}
2025-03-23 21:35:27,400 - ERROR - {"id": "1526605680", "privacy_url": "http://www.eyecloud.so/privacy4.html"}
2025-03-23 21:36:01,181 - ERROR - {"id": "1264941943", "privacy_url": "https://en.babybus.com/index/privacyPolicy.shtml"}
2025-03-23 21:36:32,355 - ERROR - {"id": "525938675", "privacy_url": "http://www.peta-vision.com/"}
2025-03-23 21:36:48,372 - ERROR - {"id": "1527858480", "privacy_url": "http://www.airfling.tv/privacy.html"}
2025-03-23 21:37:00,934 - ERROR - {"id": "526657533", "privacy_url": "http://www.ectouch.it/ec_touch_utility/privacypolicy.html"}
2025-03-23 21:37:06,299 - ERROR - {"id": "526679149", "privacy_url": "http://cambridgeapp.acishorizon.com/aggregator/PrivacyPolicy/MobileApp_Privacy.html"}
2025-03-23 21:38:01,196 - ERROR - {"id": "1265019448", "privacy_url": "https://www.amanotes.com/privacy-policy/"}
2025-03-23 21:38:57,182 - ERROR - {"id": "530090434", "privacy_url": "https://shop.rprod.com/en/content/6-vie-privee"}
2025-03-23 21:40:00,567 - ERROR - {"id": "1529839330", "privacy_url": "https://www.clubgg.net/poker-privacy-policy"}
2025-03-23 21:40:01,215 - ERROR - {"id": "1265026847", "privacy_url": "https://sites.google.com/a/braincraftapps.com/slideshow/home/privacy"}
2025-03-23 21:40:28,315 - ERROR - {"id": "533396275", "privacy_url": "https://static.digimondo.net/communication/juridique/cgu-rmm.pdf"}
2025-03-23 21:40:28,442 - ERROR - {"id": "533428979", "privacy_url": "https://static.digimondo.net/communication/juridique/cgu-rmm.pdf"}
2025-03-23 21:40:29,334 - ERROR - {"id": "533449531", "privacy_url": "https://static.digimondo.net/communication/juridique/cgu-rmm.pdf"}
2025-03-23 21:41:17,337 - ERROR - {"id": "1530897947", "privacy_url": "https://itgiant.com.pk/?page_id=77"}
2025-03-23 21:41:32,935 - ERROR - {"id": "1531081376", "privacy_url": "https://www.seo-keywords.app/privacy/"}
2025-03-23 21:42:01,228 - ERROR - {"id": "1265035248", "privacy_url": "https://mingle2.com/welcome/showPrivacy"}
2025-03-23 21:43:20,055 - ERROR - {"id": "1532407794", "privacy_url": "http://resource.loopcamera.com/LoopArtPrivacyPolicy/privacy.html"}
2025-03-23 21:43:43,423 - ERROR - {"id": "539694058", "privacy_url": "http://www.weaphones.net/oranginalplanprivacypolicy.html"}
2025-03-23 21:44:01,255 - ERROR - {"id": "1265067301", "privacy_url": "https://appnextdoor.com/PooDiary/privacy_policy"}
2025-03-23 21:46:01,273 - ERROR - {"id": "1265086241", "privacy_url": "https://stocksplus.app/privacy.html"}
2025-03-23 21:46:11,401 - ERROR - {"id": "1533862489", "privacy_url": "https://kramermedia.io/privacy-policy/"}
2025-03-23 21:48:01,292 - ERROR - {"id": "1265104745", "privacy_url": "https://www.justbits.net/pp"}
2025-03-23 21:49:18,308 - ERROR - {"id": "551081320", "privacy_url": "http://www.hitcents.com/privacy-policy"}
2025-03-23 21:50:01,335 - ERROR - {"id": "1265128036", "privacy_url": "https://trilliwon.notion.site/Privacy-Terms-dbf2ba61f4034f84818f3a41ec86c004"}
2025-03-23 21:51:01,604 - ERROR - {"id": "555150599", "privacy_url": "http://privacy.underworldempireforums.com/index.html"}
2025-03-23 21:52:01,374 - ERROR - {"id": "1265133033", "privacy_url": "https://tellonym.me/privacy"}
2025-03-23 21:54:01,380 - ERROR - {"id": "1265139635", "privacy_url": "https://gigover.com/about"}
2025-03-23 21:55:05,489 - ERROR - {"id": "563445656", "privacy_url": "http://www.playbuff.octro.com/octro_privacypolicy.html"}
2025-03-23 21:56:00,990 - ERROR - {"id": "563794473", "privacy_url": "https://www.emtvalencia.es/ciudadano/index.php?option=com_content&view=article&id=216&lang=en"}
2025-03-23 21:56:01,408 - ERROR - {"id": "1265145322", "privacy_url": "https://voodoo.io/privacy"}
2025-03-23 21:56:48,687 - ERROR - {"id": "565892456", "privacy_url": "http://zinerapp.com/privacy"}
2025-03-23 21:58:01,420 - ERROR - {"id": "1265157039", "privacy_url": "https://www.2fountains.com/privacy-policy"}
2025-03-23 21:58:10,699 - ERROR - {"id": "566685699", "privacy_url": "https://www.meruem.com/privacy"}
2025-03-23 21:58:41,812 - ERROR - {"id": "567687547", "privacy_url": "http://www.nanobit.co/privacy-policy"}
2025-03-23 21:59:33,061 - ERROR - {"id": "569139773", "privacy_url": "https://www.matchandtalk.net/PrivacyPolicy"}
2025-03-23 22:00:01,444 - ERROR - {"id": "1265240404", "privacy_url": "https://www.sourcebmx.com/pages/privacy-policy?loc=gb&lang=en&currency=gbp"}
2025-03-23 22:02:01,466 - ERROR - {"id": "1265325528", "privacy_url": "https://www.threecolts.com/legal/privacy-notice"}
2025-03-23 22:03:03,871 - ERROR - {"id": "576215567", "privacy_url": "https://www.studio117.jp/ctcae-ios-app-privacy-policy/"}
2025-03-23 22:03:50,962 - ERROR - {"id": "577187307", "privacy_url": "https://cycles.app/privacy-policy"}
2025-03-23 22:04:01,481 - ERROR - {"id": "1265331727", "privacy_url": "https://www.wbd.com/privacy-notice"}
2025-03-23 22:06:01,501 - ERROR - {"id": "1265349917", "privacy_url": "https://beansprites.com/privacy/"}
2025-03-23 22:06:14,274 - ERROR - {"id": "582597439", "privacy_url": "https://www.a-golden-opportunity.com/Integritetspolicy/"}
2025-03-23 22:08:01,515 - ERROR - {"id": "1265404088", "privacy_url": "https://minimalsoftwarestudio.feishu.cn/docs/doccneUeKq2kEPDJYUAbvZfHWgh"}
2025-03-23 22:10:01,538 - ERROR - {"id": "1265430562", "privacy_url": "https://www.softnoesis.com/apps/backupwhatsapp/privacy_policy.php"}
2025-03-23 22:12:01,557 - ERROR - {"id": "1265459884", "privacy_url": "https://www.trackapp.io/about/privacy"}
2025-03-23 22:14:01,574 - ERROR - {"id": "1265489771", "privacy_url": "https://help.calisteniapp.com/privacy"}
2025-03-23 22:16:03,150 - ERROR - {"id": "1265104745", "privacy_url": "https://www.justbits.net/pp"}
2025-03-23 22:17:08,420 - ERROR - {"id": "1265430562", "privacy_url": "https://www.softnoesis.com/apps/backupwhatsapp/privacy_policy.php"}
2025-03-23 22:17:42,223 - ERROR - {"id": "1266484060", "privacy_url": "https://smartcast.1upnote.me/privacy_policy.html"}
2025-03-23 22:18:06,212 - ERROR - {"id": "1267252441", "privacy_url": "https://tstgames.com/privacy/privacy.html"}
2025-03-23 22:22:09,999 - ERROR - {"id": "1274367210", "privacy_url": "http://weatherhippie.com/privacy"}
2025-03-23 22:22:20,208 - ERROR - {"id": "1274450755", "privacy_url": "https://my.ukrsibbank.com/ua/personal/privacy"}
2025-03-23 22:22:44,817 - ERROR - {"id": "1275470725", "privacy_url": "https://start.ohmywishes.com/oferta/"}
2025-03-23 22:23:21,344 - ERROR - {"id": "1276446451", "privacy_url": "http://policy.vietgamedev.com/Million%20Golden%20Deal"}
2025-03-23 22:23:22,448 - ERROR - {"id": "1276509382", "privacy_url": "http://www.transgourmet.com/de/transgourmet_cee.htm"}
2025-03-23 22:24:01,091 - ERROR - {"id": "1277642792", "privacy_url": "http://lupu.digitallabs.ro/FitnessChef/Privacy"}
2025-03-23 22:27:47,473 - ERROR - {"id": "1286968328", "privacy_url": "http://asowers.net/"}
2025-03-23 22:29:11,954 - ERROR - {"id": "1288887791", "privacy_url": "https://helper.soufeel.com/privacy/en_us"}
2025-03-23 22:30:42,553 - ERROR - {"id": "1291902149", "privacy_url": "http://onetapgames.net/privacy.html"}
2025-03-23 22:31:11,172 - ERROR - {"id": "1293140539", "privacy_url": "http://playmatestudio.com/#privacy"}
2025-03-23 22:33:01,332 - ERROR - {"id": "1294031865", "privacy_url": "https://api.en.pdnews.cn/html/privacyPolicy.html"}
2025-03-23 22:35:03,826 - ERROR - {"id": "1297868000", "privacy_url": "http://getnutritrack.com/privacy"}
2025-03-23 22:39:12,793 - ERROR - {"id": "1312754339", "privacy_url": "http://maibank.md/"}
2025-03-23 22:41:07,282 - ERROR - {"id": "1314525940", "privacy_url": "http://www.kinggamesstudio.net/Privacy_policy/pricacy_policy.html"}
2025-03-23 22:41:29,157 - ERROR - {"id": "1315285264", "privacy_url": "http://thewebanalyzers.com/picgrid-privacy-policy.html"}
2025-03-23 22:43:54,339 - ERROR - {"id": "1317947760", "privacy_url": "http://www.hitcents.com/privacy-policy"}
2025-03-23 22:44:57,130 - ERROR - {"id": "1320296369", "privacy_url": "https://thinkcubegames.com/privacy/"}
2025-03-23 22:45:27,569 - ERROR - {"id": "1320829595", "privacy_url": "http://staging.datingframework.com/"}
2025-03-23 22:48:00,778 - ERROR - {"id": "1324944755", "privacy_url": "http://official.niuniustudio.net/"}
2025-03-23 22:48:59,143 - ERROR - {"id": "1326256637", "privacy_url": "https://www.bestnine.co/privacy"}
2025-03-23 22:49:53,693 - ERROR - {"id": "1327817950", "privacy_url": "http://static4.playme8.ru/privacy_policy.html"}
2025-03-23 22:51:22,866 - ERROR - {"id": "1330999582", "privacy_url": "https://icrew2.kernow-software.com/rest/default/html/privacy"}
2025-03-23 22:53:09,126 - ERROR - {"id": "1335144160", "privacy_url": "https://snash.eu/#/privacypolicy"}
2025-03-23 22:55:36,677 - ERROR - {"id": "1340356873", "privacy_url": "http://czapps.com/"}
