2025-03-21 12:43:33,401 - ERROR - {"id": "com.schoolpointe.ky_somersetisd", "privacy_url": "https://schoolpointe.com/privacy-policy/"}
2025-03-21 12:46:30,518 - ERROR - {"id": "com.strzelba.squats", "privacy_url": "https://strzelbaapps.blogspot.com/p/privacy-policy-calisthenic-workout.html"}
2025-03-21 12:46:43,873 - ERROR - {"id": "com.crunchyroll.gv.exzeus.game", "privacy_url": "https://www.crunchyroll.com/games/privacy"}
2025-03-21 12:49:27,768 - ERROR - {"id": "com.apposter.inmycampingtent", "privacy_url": "https://mrtimemaker.com/eula-en.txt"}
2025-03-21 12:51:08,292 - ERROR - {"id": "com.strzelba.squats", "privacy_url": "https://strzelbaapps.blogspot.com/p/privacy-policy-calisthenic-workout.html"}
2025-03-21 12:56:18,893 - ERROR - {"id": "games.onebutton.badminton", "privacy_url": "https://www.miniclip.com/privacy-policy"}
2025-03-21 13:00:54,912 - ERROR - {"id": "pp.sat", "privacy_url": "https://www.supertest.vip/Privacy-Policy/"}
2025-03-21 13:04:53,329 - ERROR - {"id": "com.utorrent.client", "privacy_url": "http://www.utorrent.com/legal/privacy"}
2025-03-21 13:07:25,269 - ERROR - {"id": "com.onecwearable.keyboard.base", "privacy_url": "http://1cmobile.com/privacystatement-googleplay/"}
2025-03-21 13:09:25,286 - ERROR - {"id": "com.bbc.charlieandlolamylittletown", "privacy_url": "https://www.bbcstudios.com/mobile-apps"}
2025-03-21 13:11:03,749 - ERROR - {"id": "com.strzelba.sit_ups", "privacy_url": "https://strzelbaapps.blogspot.com/p/privacy-policy-telum-apps-team-built.html"}
2025-03-21 13:12:18,113 - ERROR - {"id": "com.schoolpointe.oh_boardmanlclschs", "privacy_url": "https://schoolpointe.com/privacy-policy"}
2025-03-21 13:15:42,939 - ERROR - {"id": "com.connectyourcare.mobile30", "privacy_url": "https://www.optum.com/en/privacy-policy.html"}
2025-03-21 13:16:12,242 - ERROR - {"id": "com.arcade.idle.shooting.range.inc", "privacy_url": "https://solidgameinc.com/privacy.html"}
2025-03-21 13:17:27,502 - ERROR - {"id": "com.bubble.shooter.blast", "privacy_url": "http://soonistudio.com/privacy-policy-en.html"}
2025-03-21 13:17:42,950 - ERROR - {"id": "com.dominusmathias.dm106", "privacy_url": "https://dominusmathias.com/privacy-policy/"}
2025-03-21 13:18:58,401 - ERROR - {"id": "com.aihomework", "privacy_url": "https://lovely-vault-f15.notion.site/Privacy-Policy-4fe9e56db4a04d88af6e1b78f2874a7d"}
2025-03-21 13:24:13,453 - ERROR - {"id": "com.loongcheer.inkflame.olliesmanor", "privacy_url": "https://www.loongcheer.com/privacy"}
2025-03-21 13:26:56,945 - ERROR - {"id": "ru.tech.imageresizershrinker", "privacy_url": "https://github.com/T8RIN/ImageResizer"}
2025-03-21 13:33:44,373 - ERROR - {"id": "com.headupgames.shiny", "privacy_url": "http://download.headupgames.com/cdn/Headup_Games_Privacy_Policy.txt"}
2025-03-21 13:34:51,673 - ERROR - {"id": "com.artifeel.checkin.pro", "privacy_url": "https://artifeel.notion.site/Engagement-de-confidentialit-2ea9c17561fb490391cd2a37b0f07314"}
2025-03-21 13:36:53,408 - ERROR - {"id": "com.breakmt.perdition", "privacy_url": "http://breakmt.1gb.ru/privacy"}
2025-03-21 13:40:46,946 - ERROR - {"id": "io.supercent.cartslaprun", "privacy_url": "https://supercent.io/#/privacyPolicy"}
2025-03-21 13:46:33,566 - ERROR - {"id": "com.sudoku.game.puzzle.adventure", "privacy_url": "http://regalcardplay.com/card.html"}
2025-03-21 13:50:08,080 - ERROR - {"id": "com.stereo7games.steampunk", "privacy_url": "http://stereo7.com/2019/03/privacy-policy/"}
2025-03-21 13:51:31,770 - ERROR - {"id": "com.tony.bricks", "privacy_url": "https://www2.candy-mobile.com/policy.htm"}
2025-03-21 13:51:45,840 - ERROR - {"id": "com.stereo7games.legendaryadventure", "privacy_url": "https://www.stereo7.com/privacy-policy"}
2025-03-21 13:51:58,074 - ERROR - {"id": "com.schoolpointe.ky_brackencntyschs", "privacy_url": "https://schoolpointe.com/privacy-policy/"}
2025-03-21 14:04:30,626 - ERROR - {"id": "com.potatovpn.free.proxy.wifi", "privacy_url": "https://potatovpn.io/?n=potato.vpn.PrivacyPolicy"}
2025-03-21 14:10:20,141 - ERROR - {"id": "com.schoolpointe.oh_westervillecitysd", "privacy_url": "https://schoolpointe.com/privacy-policy"}
2025-03-21 14:11:37,198 - ERROR - {"id": "com.find.difference.find_difference", "privacy_url": "https://mvdukwjm0ya.feishu.cn/docx/Z4nndQ8UKoAQqwxGHSYcgrPun25?from=from_copylink"}
2025-03-21 14:11:53,144 - ERROR - {"id": "me.rapchat.rapchat", "privacy_url": "https://privacy.rapchat.com"}
2025-03-21 14:13:39,633 - ERROR - {"id": "com.bigfishgames.nevertalesbeautygoog", "privacy_url": "https://www.bigfishgames.com/company/privacy.html"}
2025-03-21 14:15:29,042 - ERROR - {"id": "com.ai.character.merge", "privacy_url": "https://cemsoftwareltd.com/privacyPolicy.html"}
2025-03-21 14:15:51,947 - ERROR - {"id": "com.majorcineplex.mgen", "privacy_url": "https://mgen-api.majorcineplex.com/privacypolicy.html"}
2025-03-21 14:17:29,052 - ERROR - {"id": "com.zhenkolist.train_wallpaper_full_hd", "privacy_url": "https://zhenkolist.blogspot.com/2023/01/zhenkolist-apps-privacy-policy.html"}
2025-03-21 14:18:51,531 - ERROR - {"id": "com.cem.tattoo", "privacy_url": "https://cemsoftwareltd.com/privacyPolicy.html"}
2025-03-21 14:20:51,549 - ERROR - {"id": "com.chase.intl", "privacy_url": "https://www.chase.co.uk/gb/en/legal/privacy-notice/"}
2025-03-21 14:26:01,914 - ERROR - {"id": "faceEditor.photoEditor", "privacy_url": "https://blog.csdn.net/jiiszha/article/details/125172318?spm=1001.2014.3001.5502"}
2025-03-21 14:31:21,874 - ERROR - {"id": "com.myqaa.group.h2oathome", "privacy_url": "https://myqaa.com/privacy-policy.php"}
2025-03-21 14:40:39,770 - ERROR - {"id": "com.empirestudiosinc.cmg", "privacy_url": "https://support.decagames.com/hc/en-us/articles/360054623792-Privacy-Policy"}
2025-03-21 14:43:27,034 - ERROR - {"id": "com.headupgames.retrowintersports", "privacy_url": "http://download.headupgames.com/cdn/Headup_Games_Privacy_Policy.txt"}
2025-03-21 14:43:35,899 - ERROR - {"id": "com.laboladoapp.labo_paper_plate_free", "privacy_url": "https://www.labolado.com/apps-privacy-policy.html"}
2025-03-21 14:45:50,447 - ERROR - {"id": "com.wordgame.newcross.android.en", "privacy_url": "https://privacy.fgonestudio.net/"}
2025-03-21 14:47:34,321 - ERROR - {"id": "com.schoolpointe.ky_boonecntyschs", "privacy_url": "http://www.schoolpointe.com/privacy-policy"}
2025-03-21 14:53:30,573 - ERROR - {"id": "com.barisefe.newzealandnewspapers", "privacy_url": "http://www.barisefe.com/docs/privacy_policy/newzealand_newspapers_privacy_policy.html"}
2025-03-21 14:55:30,592 - ERROR - {"id": "mobi.jackd.android", "privacy_url": "https://www.jackd.com/privacy"}
2025-03-21 15:01:49,506 - ERROR - {"id": "com.headupgames.slotraiders", "privacy_url": "http://download.headupgames.com/cdn/Headup_Games_Privacy_Policy.txt"}
2025-03-21 15:03:32,881 - ERROR - {"id": "com.music.guess.voice", "privacy_url": "https://cemsoftwareltd.com/privacyPolicy.html"}
2025-03-21 15:05:32,894 - ERROR - {"id": "com.actionfit.ghostship.jewel.match", "privacy_url": "http://www.pivotgames.net/conf/Privacy_Agreement-En.html"}
2025-03-21 15:06:31,226 - ERROR - {"id": "com.legendoffighters.en", "privacy_url": "https://www.loongcheer.com/privacy/"}
2025-03-21 15:08:51,840 - ERROR - {"id": "com.crunchyroll.gv.moonstoneisland.game", "privacy_url": "https://www.crunchyroll.com/games/privacy"}
2025-03-21 15:12:53,478 - ERROR - {"id": "jigsaw.picture.puzzle.puzzles.brain.hd", "privacy_url": "https://sites.google.com/view/dark-halo--privacy-special"}
2025-03-21 15:14:53,485 - ERROR - {"id": "com.gameduell.maumau.treff.kartenspiel", "privacy_url": "https://www.crazy8fun.com/privacy-policy/"}
2025-03-21 15:16:53,496 - ERROR - {"id": "com.lincarton.magnum3", "privacy_url": "https://magnum.sublogics.com/promo/privacypolicy/"}
2025-03-21 15:17:26,185 - ERROR - {"id": "com.matestudio.novicedriver3d", "privacy_url": "https://rubygamestudio.com/privacy"}
2025-03-21 15:17:27,998 - ERROR - {"id": "com.pdffiller.scantofill", "privacy_url": "https://www.pdffiller.com/en/privacy_policy.htm"}
2025-03-21 15:18:45,279 - ERROR - {"id": "com.Gcenter.King.of.Defense.Suvivor.TD", "privacy_url": "https://joyupgamestudio.web.app/privacy.html"}
2025-03-21 15:18:53,506 - ERROR - {"id": "com.blackbean.tinycolors.coloring.book.kids.learn.painting", "privacy_url": "http://www.tinyworldapps.com/policy.html"}
2025-03-21 15:19:26,202 - ERROR - {"id": "com.schoolbridge.kidszone", "privacy_url": "https://educase.io/privacy-policy/"}
2025-03-21 15:20:16,719 - ERROR - {"id": "com.scandit.enterprisebrowser", "privacy_url": "https://www.scandit.com/privacy/"}
2025-03-21 15:20:53,542 - ERROR - {"id": "com.podbean.app.lenovo", "privacy_url": "https://www.lenovo.com/us/en/privacy/"}
2025-03-21 15:21:50,311 - ERROR - {"id": "com.idle.breaker.game", "privacy_url": "https://estoty.com/privacy-policy"}
2025-03-21 15:22:32,639 - ERROR - {"id": "com.storytaco.c19client", "privacy_url": "https://storytaco.com/other/privacy_eng.php"}
2025-03-21 15:22:41,344 - ERROR - {"id": "net.osmand.srtmPlugin.paid", "privacy_url": "https://osmand.net/docs/legal/privacy-policy/"}
2025-03-21 15:22:53,555 - ERROR - {"id": "com.babytiger.jigsawpuzzle.a", "privacy_url": "https://actcdn.ubestkid.com/uc/svip/membersAgreement/policy_en.html"}
2025-03-21 15:24:53,573 - ERROR - {"id": "browser.private.jet.vpn.web.adblock", "privacy_url": "https://docs.google.com/document/d/112eL8kGGUf56NK1eooPivtpHg6xXHl7Cb5syIvWeM-A/edit?usp=sharing"}
2025-03-21 15:26:53,603 - ERROR - {"id": "com.premiumsoftware.gotosleepbaby", "privacy_url": "http://sqraz.com/privacy_policy_v2/"}
2025-03-21 15:28:53,618 - ERROR - {"id": "com.cedargames.mysterytown", "privacy_url": "https://cedargamestudio.com/pp.html"}
2025-03-21 15:30:53,645 - ERROR - {"id": "com.financial.calculator", "privacy_url": "https://sites.google.com/site/fncalculators/privacy-policy"}
2025-03-21 17:17:36,383 - ERROR - {"id": "com.watchfacestudio.simple_octagon_ad", "privacy_url": "https://blog.naver.com/gocomdg/222556789498"}
2025-03-21 17:18:31,021 - ERROR - {"id": "com.legendmame.dinoemulator", "privacy_url": "http://hostsweb.net/PrivacyPolicy/mustpha-PrivacyPolicy.php"}
2025-03-21 17:21:41,628 - ERROR - {"id": "com.schoolpointe.ky_breckinridgecntysd", "privacy_url": "https://schoolpointe.com/privacy-policy/"}
2025-03-21 17:23:07,453 - ERROR - {"id": "com.capiratech.sctylib", "privacy_url": "https://www.capiratech.com/about"}
2025-03-21 17:25:48,237 - ERROR - {"id": "com.ppn.videodiemnsion.sizeresizer.st", "privacy_url": "http://adtubeservices.co.in/PPNDevelopers/privacy_policy.html"}
2025-03-21 17:27:11,115 - ERROR - {"id": "com.lemonjamgames.idledefense", "privacy_url": "http://lemon-jam.com/privacy-policy"}
2025-03-21 17:32:54,638 - ERROR - {"id": "com.schoolpointe.ky_madisoncntyschs", "privacy_url": "https://schoolpointe.com/privacy-policy/"}
2025-03-21 17:33:09,839 - ERROR - {"id": "com.barisefe.hongkongnewspapers", "privacy_url": "http://www.barisefe.com/docs/privacy_policy/hongkong_newspapers_privacy_policy.html"}
2025-03-21 17:34:13,841 - ERROR - {"id": "com.barisefe.swedennewspapers", "privacy_url": "http://www.barisefe.com/docs/privacy_policy/sweden_newspapers_privacy_policy.html"}
2025-03-21 17:35:09,861 - ERROR - {"id": "com.appsamimanera.sonnerieszen", "privacy_url": "https://storage.googleapis.com/politicas/Policies.html"}
2025-03-21 17:35:46,574 - ERROR - {"id": "com.schoolpointe.mt_darbysd9", "privacy_url": "https://schoolpointe.com/privacy-policy/"}
2025-03-21 17:36:13,857 - ERROR - {"id": "com.pianovoices.midicontroller.realpiano.pianokeyboard.pianosoundeffects.midirecording", "privacy_url": "https://sites.google.com/view/pianosoundmidi?usp=sharing"}
2025-03-21 17:40:11,610 - ERROR - {"id": "com.widgesoft.calendarwidgetapp", "privacy_url": "https://widgesoft.com/PrivacyPolicy.html"}
2025-03-21 17:40:53,804 - ERROR - {"id": "com.bbg.tiwdroid", "privacy_url": "http://download.headupgames.com/cdn/Headup_Games_Privacy_Policy.txt"}
2025-03-21 17:42:27,654 - ERROR - {"id": "com.schoolpointe.in_cmtyschcorpofsouthernhancockcnty", "privacy_url": "http://www.schoolpointe.com/privacy-policy"}
2025-03-21 17:45:05,986 - ERROR - {"id": "com.headupgames.bridgeconstructorstunts", "privacy_url": "http://download.headupgames.com/cdn/Headup_Games_Privacy_Policy.txt"}
2025-03-21 17:46:19,394 - ERROR - {"id": "lol.justfall", "privacy_url": "https://justfall.lol/TermsAndPrivacy.html"}
2025-03-21 17:48:52,084 - ERROR - {"id": "com.mirai.braintest.sprunki.trickypuzzle", "privacy_url": "https://miraistudio.games/#/privacy-policy"}
2025-03-21 17:49:17,182 - ERROR - {"id": "com.lafitness.lafitness", "privacy_url": "http://lafitness.com/Pages/PrivacyPolicy.aspx"}
2025-03-21 17:50:52,115 - ERROR - {"id": "com.fitnessmobileapps.truenorthyogapaducah", "privacy_url": "https://www.mindbodyonline.com/privacy-policy"}
2025-03-21 17:52:52,127 - ERROR - {"id": "com.appocalypses.metaldetectortrick", "privacy_url": "https://appache.games/policy"}
2025-03-21 17:54:52,146 - ERROR - {"id": "com.dutchblitz", "privacy_url": "https://dutchblitz.com/privacy-policy/"}
2025-03-21 18:15:43,155 - ERROR - {"id": "com.schoolpointe.pa_avellaareasd", "privacy_url": "https://schoolpointe.com/privacy-policy/"}
2025-03-21 18:19:13,238 - ERROR - {"id": "com.improvethenews.projecta", "privacy_url": "http://www.improvethenews.org/index.php/privacy-policy/"}
2025-03-21 18:21:48,907 - ERROR - {"id": "sanity.freeaudiobooks", "privacy_url": "https://www.dropbox.com/s/v7bnfjzyi5jti9e/Privacy%20Policy%20of%20App.pdf?dl=0"}
2025-03-21 18:23:37,263 - ERROR - {"id": "com.schoolpointe.ky_campbellcntyschs", "privacy_url": "https://schoolpointe.com/privacy-policy/"}
2025-03-21 18:31:55,479 - ERROR - {"id": "cz.masterapp.penny", "privacy_url": "https://www.babymonitor5G.com/pp/"}
2025-03-21 18:34:11,139 - ERROR - {"id": "com.Fren2y.OneWarrior", "privacy_url": "https://onewarrior.ru/PP_OW.html"}
2025-03-21 18:34:19,662 - ERROR - {"id": "com.slt.casinocashfanatic", "privacy_url": "https://privacy.spinongames.com/"}
2025-03-21 18:36:11,168 - ERROR - {"id": "tv.kidoodle.android.glitch", "privacy_url": "https://www.glitchplus.com/privacy-policy.html"}
2025-03-21 18:37:44,336 - ERROR - {"id": "com.schoolpointe.ky_adaircntyschs", "privacy_url": "http://www.schoolpointe.com/privacy-policy"}
2025-03-21 18:38:11,195 - ERROR - {"id": "com.larus.wolf", "privacy_url": "https://www.ciciai.com/legal/privacy/en"}
2025-03-21 18:39:30,876 - ERROR - {"id": "com.devhub.cbseclass9", "privacy_url": "https://www.developerhub.site/cbseclass9/Privacy_Policy.html"}
2025-03-21 18:39:41,681 - ERROR - {"id": "com.geant.loyaltyapp", "privacy_url": "https://m.happyme.club/public/en/terms"}
2025-03-21 18:40:11,214 - ERROR - {"id": "com.watchfacestudio.purpelKnight", "privacy_url": "https://getwatchmaker.com/privacy_as"}
2025-03-21 18:42:11,231 - ERROR - {"id": "com.aiart.aiphotogenerator.ai.image.craft.aiavatar.maker", "privacy_url": "https://quantum4u.in/web/aiimagegenerator/privacy-policy"}
2025-03-21 18:42:57,139 - ERROR - {"id": "com.babyabbietoddlergames.toddler.kids.learning.googleplay", "privacy_url": "https://babyabbie.com/privacy-policy"}
2025-03-21 18:49:21,854 - ERROR - {"id": "com.watchfacestudio.mx_digi_illuminate_a12", "privacy_url": "https://blog.naver.com/gocomdg/222556789498"}
2025-03-21 18:56:28,984 - ERROR - {"id": "com.watchfacestudio.mx_digi_sp02", "privacy_url": "https://blog.naver.com/gocomdg/222556789498"}
2025-03-21 18:59:50,294 - ERROR - {"id": "com.schoolpointe.pa_parkwaywestcareertechcntr", "privacy_url": "https://schoolpointe.com/privacy-policy/"}
2025-03-21 19:05:18,984 - ERROR - {"id": "workout.fitness.weightloss.homeworkout", "privacy_url": "https://ezhealth.app/privacypolicy.html?pkg=workout.fitness.weightloss.homeworkout"}
2025-03-21 19:07:19,047 - ERROR - {"id": "com.primolab.bestSmoothieRecipes", "privacy_url": "https://primolabdeveloper.blogspot.com/p/blog-page.html"}
2025-03-21 19:08:24,656 - ERROR - {"id": "net.kayisoft.mergedelivery", "privacy_url": "https://puzzlego.kayisoft.net/privacy"}
2025-03-21 19:09:19,066 - ERROR - {"id": "com.kayac.KissingNow", "privacy_url": "https://hypercasual.kayac.com/privacy.policy/"}
2025-03-21 19:10:24,697 - ERROR - {"id": "com.wave.keyboard.theme.swansloveanimatedkeyboard", "privacy_url": "http://www.wavekeyboard.com/privacy-policy/"}
2025-03-21 19:11:19,084 - ERROR - {"id": "com.tallylabs.enigma", "privacy_url": "https://downavenue.com/privacy-policy"}
2025-03-21 19:12:24,726 - ERROR - {"id": "pp.cpa", "privacy_url": "https://www.supertest.vip/Privacy-Policy/"}
2025-03-21 19:13:19,131 - ERROR - {"id": "kdrgames.naughtyornice", "privacy_url": "https://sites.google.com/view/dh3games-privacypolicy/home"}
2025-03-21 19:14:24,765 - ERROR - {"id": "com.taap.game.merge.food.decor", "privacy_url": "https://taapgame.com/privacy"}
2025-03-21 19:16:24,772 - ERROR - {"id": "com.zingplay.tonk", "privacy_url": "https://play.zing.vn/privacy"}
2025-03-21 19:16:57,423 - ERROR - {"id": "com.schoolpointe.wi_chequamegonsd", "privacy_url": "https://www.schoolpointe.com/privacy-policy"}
2025-03-21 19:18:24,792 - ERROR - {"id": "no.mellora.hseq.normet", "privacy_url": "https://mellora.no/personvernregler/"}
2025-03-21 19:20:24,797 - ERROR - {"id": "com.mobileguru.fruitcandybomb.free", "privacy_url": "https://sites.google.com/view/cool-cat-privacy-policy/%E9%A6%96%E9%A1%B5"}
2025-03-21 19:20:56,749 - ERROR - {"id": "com.watchfacestudio.acro_perfect_bw", "privacy_url": "https://blog.naver.com/wikky1001/222552824747"}
2025-03-21 19:21:46,705 - ERROR - {"id": "com.mobage.ww.a1912.Godus_Android", "privacy_url": "http://www.22cans.com/privacy-policy/"}
2025-03-21 19:22:24,816 - ERROR - {"id": "com.amolatina", "privacy_url": "https://www.amolatina.com/privacy-policy/"}
2025-03-21 19:24:24,823 - ERROR - {"id": "com.mustardgames.topspeed.carracing", "privacy_url": "http://mustardgamesstudios.com/privacy/"}
2025-03-21 19:25:59,424 - ERROR - {"id": "com.schoolpointe.in_mountvernoncmtyschcorp", "privacy_url": "http://www.schoolpointe.com/privacy-policy"}
2025-03-21 19:26:24,840 - ERROR - {"id": "com.hataka.VarietyMecha.play", "privacy_url": "https://agame.games/yszc_english.html"}
2025-03-21 19:26:42,217 - ERROR - {"id": "com.appster.accor.theheartistapp", "privacy_url": "https://admin.heartistjourneyasia.com/api/v1/privacy-policy/en"}
2025-03-21 19:27:53,637 - ERROR - {"id": "com.mutualhealthservices.GBASmobile", "privacy_url": "https://www.medmutual.com/About-Medical-Mutual/Medical-Mutual-Website-Privacy-Policy.aspx"}
2025-03-21 19:29:14,721 - ERROR - {"id": "com.schoolpointe.ky_kentoncntysd", "privacy_url": "http://www.schoolpointe.com/privacy-policy"}
2025-03-21 19:29:19,943 - ERROR - {"id": "com.pbct.rpg", "privacy_url": "https://trentontrehmdi2215gmail.cloud/"}
2025-03-21 19:30:02,471 - ERROR - {"id": "com.schoolpointe.wi_spencerps", "privacy_url": "http://www.schoolpointe.com/privacy-policy"}
2025-03-21 19:32:19,376 - ERROR - {"id": "com.barisefe.denmarknewspapers", "privacy_url": "http://www.barisefe.com/docs/privacy_policy/denmark_newspapers_privacy_policy.html"}
2025-03-21 19:32:49,057 - ERROR - {"id": "com.barisefe.colombianewspapers", "privacy_url": "http://www.barisefe.com/docs/privacy_policy/colombia_newspapers_privacy_policy.html"}
2025-03-21 19:32:58,214 - ERROR - {"id": "com.fgasimov.medicalterms", "privacy_url": "https://medical-terms.fgasimov.com/privacy-policy"}
2025-03-21 19:34:19,385 - ERROR - {"id": "com.higame.par.draw.maze.toilet.rush", "privacy_url": "https://higame.com.vn/privacy-policy"}
2025-03-21 19:34:49,061 - ERROR - {"id": "com.suponoholdingsLTD.MatchobjectsGame", "privacy_url": "http://techconsolidated.org/terms.html"}
2025-03-21 19:35:37,095 - ERROR - {"id": "com.headupgames.rtlfreestyleskiing", "privacy_url": "http://download.headupgames.com/cdn/Headup_Games_Privacy_Policy.txt"}
2025-03-21 19:40:54,626 - ERROR - {"id": "com.mediacom.mobile", "privacy_url": "https://mediacomcable.com/legal"}
2025-03-21 19:43:01,290 - ERROR - {"id": "com.barisefe.indianewspapers", "privacy_url": "http://www.barisefe.com/docs/privacy_policy/india_newspapers_privacy_policy.html"}
2025-03-21 19:45:01,513 - ERROR - {"id": "com.bendingspoons.dawn.ai", "privacy_url": "https://bendingspoons.com/privacy.html?app=4975764015383620545"}
2025-03-21 19:47:23,634 - ERROR - {"id": "com.zysd.chinesia", "privacy_url": "https://www.chinesia.com.cn/h5/policy/index.html?lang=en"}
2025-03-21 19:47:39,288 - ERROR - {"id": "com.apposter.santaiscoming", "privacy_url": "https://mrtimemaker.com/eula-en.txt"}
2025-03-21 19:48:40,731 - ERROR - {"id": "com.babyabbietoddlergames.toddler.learning.games.kids", "privacy_url": "https://babyabbie.com/privacy-policy"}
2025-03-21 19:54:21,793 - ERROR - {"id": "com.schoolpointe.ky_russellcntyschs", "privacy_url": "https://www.schoolpointe.com/privacy-policy"}
2025-03-21 19:56:31,268 - ERROR - {"id": "com.mediacom.xtream1", "privacy_url": "https://mediacomcable.com/legal/subscriber-privacy-notice/"}
2025-03-21 19:58:56,308 - ERROR - {"id": "com.barisefe.australianewspapers", "privacy_url": "http://www.barisefe.com/docs/privacy_policy/australia_newspapers_privacy_policy.html"}
2025-03-21 19:59:06,594 - ERROR - {"id": "com.barisefe.belgiumnewspapers", "privacy_url": "http://www.barisefe.com/docs/privacy_policy/belgium_newspapers_privacy_policy.html"}
2025-03-21 20:07:30,335 - ERROR - {"id": "com.widgesoft.calendarwidgetapppro", "privacy_url": "https://widgesoft.com/PrivacyPolicy.html"}
2025-03-21 20:08:48,237 - ERROR - {"id": "com.mtdata.UnionCabMadison", "privacy_url": "http://us001web.mtidispatch.com/Madison/Webbooker/General/privacypolicy.aspx"}
2025-03-21 20:09:05,678 - ERROR - {"id": "ir.calendarapp", "privacy_url": "https://calendarapp.ir/privacy-policy"}
2025-03-21 20:10:22,791 - ERROR - {"id": "com.youdagames.pokerworld", "privacy_url": "https://pokerworld.game/privacy/"}
2025-03-21 20:10:47,048 - ERROR - {"id": "com.inookta.taomix2", "privacy_url": "http://inookta.com/taomix/privacy-policy.html"}
2025-03-21 20:12:14,734 - ERROR - {"id": "ru.mail.android.dmrg.parapa", "privacy_url": "https://parapa.mail.ru/legal/"}
2025-03-21 20:12:37,187 - ERROR - {"id": "com.schoolpointe.ky_pikevilleisd", "privacy_url": "https://schoolpointe.com/privacy-policy"}
2025-03-21 20:13:06,110 - ERROR - {"id": "com.headupgames.bridgeconstructormedieval", "privacy_url": "http://download.headupgames.com/cdn/Headup_Games_Privacy_Policy.txt"}
2025-03-21 20:14:00,304 - ERROR - {"id": "com.fluyo", "privacy_url": "https://example.com"}
2025-03-21 20:15:42,964 - ERROR - {"id": "com.beepassvpn.free.vpn.secure", "privacy_url": "https://beepassvpn.notofilter.space/en/privacy-policy/"}
2025-03-21 20:17:37,958 - ERROR - {"id": "com.onfit.coach.android", "privacy_url": "https://user.onfitgym.com:11001/#/agree2"}
2025-03-21 20:23:55,604 - ERROR - {"id": "com.schoolpointe.il_harrisonsd36", "privacy_url": "https://schoolpointe.com/privacy-policy/"}
2025-03-21 20:25:08,501 - ERROR - {"id": "com.watchfacestudio.acro_enegy_fit_rev", "privacy_url": "https://blog.naver.com/wikky1001/222552824747"}
2025-03-21 20:26:36,671 - ERROR - {"id": "fm.radio.sanity.radiofm", "privacy_url": "https://www.dropbox.com/s/v7bnfjzyi5jti9e/Privacy%20Policy%20of%20App.pdf"}
2025-03-21 20:28:13,605 - ERROR - {"id": "ru.tatneft.driver", "privacy_url": "https://api.gsb.tatneft.ru/media/agreements.html#ppdn_policy"}
2025-03-21 20:28:52,599 - ERROR - {"id": "com.schoolpointe.ky_cumberlandcntyschs", "privacy_url": "http://www.schoolpointe.com/privacy-policy"}
2025-03-21 20:32:16,235 - ERROR - {"id": "com.schoolpointe.sendit.mobile", "privacy_url": "https://schoolpointe.com/privacy-policy"}
2025-03-21 20:34:28,190 - ERROR - {"id": "com.medmutual.mhp", "privacy_url": "https://www.medmutual.com/mobile/shared/privacypolicy.aspx"}
2025-03-21 20:36:29,424 - ERROR - {"id": "com.tfb.narqubis", "privacy_url": "https://narqubis.com/privacy-policy/"}
2025-03-21 20:37:59,549 - ERROR - {"id": "com.evertec.prebt_app.prod", "privacy_url": "https://mobile.ebtpr.com/privacy.html"}
2025-03-21 20:40:31,535 - ERROR - {"id": "com.schoolpointe.ky_waynecntysd", "privacy_url": "http://www.schoolpointe.com/privacy-policy"}
2025-03-21 20:45:04,544 - ERROR - {"id": "com.LazySow.BoxOfficeSim", "privacy_url": "http://alecjaco.com/privacy-policy/"}
2025-03-21 20:47:40,890 - ERROR - {"id": "com.schoolpointe.ky_barrencntysd", "privacy_url": "http://www.schoolpointe.com/privacy-policy"}
2025-03-21 20:54:33,502 - ERROR - {"id": "com.amoledwatchfaces.pixeloled", "privacy_url": "https://amoledwatchfaces.com/privacy"}
2025-03-21 20:54:58,343 - ERROR - {"id": "com.acquasys.smartpack", "privacy_url": "https://acquasys.com/Privacy"}
2025-03-21 20:56:33,516 - ERROR - {"id": "com.trustmedia.mystorekeeper", "privacy_url": "https://www.app-privacy-policy.com/live.php?token=FhBHHe3ESugSgHBrTi1MMVZhjPnyuyhj"}
2025-03-21 20:57:53,804 - ERROR - {"id": "ru.ufanet.smarthome", "privacy_url": "https://www.ufanet.ru/pages/politika-konfidencialnosti-umnyi-dom/"}
2025-03-21 20:58:33,533 - ERROR - {"id": "com.sideline.phone.number", "privacy_url": "http://www.pinger.com/privacy-policy/"}
2025-03-21 21:00:33,545 - ERROR - {"id": "com.inditex.oysho", "privacy_url": "https://static.oysho.net/6/cms/assets/legal/oysho/StorePrivacyPolicies/policies.html"}
2025-03-21 21:01:05,941 - ERROR - {"id": "com.tivo.androidtv.xtreamtv", "privacy_url": "https://mediacomcable.com/legal/subscriber-privacy-notice/"}
2025-03-21 21:01:53,601 - ERROR - {"id": "com.schoolpointe.oh_galliacntylclschs", "privacy_url": "http://www.schoolpointe.com/privacy-policy"}
2025-03-21 21:02:33,563 - ERROR - {"id": "com.ipc360home", "privacy_url": "http://www.ipc365.com/Index/showPravicyById?id=IH132"}
2025-03-21 21:05:26,108 - ERROR - {"id": "by.drivetime.app", "privacy_url": "https://any-time.by/terms/personal-data-processing-by.html"}
2025-03-21 21:07:37,652 - ERROR - {"id": "com.schoolpointe.ma_gatewayregionalsd", "privacy_url": "http://www.schoolpointe.com/privacy-policy"}
2025-03-21 21:10:59,515 - ERROR - {"id": "videoeditor.vlogeditor.youtubevlog.vlogstar", "privacy_url": "http://www.youpai.biz/youpai_en.html"}
2025-03-21 21:11:05,253 - ERROR - {"id": "com.capiratech.wnpldil", "privacy_url": "https://www.capiratech.com/about"}
2025-03-21 21:11:45,657 - ERROR - {"id": "com.mtdata.comcabbirmingham", "privacy_url": "http://cityfleetbusiness.com/"}
2025-03-21 21:15:42,376 - ERROR - {"id": "org.freedictionary", "privacy_url": "http://www.barisefe.com/docs/privacy_policy/free_dictionary_org_privacy_policy.html"}
2025-03-21 21:18:01,542 - ERROR - {"id": "com.schoolpointe.mi_midlandps", "privacy_url": "https://schoolpointe.com/privacy-policy/"}
2025-03-21 21:21:43,581 - ERROR - {"id": "com.superhugestudios.chessblitz.chessgame.friends.chess", "privacy_url": "http://playchesslegends.com/privacy-policy/"}
2025-03-21 21:24:57,773 - ERROR - {"id": "com.schoolpointe.ky_breathittcntyschs", "privacy_url": "https://schoolpointe.com/privacy-policy"}
2025-03-21 21:29:21,063 - ERROR - {"id": "com.neuron.cigna", "privacy_url": "https://smartcarebycigna.neuron.ae/Login/RegistrationTerms.aspx"}
2025-03-21 21:29:36,834 - ERROR - {"id": "com.eventsair.dbridge.wcndt24", "privacy_url": "https://dbridge.eventsair.com/20th-world-conference-on-non-destructive-testing"}
2025-03-21 21:30:15,695 - ERROR - {"id": "com.acegames.candy.disaster.full.gp", "privacy_url": "https://erabitstudios.com/privacy_policy.html"}
2025-03-21 21:31:28,207 - ERROR - {"id": "com.Paklogics.MurreeHills", "privacy_url": "https://www.1murreehills.com/privacy-policy-2/"}
2025-03-21 21:32:58,125 - ERROR - {"id": "com.hitcents.thepoliticalmachine", "privacy_url": "http://www.hitcents.com/privacy-policy"}
2025-03-21 21:36:18,554 - ERROR - {"id": "com.tuopuwan.homedefense", "privacy_url": "http://18.144.130.154/privacy.html"}
2025-03-21 21:38:48,739 - ERROR - {"id": "com.barisefe.argentinanewspapers", "privacy_url": "http://www.barisefe.com/docs/privacy_policy/argentina_newspapers_privacy_policy.html"}
2025-03-21 21:40:48,753 - ERROR - {"id": "com.fc.ac.annoying.brain.game", "privacy_url": "https://sites.google.com/view/tdifferentfc"}
2025-03-21 21:44:38,502 - ERROR - {"id": "com.yomobigroup.chat", "privacy_url": "http://share.vskit.tv/vskit/aboutus/privacy"}
2025-03-21 21:46:08,106 - ERROR - {"id": "bounce.Brain.Thingking", "privacy_url": "https://bounce.com.vn/privacy-policy/"}
2025-03-21 21:49:40,180 - ERROR - {"id": "qr.barcode.scanner.qrcodescanner", "privacy_url": "https://bohrium.co/privacypolicy/"}
2025-03-21 21:52:04,172 - ERROR - {"id": "com.app.furnots", "privacy_url": "https://furnots.com/privacy-policy"}
2025-03-21 21:53:28,860 - ERROR - {"id": "com.breakmt.text", "privacy_url": "https://breakmt.1gb.ru/privacy/privacy_100_doors.html"}
2025-03-21 21:55:42,569 - ERROR - {"id": "com.barisefe.austrianewspapers", "privacy_url": "http://www.barisefe.com/docs/privacy_policy/austria_newspapers_privacy_policy.html"}
2025-03-21 21:57:42,594 - ERROR - {"id": "pl.lot.mobile", "privacy_url": "http://www.lot.com/pl/en/privacy-policy"}
2025-03-21 22:08:43,383 - ERROR - {"id": "com.mundostreaming.lavozcolombia", "privacy_url": "https://mundostreaming.cl/privacy_policy/"}
2025-03-21 22:09:47,043 - ERROR - {"id": "com.mobsmile.hive", "privacy_url": "https://hive-game.com/legal/privacypolicy.html"}
2025-03-21 22:11:38,355 - ERROR - {"id": "com.schoolpointe.oh_westbranchlclschs", "privacy_url": "http://www.schoolpointe.com/privacy-policy"}
2025-03-21 22:15:52,150 - ERROR - {"id": "com.barisefe.switzerlandnewspapers", "privacy_url": "http://www.barisefe.com/docs/privacy_policy/switzerland_newspapers_privacy_policy.html"}
2025-03-21 22:17:52,164 - ERROR - {"id": "com.dreamplay.pixelheroiclegend.google", "privacy_url": "http://terms.dreamplaygames.co.kr/termskr_en.php"}
2025-03-21 22:20:40,806 - ERROR - {"id": "ru.onlime.my.app", "privacy_url": "https://www.onlime.ru/legal/"}
2025-03-21 22:22:40,836 - ERROR - {"id": "com.niklas.fpsdefense", "privacy_url": "https://www.voodoo.io/privacy"}
2025-03-21 22:29:49,051 - ERROR - {"id": "com.schoolpointe.oh_montpelierevs", "privacy_url": "http://www.schoolpointe.com/privacy-policy"}
2025-03-21 22:34:43,377 - ERROR - {"id": "com.schoolpointe.ky_newportisd", "privacy_url": "http://www.schoolpointe.com/privacy-policy"}
2025-03-21 22:37:03,450 - ERROR - {"id": "bounce.Dress.Up.Cosplay", "privacy_url": "https://bounce.com.vn/privacy-policy/"}
2025-03-21 22:38:39,094 - ERROR - {"id": "bounce.Dress.Up.Anime", "privacy_url": "https://bounce.com.vn/privacy-policy/"}
2025-03-21 22:38:42,379 - ERROR - {"id": "com.breakmt.toxic", "privacy_url": "http://breakmt.1gb.ru/toxic-privacy.html"}
2025-03-21 22:42:12,927 - ERROR - {"id": "com.schoolpointe.ky_ludlowindschs", "privacy_url": "https://schoolpointe.com/privacy-policy/"}
2025-03-21 22:46:39,640 - ERROR - {"id": "bounce.bikeracing.moto.neon", "privacy_url": "https://bounce.com.vn/privacy-policy/"}
2025-03-21 22:48:32,620 - ERROR - {"id": "com.headupgames.bridgeconstructorplaygroundfree", "privacy_url": "http://download.headupgames.com/cdn/Headup_Games_Privacy_Policy.txt"}
2025-03-21 22:49:12,370 - ERROR - {"id": "com.tivo.android.mediacomcable", "privacy_url": "https://mediacomcable.com/legal/subscriber-privacy-notice/"}
2025-03-21 22:54:29,891 - ERROR - {"id": "com.schoolpointe.tn_campbellcntyschs", "privacy_url": "https://schoolpointe.com/privacy-policy/"}
2025-03-21 22:54:34,188 - ERROR - {"id": "com.paymentservices.upay", "privacy_url": "https://upay.lk/Privacy_Policy.pdf"}
2025-03-21 22:55:36,037 - ERROR - {"id": "bounce.Anime.Avatar.Maker", "privacy_url": "https://dhtstudio.com/privacy-policy/"}
2025-03-21 22:57:49,695 - ERROR - {"id": "com.excentus.frn.android", "privacy_url": "https://www.fuelrewards.com/privacy-policy"}
2025-03-21 23:00:16,563 - ERROR - {"id": "bounce.bikeracing.moto", "privacy_url": "https://bounce.com.vn/privacy-policy/"}
2025-03-21 23:01:24,482 - ERROR - {"id": "com.anglesgames.auto.shoot.hero", "privacy_url": "https://policy.bombus.studio/"}
2025-03-21 23:01:58,735 - ERROR - {"id": "com.coreupapps.wordist", "privacy_url": "http://www.coreupapps.com/wordist/privacy-policy.html"}
2025-03-21 23:05:22,935 - ERROR - {"id": "com.mumu.zd.gp", "privacy_url": "http://www.youximaozi.com/Civilizatio.html"}
2025-03-21 23:08:04,593 - ERROR - {"id": "com.fullstackhero.elementron", "privacy_url": "http://ef-alpha.fullstackhero.cn/privacy.html"}
2025-03-21 23:09:11,033 - ERROR - {"id": "com.headupgames.pixelheroes", "privacy_url": "http://download.headupgames.com/cdn/Headup_Games_Privacy_Policy.txt"}
2025-03-21 23:12:36,468 - ERROR - {"id": "com.fansipan.epic.stickman.survival.rpg.idle.game", "privacy_url": "https://docs.google.com/document/d/1Lcs3g0RZbEraoqid3DNokT0SPMldWvOohUP-u9WeYhM/edit"}
2025-03-21 23:13:49,178 - ERROR - {"id": "com.headupgames.raceabit", "privacy_url": "http://download.headupgames.com/cdn/Headup_Games_Privacy_Policy.txt"}
2025-03-21 23:18:46,213 - ERROR - {"id": "com.mtdata.manlycabs", "privacy_url": "http://110.143.32.181:8080/WebBooker-Manly/General/privacypolicy.aspx"}
2025-03-21 23:18:54,080 - ERROR - {"id": "com.barisefe.italynewspapers", "privacy_url": "http://www.barisefe.com/docs/privacy_policy/italy_newspapers_privacy_policy.html"}
2025-03-21 23:20:53,844 - ERROR - {"id": "com.mti.bobstaxihalifax", "privacy_url": "https://web3-na.mtidispatch.com/WebbookerHalifax/General/privacypolicy.aspx"}
2025-03-21 23:20:54,088 - ERROR - {"id": "com.watchfacestudio.AnnualRing", "privacy_url": "https://sites.google.com/view/annual-ring-for-wear-os/%E9%A6%96%E9%A1%B5"}
2025-03-21 23:23:31,541 - ERROR - {"id": "com.halls.of.torment.paid.gp", "privacy_url": "https://erabitstudios.com/privacy_policy.html"}
2025-03-21 23:23:32,389 - ERROR - {"id": "com.avrapps.pdfviewer", "privacy_url": "https://www.avrapps.com/privacy-policy/"}
2025-03-21 23:25:04,951 - ERROR - {"id": "com.headupgames.bridgeconstructorportal", "privacy_url": "http://download.headupgames.com/cdn/Headup_Games_Privacy_Policy.txt"}
2025-03-21 23:27:07,072 - ERROR - {"id": "com.hitcents.drawastickmanepic2free", "privacy_url": "http://www.hitcents.com/privacy-policy"}
2025-03-21 23:28:23,671 - ERROR - {"id": "com.calculatorschool.milliontobillion", "privacy_url": "https://www.calculatorschool.com/privacy-policy"}
2025-03-21 23:30:23,692 - ERROR - {"id": "com.etips.cinqueterre.travel.guide", "privacy_url": "https://etips.com/privacy-policy/"}
2025-03-21 23:31:10,290 - ERROR - {"id": "com.schoolpointe.tn_johnsoncityschs", "privacy_url": "https://schoolpointe.com/privacy-policy/"}
2025-03-21 23:33:39,244 - ERROR - {"id": "com.barisefe.netherlandsnewspapers", "privacy_url": "http://www.barisefe.com/docs/privacy_policy/netherlands_newspapers_privacy_policy.html"}
2025-03-21 23:39:38,619 - ERROR - {"id": "com.speechcycle.smartcare.android.mediacom", "privacy_url": "https://www.mediacomcable.com/legal"}
2025-03-21 23:43:10,280 - ERROR - {"id": "coloring.draw.drawing.games", "privacy_url": "https://sites.google.com/view/gametertainstudio-privacy"}
2025-03-21 23:45:10,296 - ERROR - {"id": "com.bet365Wrapper.Bet365_Application", "privacy_url": "https://help.bet365.com/en/privacy-policy"}
2025-03-21 23:47:10,320 - ERROR - {"id": "games.burny.color.sort.woody.puzzle", "privacy_url": "https://burny.games/privacy-policy"}
2025-03-21 23:49:10,351 - ERROR - {"id": "com.LuminatheStudios.BBirthday", "privacy_url": "https://luminathestudios.wixsite.com/yunseven/privacy-policy"}
2025-03-21 23:50:36,962 - ERROR - {"id": "com.schoolpointe.tn_johnsoncntyschs", "privacy_url": "https://schoolpointe.com/privacy-policy/"}
2025-03-21 23:51:10,357 - ERROR - {"id": "com.pixar.stickers.toystory4_goo", "privacy_url": "https://privacy.thewaltdisneycompany.com/en/current-privacy-policy/"}
2025-03-21 23:53:10,375 - ERROR - {"id": "com.etips.newzealand.travel.guide", "privacy_url": "https://etips.com/privacy-policy/"}
2025-03-21 23:55:10,402 - ERROR - {"id": "com.Albus.AwesomePark", "privacy_url": "https://corp.supercent.io/PrivacyPolicy"}
2025-03-21 23:56:50,460 - ERROR - {"id": "com.maxsol.beautistics", "privacy_url": "https://beautistics.com/privacy-policy"}
2025-03-21 23:57:09,111 - ERROR - {"id": "com.watchfacestudio.tsd45", "privacy_url": "https://www.tsd-watchfaces.com/Datenschutz/"}
2025-03-21 23:57:10,432 - ERROR - {"id": "com.olyappunited", "privacy_url": "https://legal.sportheroes.com/Privacy_Policy_FR.html"}
2025-03-21 23:59:36,685 - ERROR - {"id": "asia.villo.service", "privacy_url": "https://villo.asia/policy?type=PRIVACY_POLICY"}
2025-03-22 00:02:53,132 - ERROR - {"id": "com.goldin.marketplace", "privacy_url": "https://goldin.co/privacy"}
2025-03-22 00:03:40,728 - ERROR - {"id": "com.myqaa.store.group.veoliaevents", "privacy_url": "https://myqaa.com/privacy-policy.php"}
2025-03-22 00:04:53,137 - ERROR - {"id": "com.kapidhvaj.textrepeater", "privacy_url": "https://kigelapps.com/textrepeater/privacy"}
2025-03-22 00:06:34,387 - ERROR - {"id": "com.schoolpointe.mo_straffordrvisch", "privacy_url": "http://www.schoolpointe.com/privacy-policy"}
2025-03-22 00:06:53,165 - ERROR - {"id": "io.xennex.gamenight", "privacy_url": "https://xennex.app/index.php/game-night/"}
2025-03-22 00:08:53,189 - ERROR - {"id": "lab.italkutalk", "privacy_url": "https://www.italkutalk.com/terms?language=zh"}
2025-03-22 00:09:34,543 - ERROR - {"id": "com.natgen.d2cplatform.mobileapps", "privacy_url": "https://www.directauto.com/privacy-and-security"}
2025-03-22 00:09:55,772 - ERROR - {"id": "com.natgen.drivingapp", "privacy_url": "https://nghcprivacy.com/nationalgeneral/onlineprivacystatement"}
2025-03-22 00:10:53,208 - ERROR - {"id": "com.avecreation.highwayracer", "privacy_url": "http://avecreation.org/privacy-policy/"}
2025-03-22 00:12:11,739 - ERROR - {"id": "com.mtdata.AllThreesPhiladelphia", "privacy_url": "http://us001web.mtidispatch.com/AllThreesPhiladelphia/Webbooker/General/PrivacyPolicy.aspx"}
2025-03-22 00:14:07,924 - ERROR - {"id": "com.jenheward", "privacy_url": "https://www.fitwithjenapp.com/privacy-policy.html"}
2025-03-22 00:17:16,091 - ERROR - {"id": "com.olalab.lockscreen", "privacy_url": "https://kitsage.com/mobile-apps-privacy"}
2025-03-22 00:23:20,261 - ERROR - {"id": "com.pandai.app", "privacy_url": "https://pandai.org/en/privacy-policy"}
2025-03-22 00:25:20,274 - ERROR - {"id": "com.pandora.android", "privacy_url": "http://www.pandora.com/privacy"}
2025-03-22 00:26:52,151 - ERROR - {"id": "com.brotato.shooting.survivors.games.paid.android", "privacy_url": "https://erabitstudios.com/privacy_policy.html"}
2025-03-22 00:27:20,296 - ERROR - {"id": "com.panera.bread", "privacy_url": "https://www.panerabread.com/en-us/legal/your-privacy.html"}
2025-03-22 00:29:03,728 - ERROR - {"id": "com.onecwireless.pilotbrothers2.google", "privacy_url": "http://g4rt.ru/G4RT-Privacy-Statement.html"}
2025-03-22 00:29:20,313 - ERROR - {"id": "com.panoramik.mightyparty", "privacy_url": "https://panoramikgames.com/privacy_policy.html"}
2025-03-22 00:31:20,337 - ERROR - {"id": "com.pantum.mobileprint", "privacy_url": "https://www.pantum.cn/gvrp/"}
2025-03-22 00:33:20,354 - ERROR - {"id": "com.panzerdog.tacticool", "privacy_url": "https://www.panzerdog.com/privacy"}
2025-03-22 00:33:24,943 - ERROR - {"id": "com.schoolpointe.oh_southrangelclsd", "privacy_url": "https://schoolpointe.com/privacy-policy/"}
2025-03-22 00:34:48,797 - ERROR - {"id": "com.jmsc.quitsmoke", "privacy_url": "https://jm-sc.com/quitsmoke.html"}
2025-03-22 00:35:20,375 - ERROR - {"id": "com.papajohns.android", "privacy_url": "http://www.papajohns.com/privacy-policy.html"}
2025-03-22 00:37:20,405 - ERROR - {"id": "com.paperboatapps.google.kiddopia", "privacy_url": "https://kiddopia.com/privacy-policy.html"}
2025-03-22 00:38:05,064 - ERROR - {"id": "com.ssaportal.app", "privacy_url": "https://www.ssatpa.com/default/privacy-policy"}
2025-03-22 00:38:38,406 - ERROR - {"id": "com.irregular.verbs", "privacy_url": "http://sevenlynx.com/irregular-verbs-privacy-policy"}
2025-03-22 00:39:20,413 - ERROR - {"id": "com.paperboatapps.jrchef", "privacy_url": "https://kiddopia.com/privacy-policy-jrchef.html"}
2025-03-22 00:41:20,421 - ERROR - {"id": "com.paperboatapps.salon", "privacy_url": "https://kiddopia.com/privacy-policy-pixiedust.html"}
2025-03-22 00:43:20,424 - ERROR - {"id": "com.paperdoll.diary.dressup.game", "privacy_url": "https://publish.bravestars.com/privacy.txt"}
2025-03-22 00:45:20,444 - ERROR - {"id": "com.papoworld.papotown.stories", "privacy_url": "https://privacy.kalegames.com/privacy/papo-privacy.html#app=Papo%20Town%20World"}
2025-03-22 00:47:20,449 - ERROR - {"id": "com.par.monster.call.chat.music.prank", "privacy_url": "https://higameglobal.com/privacy/"}
2025-03-22 00:47:55,536 - ERROR - {"id": "com.schoolpointe.oh_lakelclschdst", "privacy_url": "https://schoolpointe.com/privacy-policy/"}
2025-03-22 00:49:20,468 - ERROR - {"id": "com.par.survival.master.challenge.music", "privacy_url": "https://jumbo-game.netlify.app/privacy"}
2025-03-22 00:51:20,477 - ERROR - {"id": "com.paradoxplaza.lassie", "privacy_url": "http://stellarisgc.com/privacy_policy_en.html"}
2025-03-22 00:52:15,017 - ERROR - {"id": "com.barisefe.spainnewspapers", "privacy_url": "http://www.barisefe.com/docs/privacy_policy/spain_newspapers_privacy_policy.html"}
2025-03-22 00:53:20,482 - ERROR - {"id": "com.paradyme.solarsmash", "privacy_url": "https://www.paradym3.com/privacy/privacypolicy.htm"}
2025-03-22 00:54:00,722 - ERROR - {"id": "com.schoolpointe.oh_northridgelclsd", "privacy_url": "https://schoolpointe.com/privacy-policy/"}
2025-03-22 00:55:20,507 - ERROR - {"id": "com.ParallelSpace.Cerberus", "privacy_url": "http://www.hadesstar.com/privacy_policy.html"}
2025-03-22 00:57:20,510 - ERROR - {"id": "com.parau.pro.videochat", "privacy_url": "https://sites.google.com/view/lumiprivacypolicy"}
2025-03-22 00:59:20,524 - ERROR - {"id": "com.parenthoodapps.parenthood", "privacy_url": "https://www.theparenthoodapp.com/privacy/"}
2025-03-22 01:00:59,718 - ERROR - {"id": "com.inverseai.shatkora.stock_manager", "privacy_url": "https://shatkora.co/privacy"}
2025-03-22 01:01:20,544 - ERROR - {"id": "com.parentool.app", "privacy_url": "https://parentool.ro/politica-de-confidentialitate/"}
2025-03-22 01:02:37,885 - ERROR - {"id": "kld.kld", "privacy_url": "http://teamgiritech-001-site42.gtempurl.com/PrivacyPolicy.html"}
2025-03-22 01:03:20,551 - ERROR - {"id": "com.parents.app", "privacy_url": "https://parents.app/privacy"}
2025-03-22 01:05:20,558 - ERROR - {"id": "com.parents_care.boost_your_brain_power", "privacy_url": "https://sites.google.com/view/boost-your-brain-power"}
2025-03-22 01:05:44,184 - ERROR - {"id": "com.watchfacestudio.trianight", "privacy_url": "https://nighty-watch-faces.mailchimpsites.com/privacy-policy"}
2025-03-22 01:06:53,975 - ERROR - {"id": "com.mtdata.aucklandcooptaxis", "privacy_url": "http://akltaxi.cooptaxi.co.nz:8081/WebBooker/General/PrivacyPolicy.aspx"}
2025-03-22 01:07:13,957 - ERROR - {"id": "com.barisefe.mexiconewspapers", "privacy_url": "http://www.barisefe.com/docs/privacy_policy/mexico_newspapers_privacy_policy.html"}
2025-03-22 01:07:20,585 - ERROR - {"id": "com.parkelsoft.letrakidfree", "privacy_url": "http://letrakid.com/privacy_policy/"}
2025-03-22 01:09:20,609 - ERROR - {"id": "com.parkindigo.ca", "privacy_url": "https://indigoneo.ca/privacy"}
2025-03-22 01:10:22,521 - ERROR - {"id": "com.kyivstar.mykyivstar", "privacy_url": "https://new.kyivstar.ua/ecare/pages/termsAndConditions"}
2025-03-22 01:11:06,090 - ERROR - {"id": "com.barisefe.norwaynewspapers", "privacy_url": "http://www.barisefe.com/docs/privacy_policy/norway_newspapers_privacy_policy.html"}
2025-03-22 01:11:20,654 - ERROR - {"id": "com.parking.game", "privacy_url": "https://say.games/privacy-policy"}
2025-03-22 01:13:06,107 - ERROR - {"id": "com.solutran.healthysavings", "privacy_url": "https://healthysavings.com/base/Home/PrivacyPolicy"}
2025-03-22 01:13:20,669 - ERROR - {"id": "com.parking.jam.car.game.bus.trafficcarescape.matching", "privacy_url": "https://happytapland.com/policy.html"}
2025-03-22 01:15:14,268 - ERROR - {"id": "com.schoolpointe.ca_baldyviewrop", "privacy_url": "http://www.schoolpointe.com/privacy-policy"}
2025-03-22 01:15:20,673 - ERROR - {"id": "com.parkwhiz.driverApp", "privacy_url": "http://www.parkwhiz.com/support/privacy/"}
2025-03-22 01:17:20,688 - ERROR - {"id": "com.particlenews.newsbreak", "privacy_url": "https://www.newsbreak.com/privacy"}
2025-03-22 01:18:58,084 - ERROR - {"id": "com.myqaa.psicongress2017", "privacy_url": "https://myqaa.com/privacy-policy.php"}
2025-03-22 01:19:20,697 - ERROR - {"id": "com.partiful.partiful", "privacy_url": "https://partiful.com/privacy"}
2025-03-22 01:21:20,714 - ERROR - {"id": "com.passjeunesrn", "privacy_url": "https://www.passjeunes.ma/privacy-policy"}
2025-03-22 01:22:27,399 - ERROR - {"id": "com.nectarstudio.kids.games", "privacy_url": "https://kidzu.nectarstudio.app/privacy-policy.html"}
2025-03-22 01:23:20,739 - ERROR - {"id": "com.passportparking.mobile", "privacy_url": "https://passportinc.com/privacy-policy/"}
2025-03-22 01:25:20,748 - ERROR - {"id": "com.pathao.user", "privacy_url": "https://pathao.com/privacy"}
2025-03-22 01:27:20,764 - ERROR - {"id": "com.patreon.android", "privacy_url": "https://privacy.patreon.com/policies"}
2025-03-22 01:29:20,768 - ERROR - {"id": "com.paulaymanu113.maquillaje", "privacy_url": "https://mollydigital.manu-scholz.com/politica-de-privacidad-tutorial-e-ideas-de-maquillaje/"}
2025-03-22 01:30:15,994 - ERROR - {"id": "app.digibudget.app", "privacy_url": "https://digibudget.app/privacy-policy"}
2025-03-22 01:31:20,771 - ERROR - {"id": "com.paulkoepke.unitpricecomparison", "privacy_url": "https://paulkoepke.com/privacy-policy.html"}
2025-03-22 01:33:20,776 - ERROR - {"id": "com.pavahainc.magazinecover2", "privacy_url": "http://letapps.com/privacy.html"}
2025-03-22 01:35:20,785 - ERROR - {"id": "com.pavahainc.magazinecover", "privacy_url": "http://letapps.com/privacy.html"}
2025-03-22 01:35:47,014 - ERROR - {"id": "com.wexhealthinc.cdb.mmo", "privacy_url": "https://www.medmutual.com/mobile/shared/privacypolicy.aspx"}
2025-03-22 01:36:31,030 - ERROR - {"id": "ca.antaris.fitnessconnection", "privacy_url": "http://fitnessconnection.antaris.ca/privacy/index.php"}
2025-03-22 01:37:20,808 - ERROR - {"id": "com.paveapp", "privacy_url": "https://www.worksolo.com/privacy-policy"}
2025-03-22 01:38:44,478 - ERROR - {"id": "org.tahlilgaran.texample", "privacy_url": "http://tahlilgaran.org/PrivacyPolicy/?id=جملات%20مثالی%20تحلیلگران"}
2025-03-22 01:39:20,827 - ERROR - {"id": "com.pawoints.curiouscat", "privacy_url": "https://curiouscatapp.com/privacyPolicy"}
2025-03-22 01:40:44,494 - ERROR - {"id": "com.exdwatchface.exd117_hybrid", "privacy_url": "https://sites.google.com/view/executive-design"}
2025-03-22 01:41:20,833 - ERROR - {"id": "com.pawp.android", "privacy_url": "https://pawp.com/privacy-policy"}
2025-03-22 01:43:20,854 - ERROR - {"id": "com.paxiegames.mergestudio", "privacy_url": "https://www.paxiegames.com/privacy-policy/"}
2025-03-22 01:44:42,470 - ERROR - {"id": "bubbleshooter.master.bubble.shooter.bubblegames.rabigame.pop.fruit.dragon.game", "privacy_url": "http://www.plutodesk.com/privacy.htm"}
2025-03-22 01:44:46,505 - ERROR - {"id": "com.willsense.blitztankspolygon", "privacy_url": "https://willsense.games/privacy-policy/"}
2025-03-22 01:44:48,511 - ERROR - {"id": "com.jimi.publicwatch", "privacy_url": "http://www.jimidown.com/html/privacyPolicy.txt"}
2025-03-22 01:45:20,897 - ERROR - {"id": "com.paybyphone", "privacy_url": "https://www.paybyphone.com/about/terms-privacy"}
2025-03-22 01:45:51,228 - ERROR - {"id": "com.erabit.methods.tdc3.paid.gp", "privacy_url": "https://erabitstudios.com/privacy_policy.html"}
2025-03-22 01:46:12,354 - ERROR - {"id": "com.pixign.jigsaw.puzzle.new", "privacy_url": "https://pixign.com/privacy-policy/"}
2025-03-22 01:47:20,919 - ERROR - {"id": "com.payfare.paidapp", "privacy_url": "https://corp.payfare.com/privacy-policy/"}
2025-03-22 01:49:20,935 - ERROR - {"id": "com.paylocity.paylocitymobile", "privacy_url": "https://www.paylocity.com/who-we-are/protecting-our-clients/privacy-center/"}
2025-03-22 01:49:26,617 - ERROR - {"id": "com.readwhere.whitelabel.aadabhyderabad", "privacy_url": "https://www.aadabhyderabad.in/privacy-policy/"}
2025-03-22 01:50:20,699 - ERROR - {"id": "com.willsense.LiDARHORROR", "privacy_url": "https://willsense.games/privacy-policy/"}
2025-03-22 01:51:20,947 - ERROR - {"id": "com.paypal.android.p2pmobile", "privacy_url": "https://www.paypal.com/webapps/mpp/ua/privacy-full"}
2025-03-22 01:53:20,973 - ERROR - {"id": "com.paypal.merchant.client", "privacy_url": "https://www.paypal.com/us/webapps/mpp/ua/legalhub-full"}
2025-03-22 01:55:20,992 - ERROR - {"id": "com.paywithfour", "privacy_url": "https://paywithfour.com/legal/privacy-policy"}
2025-03-22 01:55:24,304 - ERROR - {"id": "com.star.survivor.games.paid.gp", "privacy_url": "https://erabitstudios.com/privacy_policy.html"}
2025-03-22 01:56:46,905 - ERROR - {"id": "com.mmo.ma", "privacy_url": "https://www.medmutual.com/mobile/shared/privacypolicy.aspx"}
2025-03-22 01:57:21,004 - ERROR - {"id": "com.pazugames.animalhairsalon", "privacy_url": "https://www.pazugames.com/privacy-policy/"}
2025-03-22 01:57:36,552 - ERROR - {"id": "com.Flanne.MinutesTillDawn.roguelike.shooting.fr.gp", "privacy_url": "https://erabitstudios.com/privacy_policy.html"}
2025-03-22 01:59:21,034 - ERROR - {"id": "com.pazugames.avatarmaker", "privacy_url": "https://www.pazugames.com/privacy-policy"}
2025-03-22 02:01:21,047 - ERROR - {"id": "com.pazugames.avatarworld", "privacy_url": "https://www.pazugames.com/privacy-policy/"}
2025-03-22 02:03:21,076 - ERROR - {"id": "com.pazugames.burgermaker", "privacy_url": "https://www.pazugames.com/privacy-policy/"}
2025-03-22 02:05:21,092 - ERROR - {"id": "com.pazugames.chicbaby2", "privacy_url": "https://www.pazugames.com/privacy-policy"}
2025-03-22 02:07:21,103 - ERROR - {"id": "com.pazugames.girlshairsalonglow", "privacy_url": "http://pazugames.com/privacy-policy"}
2025-03-22 02:09:21,109 - ERROR - {"id": "com.pazugames.girlshairsalonmonsters", "privacy_url": "http://pazugames.com/privacy-policy"}
2025-03-22 02:11:21,136 - ERROR - {"id": "com.pazugames.girlshairsalonxmas", "privacy_url": "http://pazugames.com/privacy-policy"}
2025-03-22 02:13:21,156 - ERROR - {"id": "com.pazugames.girlshairsalon", "privacy_url": "http://pazugames.com/privacy-policy/"}
2025-03-22 02:15:21,177 - ERROR - {"id": "com.pazugames.makeupgirls2", "privacy_url": "https://www.pazugames.com/privacy-policy/"}
2025-03-22 02:17:21,186 - ERROR - {"id": "com.pazugames.nailsalon", "privacy_url": "http://pazugames.com/privacy-policy"}
2025-03-22 02:19:21,214 - ERROR - {"id": "com.pazugames.omg", "privacy_url": "https://www.pazugames.com/privacy-policy"}
2025-03-22 02:21:21,236 - ERROR - {"id": "com.pazugames.princesspetpalace", "privacy_url": "https://www.pazugames.com/privacy-policy/"}
2025-03-22 02:22:50,010 - ERROR - {"id": "com.bountyofone.premium.mobile.gp", "privacy_url": "https://erabitstudios.com/privacy_policy.html"}
2025-03-22 02:23:21,255 - ERROR - {"id": "com.pazugames.sushimaker", "privacy_url": "https://www.pazugames.com/privacy-policy/"}
2025-03-22 02:23:30,252 - ERROR - {"id": "com.brilian.studyx.student", "privacy_url": "https://www.studyxapp.com/privacy-policy"}
2025-03-22 02:24:09,610 - ERROR - {"id": "com.bst.telleapp", "privacy_url": "https://telleapp.com/privacy.html"}
2025-03-22 02:25:21,285 - ERROR - {"id": "com.pazugames.unicorngirlshairsalon", "privacy_url": "http://pazugames.com/privacy-policy"}
2025-03-22 02:27:21,292 - ERROR - {"id": "com.pbs.video", "privacy_url": "http://www.pbs.org/about/policies/privacy-policy/"}
2025-03-22 02:27:46,586 - ERROR - {"id": "com.camgroup.othesaurus", "privacy_url": "https://cammunich.group/#datenschutz"}
2025-03-22 02:29:21,312 - ERROR - {"id": "com.pcmehanik.smarttoolbox", "privacy_url": "http://www.pcmehanik.com/privacy"}
2025-03-22 02:31:21,334 - ERROR - {"id": "com.pcoloring.art.puzzle.color.by.number", "privacy_url": "https://pcoloring.com/privacy-policy.html"}
2025-03-22 02:32:34,163 - ERROR - {"id": "com.cocoredhan.medical", "privacy_url": "http://medical.cocoredhan.com/privacy/"}
2025-03-22 02:33:21,356 - ERROR - {"id": "com.pd.vehiclemasters", "privacy_url": "https://say.games/privacy-policy"}
2025-03-22 02:35:21,367 - ERROR - {"id": "com.pdf.read.view.editor.pdfreader.pdfviewer", "privacy_url": "http://dktech-publishing.site/privacy-policy2.html?app=PDF%20Reader%20-%20Viewer%20&%20Editor&store=Dktech%20app%20publishing"}
2025-03-22 02:37:21,378 - ERROR - {"id": "com.pdfeditor.pdfeditorandriod", "privacy_url": "https://www.pdfgear.com/privacy/"}
2025-03-22 02:39:21,394 - ERROR - {"id": "com.pdffiller.singleform.w9", "privacy_url": "https://www.pdffiller.com/en/privacy-notice.htm"}
2025-03-22 02:41:21,413 - ERROR - {"id": "com.pdffiller", "privacy_url": "https://www.pdffiller.com/mobile/privacy_policy.html"}
2025-03-22 02:43:21,436 - ERROR - {"id": "com.pdfreader.viewer.editor.scanner", "privacy_url": "http://sokar.site/privacy-policy.html?app=PDF%20Reader:%20PDF%20Scanner%20&%20Edit&store=Sokar"}
2025-03-22 02:45:21,463 - ERROR - {"id": "com.pdfview.finder", "privacy_url": "https://pdfviewfinderonline.live/privacy.html"}
2025-03-22 02:47:21,479 - ERROR - {"id": "com.peacholo.peach", "privacy_url": "https://doc-hosting.flycricket.io/peach-vpn/49d962cc-8890-49ac-946b-2e5961e465cb/privacy"}
2025-03-22 02:49:21,509 - ERROR - {"id": "com.peacocktv.peacockandroid", "privacy_url": "https://www.peacocktv.com/privacy"}
2025-03-22 02:51:21,524 - ERROR - {"id": "com.peaksel.openthesafebox_3dsafebreaker_thevault", "privacy_url": "https://peaksel.com/privacy-policy/"}
2025-03-22 02:53:21,544 - ERROR - {"id": "com.pearlabyss.blackdesertm.gl", "privacy_url": "https://www.world.blackdesertm.com/Policy?Policyno=7"}
2025-03-22 02:55:21,564 - ERROR - {"id": "com.pearson.plus", "privacy_url": "https://www.pearson.com/en-us/pearsonplus/legal/user-privacy-policy.html"}
2025-03-22 02:57:21,580 - ERROR - {"id": "com.pedidosya", "privacy_url": "https://www.pedidosya.com.uy/about/privacy_policies"}
2025-03-22 02:59:21,599 - ERROR - {"id": "com.peekage.peekage", "privacy_url": "https://peekage.com/privacy"}
2025-03-22 03:01:21,625 - ERROR - {"id": "com.peekaphone.app", "privacy_url": "https://peekaphonegame.com/privacy"}
2025-03-22 03:03:21,635 - ERROR - {"id": "com.peerspace.app", "privacy_url": "https://www.peerspace.com/legal/privacy"}
2025-03-22 03:05:21,640 - ERROR - {"id": "com.pem.pianomagictiles", "privacy_url": "https://pemgames.netlify.app/piano_magic_tiles/policy"}
2025-03-22 03:07:21,663 - ERROR - {"id": "com.pennentertainment.hc", "privacy_url": "https://hollywoodcasino.com/legal/privacy"}
2025-03-22 03:09:21,685 - ERROR - {"id": "com.peoplefun.wordcross", "privacy_url": "http://www.peoplefun.com/privacy"}
2025-03-22 03:11:21,711 - ERROR - {"id": "com.peoplefun.wordsearch", "privacy_url": "http://www.peoplefun.com/privacy"}
2025-03-22 03:13:21,734 - ERROR - {"id": "com.peoplefun.wordsolitaire", "privacy_url": "https://www.peoplefun.com/privacy"}
2025-03-22 03:15:21,756 - ERROR - {"id": "com.peoplemedia.ourtime", "privacy_url": "http://www.ourtime.com/v3/privacypolicy"}
2025-03-22 03:17:21,792 - ERROR - {"id": "com.PepiPlay.KingsCastle", "privacy_url": "https://www.pepiplay.com/privacy_policy/"}
2025-03-22 03:19:21,815 - ERROR - {"id": "com.pepiplay.pepidoctor", "privacy_url": "https://www.pepiplay.com/privacy_policy/"}
2025-03-22 03:21:21,840 - ERROR - {"id": "com.pepiplay.pepihome", "privacy_url": "https://www.pepiplay.com/privacy_policy/"}
2025-03-22 03:23:21,862 - ERROR - {"id": "com.pepiplay.pepihospital2", "privacy_url": "https://www.pepiplay.com/privacy_policy/"}
2025-03-22 03:25:21,881 - ERROR - {"id": "com.PepiPlay.PepiHospital", "privacy_url": "https://www.pepiplay.com/privacy_policy/"}
2025-03-22 03:27:21,907 - ERROR - {"id": "com.pepiplay.pepischool", "privacy_url": "http://www.pepiplay.com/privacy_policy/"}
2025-03-22 03:29:21,931 - ERROR - {"id": "com.PepiPlay.PepiShopping", "privacy_url": "https://www.pepiplay.com/privacy_policy/"}
2025-03-22 03:31:21,962 - ERROR - {"id": "com.peppapig.worldofpeppapig_g", "privacy_url": "https://findyourfun.com/privacypolicy"}
2025-03-22 03:33:21,986 - ERROR - {"id": "com.percent.aos.cooptd", "privacy_url": "https://policy.111percent.net/base-policy/index.html?category=privacy-policy"}
2025-03-22 03:35:22,002 - ERROR - {"id": "com.percent.aos.p4defense", "privacy_url": "https://policy.111percent.net/base-policy/index.html?category=privacy-policy"}
2025-03-22 03:37:22,026 - ERROR - {"id": "com.perfectcorp.amb", "privacy_url": "https://www.beautycircle.com/info/privacy.action?bcCountry=en_US&bcLocale=en_US"}
2025-03-22 03:39:22,055 - ERROR - {"id": "com.perlego.app", "privacy_url": "https://www.perlego.com/privacy-policy"}
2025-03-22 03:41:22,086 - ERROR - {"id": "com.perpay.mobile", "privacy_url": "https://perpay.com/privacy"}
2025-03-22 03:43:22,095 - ERROR - {"id": "com.perracolabs.cpd", "privacy_url": "https://www.perracolabs.com/cameringo"}
2025-03-22 03:45:22,125 - ERROR - {"id": "com.pescapps.gamekids5", "privacy_url": "https://www.pescapps.com/privacy.html"}
2025-03-22 03:47:22,151 - ERROR - {"id": "com.petonion.pricecomparison", "privacy_url": "https://pricecomparison.petonion.com/policy.html"}
2025-03-22 03:49:22,167 - ERROR - {"id": "com.pf.bmx.cycle.games.extreme.bicycle.games", "privacy_url": "https://playflix12345.blogspot.com/2021/09/privacy-policy.html"}
2025-03-22 03:51:22,201 - ERROR - {"id": "com.pg.clubpampers.android.us", "privacy_url": "http://www.pg.com/privacy/english/privacy_notice.shtml"}
2025-03-22 03:53:22,218 - ERROR - {"id": "com.pgac.general.droid", "privacy_url": "http://www.thegeneral.com/legal/privacy-policy/"}
2025-03-22 03:55:22,243 - ERROR - {"id": "com.phantom.paperboy", "privacy_url": "https://freeplay.io/games/android/privacy-policy/"}
2025-03-22 03:57:22,261 - ERROR - {"id": "com.phellax.drum", "privacy_url": "https://beatblendlabs.com/drumkit/privacy/"}
2025-03-22 03:59:22,279 - ERROR - {"id": "com.phh.mortgagequestions", "privacy_url": "https://www.mortgagequestions.com/YOUR-PRIVACY"}
2025-03-22 04:01:22,297 - ERROR - {"id": "com.philips.ka.oneka.app", "privacy_url": "https://www.philips.co.uk/a-w/mobile-privacy-notice/nutriu.html"}
2025-03-22 04:03:22,299 - ERROR - {"id": "com.philips.lighting.hue2", "privacy_url": "https://www.philips-hue.com/privacy"}
2025-03-22 04:05:22,317 - ERROR - {"id": "com.philo.philo.google", "privacy_url": "https://philo.com/privacy"}
2025-03-22 04:07:22,347 - ERROR - {"id": "com.phlox.tvwebbrowser", "privacy_url": "https://docs.google.com/document/d/1Yf63ySwRPC7gD59HYs-v7bKLqgiBuyYcdCDfw14LZ-g/edit?usp=sharing"}
2025-03-22 04:09:22,357 - ERROR - {"id": "com.phone.backup.restore", "privacy_url": "https://firehawk.ai/phonebackup/privacy/"}
2025-03-22 04:11:22,375 - ERROR - {"id": "com.phonegap.mobile_calendar", "privacy_url": "https://www.mobile-calendar.com/en/terms-and-conditions"}
2025-03-22 04:13:22,397 - ERROR - {"id": "com.phonegap.voyo", "privacy_url": "https://voyo.si/vsebine/kontakt"}
2025-03-22 04:15:22,420 - ERROR - {"id": "com.phonepe.app", "privacy_url": "http://www.phonepe.com/en/policy.html"}
2025-03-22 04:17:22,440 - ERROR - {"id": "com.phonetracker.location.share", "privacy_url": "https://sites.google.com/view/privacy-policy-phone-tracker/"}
2025-03-22 04:19:22,458 - ERROR - {"id": "com.phonevalley.progressive", "privacy_url": "https://www.progressive.com/mobile-privacy/"}
2025-03-22 04:21:22,487 - ERROR - {"id": "com.phonewalls.stockwallpapers", "privacy_url": "https://sites.google.com/view/phonewallsapp-privacy-policy/home"}
2025-03-22 04:23:22,515 - ERROR - {"id": "com.photo.android.camera", "privacy_url": "https://lpprivacy.ijoysoftconnect.com/camera/AppPrivacy.html"}
2025-03-22 04:25:22,517 - ERROR - {"id": "com.photo.hd.camera.beauty.filter", "privacy_url": "https://sites.google.com/view/hdcamera-privacy-policy"}
2025-03-22 04:27:22,538 - ERROR - {"id": "com.photo.imageslideshow.photovideomaker", "privacy_url": "https://videophotoapp.xyz/privacy-policy"}
2025-03-22 04:29:22,556 - ERROR - {"id": "com.photo.recovery.restore.photorecovery.restoredeletedphoto", "privacy_url": "http://wokerbee.pro.vn/privacy-policy.html?app=Photo%20Recovery:%20File%20--%20Video&store=WorkerBee%20App"}
2025-03-22 04:31:22,573 - ERROR - {"id": "com.photo.wallpaper.tv.android", "privacy_url": "https://tv-wallpaper.com/privacy_policy"}
2025-03-22 04:33:22,590 - ERROR - {"id": "com.photoaffections.freeprints", "privacy_url": "http://www.freeprintsapp.com/privacy"}
2025-03-22 04:35:22,621 - ERROR - {"id": "com.photoeditor.photo.effects", "privacy_url": "http://photoeffectcut.picartistpro.top/PrivacyPolicy/"}
2025-03-22 04:37:22,649 - ERROR - {"id": "com.photoeditor.sunflower", "privacy_url": "https://sites.google.com/view/sunflower-photo/app"}
2025-03-22 04:39:22,666 - ERROR - {"id": "com.photogrid.collage.videomaker", "privacy_url": "https://media.grid.plus/doc/grid_plus_privacy_policy"}
2025-03-22 04:41:22,690 - ERROR - {"id": "com.photolab99.smarttools.etools", "privacy_url": "https://docs.google.com/document/d/1gsL2RVSB9zAMaDyXQLpCUwPdWkbSoK0sl2vVK4FRdU4/edit?usp=sharing"}
2025-03-22 04:43:22,721 - ERROR - {"id": "com.photomyne", "privacy_url": "https://photomyne.com/privacy-policy-store"}
2025-03-22 04:45:22,741 - ERROR - {"id": "com.photonfox.g001", "privacy_url": "https://www.photonfox.com/privacy-policy.html"}
2025-03-22 04:47:22,747 - ERROR - {"id": "com.photontadpole.lilasworld", "privacy_url": "https://photontadpole.com/privacy-policy-lila-s-world"}
2025-03-22 04:49:22,768 - ERROR - {"id": "com.photopills.android.photopills", "privacy_url": "https://www.photopills.com/privacy-policy-app"}
2025-03-22 04:51:22,796 - ERROR - {"id": "com.photoroom.app", "privacy_url": "https://photoroom.com/legal/privacy"}
2025-03-22 04:53:22,813 - ERROR - {"id": "com.phototransfer", "privacy_url": "https://phototransferapp.com/privacy/app/"}
2025-03-22 04:55:22,839 - ERROR - {"id": "com.photowidgets.magicwidgets", "privacy_url": "https://sites.google.com/view/magcwidgets-privacy-policy/%E9%A6%96%E9%A1%B5"}
2025-03-22 04:57:22,861 - ERROR - {"id": "com.piano.pocket.music", "privacy_url": "https://synthjoygames.com/Privacy"}
2025-03-22 04:59:22,871 - ERROR - {"id": "com.piano.tiles.music.game.circles.dancing.beat.magictiles", "privacy_url": "https://pianostar.s3.amazonaws.com/android/other/Resources_PPTOS_PrivacyPolicy_and.html"}
2025-03-22 05:01:22,877 - ERROR - {"id": "com.piano.toys.kids.learnmusic", "privacy_url": "https://isomidi.xyz/privacy-policy/"}
2025-03-22 05:03:22,901 - ERROR - {"id": "com.pianokeyboard.learnpiano.playmusic.instrument", "privacy_url": "https://sites.google.com/view/learn-piano-real-keyboard?usp=sharing"}
2025-03-22 05:05:22,924 - ERROR - {"id": "com.pianonbeat.rhythm", "privacy_url": "https://synthjoygames.com/Privacy"}
2025-03-22 05:07:22,944 - ERROR - {"id": "com.pickery.app", "privacy_url": "https://www.goflink.com/en/app/"}
2025-03-22 05:09:22,971 - ERROR - {"id": "com.pickme.passenger", "privacy_url": "https://pickme.lk/privacy-policy"}
2025-03-22 05:11:22,990 - ERROR - {"id": "com.picnic.android", "privacy_url": "https://www.picnic.app/privacy"}
2025-03-22 05:13:23,016 - ERROR - {"id": "com.picpals.app", "privacy_url": "https://www.picpals.app/Android-PicPals-Privacy.html"}
2025-03-22 05:15:23,020 - ERROR - {"id": "com.picsart.draw", "privacy_url": "https://picsart.com/privacy-policy"}
2025-03-22 05:17:23,035 - ERROR - {"id": "com.picsart.studio", "privacy_url": "https://picsart.com/privacy-policy"}
2025-03-22 05:19:23,041 - ERROR - {"id": "com.picturerock.rock", "privacy_url": "https://app-service.rockidentifier.com/static/privacy_policy.html"}
2025-03-22 05:21:23,063 - ERROR - {"id": "com.pid.tbrab", "privacy_url": "https://plugindigital.com/privacy-policy-and-terms-of-use/"}
2025-03-22 05:23:23,080 - ERROR - {"id": "com.pid.turnipboy", "privacy_url": "https://plugindigital.com/privacy-policy-and-terms-of-use/"}
2025-03-22 05:25:23,104 - ERROR - {"id": "com.piedpixels.gransagaidle", "privacy_url": "https://web-data-cdn.kakaogames.com/real/www/html/terms/index.html?service=S0018&type=T003&country=kr&lang=ko"}
2025-03-22 05:27:23,131 - ERROR - {"id": "com.pieyel.scrabble", "privacy_url": "http://scopely.com/privacy"}
2025-03-22 05:29:23,158 - ERROR - {"id": "com.pikpok.dr2.play", "privacy_url": "http://pikpok.com/privacy-policy/"}
2025-03-22 05:31:23,189 - ERROR - {"id": "com.pikpok.golf.play", "privacy_url": "https://pikpok.com/privacy-policy"}
2025-03-22 05:33:23,219 - ERROR - {"id": "com.pikpok.hrc.play", "privacy_url": "http://pikpok.com/privacy-policy/"}
2025-03-22 05:35:23,245 - ERROR - {"id": "com.pilottravelcenters.mypilot", "privacy_url": "https://www.pilotflyingj.com/privacy-policy"}
2025-03-22 05:37:23,276 - ERROR - {"id": "com.pilottravelcenters.newpumper", "privacy_url": "https://pilotflyingj.com/privacy-policy/"}
2025-03-22 05:39:23,302 - ERROR - {"id": "com.pinestreetcodeworks.TinyBubbles", "privacy_url": "https://pinestreetcodeworks.com/privacy.php?v=1"}
2025-03-22 05:41:23,328 - ERROR - {"id": "com.pingapp.app", "privacy_url": "https://www.spikenow.com/privacy-policy/"}
2025-03-22 05:43:23,352 - ERROR - {"id": "com.pinger.textfree.call", "privacy_url": "http://www.pinger.com/privacy-policy/"}
2025-03-22 05:45:23,373 - ERROR - {"id": "com.pinger.textfree", "privacy_url": "http://www.pinger.com/privacy-policy/"}
2025-03-22 05:47:23,402 - ERROR - {"id": "com.pinkapp", "privacy_url": "https://www.jaumo.com/privacy"}
2025-03-22 05:49:23,432 - ERROR - {"id": "com.pinterest.twa", "privacy_url": "https://policy.pinterest.com/privacy-policy"}
2025-03-22 05:51:23,454 - ERROR - {"id": "com.pinterest", "privacy_url": "https://policy.pinterest.com/privacy-policy"}
2025-03-22 05:53:23,485 - ERROR - {"id": "com.pintraveler.pintraveler", "privacy_url": "https://pintraveler.net/privacy_policy.html"}
2025-03-22 05:55:23,511 - ERROR - {"id": "com.piriform.ccleaner", "privacy_url": "https://www.ccleaner.com/about/privacy-policy"}
2025-03-22 05:57:23,527 - ERROR - {"id": "com.pixcellplay.mug", "privacy_url": "https://www.pixcellplay.com/privacy-policy.html"}
2025-03-22 05:59:23,552 - ERROR - {"id": "com.pixel.art.coloring.by.number", "privacy_url": "http://tapcolor.taplayer.net/topic/privacy"}
2025-03-22 06:01:23,575 - ERROR - {"id": "com.pixel.art.coloring.color.number", "privacy_url": "https://xflowgames.com/privacy-policy.html"}
2025-03-22 06:03:23,582 - ERROR - {"id": "com.pixel.gun3d", "privacy_url": "http://pixelgun3d.com/private-notice.html"}
2025-03-22 06:05:23,610 - ERROR - {"id": "com.pixel.squad.strategy.rpg.game", "privacy_url": "https://docs.google.com/document/d/1ZGlKsarN5yWCbHlo-0mq_HunlXK3mXvD16Oib_mQguk/edit?usp=sharing"}
2025-03-22 06:07:23,639 - ERROR - {"id": "com.pixelbite.ga2", "privacy_url": "https://www.miniclip.com/privacy-policy"}
2025-03-22 06:09:23,664 - ERROR - {"id": "com.pixelbite.mutant", "privacy_url": "http://www.pixelbite.se/PrivacyPolicy.html"}
2025-03-22 06:11:23,682 - ERROR - {"id": "com.pixelbite.sm2", "privacy_url": "http://www.pixelbite.se/PrivacyPolicy.html"}
2025-03-22 06:13:23,703 - ERROR - {"id": "com.pixelfederation.ts2", "privacy_url": "https://pxfd.co/privacy"}
2025-03-22 06:15:23,720 - ERROR - {"id": "com.PixelJoy.MountainBikeXtreme", "privacy_url": "https://docs.google.com/document/d/1tYzmbiojR3LYr7Tx0-PUUlYDsivcBN7VNtOKlsPIrDk/edit?usp=sharing"}
2025-03-22 06:17:23,732 - ERROR - {"id": "com.pixelkraft.edgelightcolors", "privacy_url": "https://www.mymobilewallpapers.com/privacypolicy/"}
2025-03-22 06:19:23,750 - ERROR - {"id": "com.PixelPanicRuneSword", "privacy_url": "https://pixelpanic.cba.pl/privacypolicy.html"}
2025-03-22 06:21:23,757 - ERROR - {"id": "com.PixelStudio", "privacy_url": "https://github.com/hippogamesunity/GameParams/wiki/Privacy-Policy"}
2025-03-22 06:23:23,779 - ERROR - {"id": "com.pixerylabs.cloneai", "privacy_url": "https://www.pixerylabs.com/cloneai/privacy"}
2025-03-22 06:25:23,807 - ERROR - {"id": "com.pixign.relax.color", "privacy_url": "https://sites.google.com/view/privacypolicyzentintcreations/home"}
2025-03-22 06:27:23,825 - ERROR - {"id": "com.pixio.google.art.inc", "privacy_url": "https://docs.google.com/document/d/1ccL_WXCdwBScTMrsAAtWlA0cGTrlmJzOY3tXMg5WoJ8/edit?usp=sharing"}
2025-03-22 06:29:23,849 - ERROR - {"id": "com.pixio.google.mtd", "privacy_url": "https://docs.google.com/document/d/15Kw0JDNZI5QJNZriRVEk1AiLyU2hC83u3Onf8VuCROg/edit?usp=sharing"}
2025-03-22 06:31:23,860 - ERROR - {"id": "com.pixlr.express", "privacy_url": "https://www.pixlr.com/software-license-agreements"}
2025-03-22 06:33:23,888 - ERROR - {"id": "com.pixodust.games.free.idle.sports.city.tycoon.game", "privacy_url": "https://pixodust.com/games_privacy_policy/"}
2025-03-22 06:35:23,906 - ERROR - {"id": "com.pixonic.wwr", "privacy_url": "https://documentation.my.games/terms/mygames_privacy/"}
2025-03-22 06:37:23,930 - ERROR - {"id": "com.pixsterstudio.dietplans", "privacy_url": "https://www.pixsterstudio.com/legal-notice/privacy-policy"}
2025-03-22 06:39:23,956 - ERROR - {"id": "com.pixsterstudio.purecheck", "privacy_url": "https://www.pixsterstudio.com/legal-notice/privacy-policy"}
2025-03-22 06:41:23,975 - ERROR - {"id": "com.pixta.thumbnailmaker", "privacy_url": "https://pixta-app.blogspot.com/p/privacy-policy.html"}
2025-03-22 06:43:23,997 - ERROR - {"id": "com.pixverseai.pixverse", "privacy_url": "https://docs.pixverse.ai/Privacy-Policy-97a21aaf01f646ad968e8f6a0e1a2400"}
2025-03-22 06:45:24,025 - ERROR - {"id": "com.piyush.music", "privacy_url": "https://github.com/Piyush7890/PrivacyPolicy/blob/main/OtoMusic.md"}
2025-03-22 06:47:24,050 - ERROR - {"id": "com.pizza.maker.game.baking.making.cooking", "privacy_url": "https://thepiggypanda.com/privacy-policy.html"}
2025-03-22 06:49:24,072 - ERROR - {"id": "com.pizzagames.constructcar", "privacy_url": "http://kingogames.com/privacy-policy/"}
2025-03-22 06:51:24,101 - ERROR - {"id": "com.pjmasks.powerheroes", "privacy_url": "http://scarybeasties.com/pjmasks-privacy-policy/"}
2025-03-22 06:53:24,126 - ERROR - {"id": "com.pl.cwc_2015", "privacy_url": "https://www.icc-cricket.com/about/the-icc/legal-notices/privacy-policy"}
2025-03-22 06:55:24,129 - ERROR - {"id": "com.pl.premierleague", "privacy_url": "http://www.premierleague.com/terms-and-conditions"}
2025-03-22 06:57:24,158 - ERROR - {"id": "com.placemortgage.mortgagecalc_app", "privacy_url": "https://www.envoymortgage.com/privacy-policy/"}
2025-03-22 06:59:24,175 - ERROR - {"id": "com.plamfy.platform", "privacy_url": "https://plamfy.biz/privacy.html"}
2025-03-22 07:01:24,185 - ERROR - {"id": "com.planetfitness", "privacy_url": "https://www.planetfitness.com/privacy-policy"}
2025-03-22 07:03:24,201 - ERROR - {"id": "com.planner5d.planner5d", "privacy_url": "https://planner5d.com/pages/privacy/"}
2025-03-22 07:05:24,229 - ERROR - {"id": "com.planoly.android", "privacy_url": "https://www.planoly.com/privacy-policy"}
2025-03-22 07:07:24,258 - ERROR - {"id": "com.plant.identify.plantcare.identifier", "privacy_url": "https://bralyvn.com/privacy-policy.php"}
2025-03-22 07:09:24,279 - ERROR - {"id": "com.plantoeat.mobile", "privacy_url": "https://www.plantoeat.com/legal/privacy/"}
2025-03-22 07:11:24,307 - ERROR - {"id": "com.plantparentai.app", "privacy_url": "https://app-service.plantparentai.com/static/privacy_policy.html"}
2025-03-22 07:13:24,321 - ERROR - {"id": "com.plarium.mechlegion", "privacy_url": "https://plarium.com/en/legal/privacy-and-cookie-policy/"}
2025-03-22 07:15:24,345 - ERROR - {"id": "com.plarium.raidlegends", "privacy_url": "https://company.plarium.com/en/terms/privacy-and-cookie-policy/"}
2025-03-22 07:17:24,373 - ERROR - {"id": "com.plarium.vikings", "privacy_url": "https://company.plarium.com/en/terms/privacy-and-cookie-policy/"}
2025-03-22 07:19:24,381 - ERROR - {"id": "com.platinumlist", "privacy_url": "https://dubai.platinumlist.net/terms-and-conditions/TermsandConditionsCustomers"}
2025-03-22 07:21:24,402 - ERROR - {"id": "com.platinumplayer.word.addict", "privacy_url": "https://superfree.com/privacy-policy/"}
2025-03-22 07:23:24,421 - ERROR - {"id": "com.plato.android", "privacy_url": "https://www.platoapp.com/privacy"}
2025-03-22 07:25:24,443 - ERROR - {"id": "com.play.lucky.real.earn.money.free.fun.games.play.reward.income", "privacy_url": "https://us.playwell.vip/PrivacyPolicy.html"}
2025-03-22 07:27:24,466 - ERROR - {"id": "com.play.playnow", "privacy_url": "http://www.play.pl/pomoc/dokumenty/#reg-prywatnosc"}
2025-03-22 07:29:24,486 - ERROR - {"id": "com.playakor.clashofcolor", "privacy_url": "https://www.voodoo.io/privacy"}
2025-03-22 07:31:24,515 - ERROR - {"id": "com.playcreek.DeathWorm_Free", "privacy_url": "http://www.playcreek.com/privacy/index.html"}
2025-03-22 07:33:24,538 - ERROR - {"id": "com.playdatedigital.mlpmoviefree", "privacy_url": "http://playdatedigital.com/privacy-policy"}
2025-03-22 07:35:24,547 - ERROR - {"id": "com.playdead.limbo.full", "privacy_url": "https://playdead.com/privacypolicy/index.php"}
2025-03-22 07:37:24,552 - ERROR - {"id": "com.playdemic.golf.android", "privacy_url": "http://privacy.ea.com/en"}
2025-03-22 07:39:24,581 - ERROR - {"id": "com.playdigious.childrenofmorta", "privacy_url": "https://playdigious.com/privacy-policy/"}
2025-03-22 07:41:24,603 - ERROR - {"id": "com.playdigious.deadcells.mobile", "privacy_url": "https://playdigious.com/privacy-policy/"}
2025-03-22 07:43:24,627 - ERROR - {"id": "com.playdigious.evoland2", "privacy_url": "http://playdigious.com/privacy-policy/"}
2025-03-22 07:45:24,643 - ERROR - {"id": "com.playdigious.loophero", "privacy_url": "https://playdigious.com/privacy-policy/"}
2025-03-22 07:47:24,646 - ERROR - {"id": "com.playdigious.mechanicescape", "privacy_url": "http://playdigious.com/privacy-policy/"}
2025-03-22 07:49:24,653 - ERROR - {"id": "com.playdigious.sparklite", "privacy_url": "https://playdigious.com/privacy-policy/"}
2025-03-22 07:51:24,684 - ERROR - {"id": "com.playflix.kick.breakragdoll.games", "privacy_url": "https://playflix12345.blogspot.com/2021/09/privacy-policy.html"}
2025-03-22 07:53:24,711 - ERROR - {"id": "com.playgendary.bowmasters", "privacy_url": "https://newplg.dev/privacy-policy"}
2025-03-22 07:55:24,740 - ERROR - {"id": "com.playgendary.creamaster", "privacy_url": "https://aigames.ae/policy"}
2025-03-22 07:57:24,767 - ERROR - {"id": "com.playgendary.homes", "privacy_url": "https://queengames.com/privacy-policy.html"}
2025-03-22 07:59:24,784 - ERROR - {"id": "com.playgendary.kickthebuddy", "privacy_url": "https://newplg.dev/privacy-policy"}
2025-03-22 08:01:24,811 - ERROR - {"id": "com.playgendary.ktbremaster", "privacy_url": "https://newplg.dev/privacy-policy"}
2025-03-22 08:03:24,836 - ERROR - {"id": "com.playgendary.polyspherecoolgame", "privacy_url": "https://aigames.ae/policy"}
2025-03-22 08:05:24,861 - ERROR - {"id": "com.playgendary.sportmasters", "privacy_url": "https://aigames.ae/policy"}
2025-03-22 08:07:24,882 - ERROR - {"id": "com.playgendary.tanks", "privacy_url": "https://aigames.ae/policy"}
2025-03-22 08:09:24,902 - ERROR - {"id": "com.playgendary.tom", "privacy_url": "https://newplg.dev/privacy-policy"}
2025-03-22 08:11:24,928 - ERROR - {"id": "com.playground.addonsmodsmelon", "privacy_url": "https://sites.google.com/view/fnaf-mods-for-melon-playground"}
2025-03-22 08:13:24,958 - ERROR - {"id": "com.playhardlab.heroes", "privacy_url": "https://playhardlab.com/privacypolicy/"}
2025-03-22 08:15:24,977 - ERROR - {"id": "com.playhome.plus", "privacy_url": "http://myplayhomeapp.com/privacy.html"}
2025-03-22 08:17:24,997 - ERROR - {"id": "com.playjoy.app", "privacy_url": "https://playjoy.com/privacy-policy/"}
2025-03-22 08:19:25,009 - ERROR - {"id": "com.playkot.adventure", "privacy_url": "https://playkot.com/privacy.htm"}
2025-03-22 08:21:25,034 - ERROR - {"id": "com.playkot.ageofmagic", "privacy_url": "https://playkot.com/privacy.htm"}
2025-03-22 08:23:25,061 - ERROR - {"id": "com.PlayMax.playergames", "privacy_url": "http://playmax-games.com/privacy-policy.html"}
2025-03-22 08:25:25,085 - ERROR - {"id": "com.playmgm.nj.sports", "privacy_url": "https://help.nj.betmgm.com/en/general-information/security/privacy-policy"}
2025-03-22 08:27:25,109 - ERROR - {"id": "com.playmgmcasino.nj", "privacy_url": "https://help.nj.betmgm.com/en/general-information/security/privacy-policy"}
2025-03-22 08:29:25,132 - ERROR - {"id": "com.playmini.miniworld", "privacy_url": "https://www.miniworldgame.com/terms/17"}
2025-03-22 08:31:25,157 - ERROR - {"id": "com.playmister", "privacy_url": "https://help.playmister.com/article/76-politica-de-privacidad"}
2025-03-22 08:33:25,184 - ERROR - {"id": "com.playmotional.survival", "privacy_url": "https://playmotional.com/privacy"}
2025-03-22 08:35:25,204 - ERROR - {"id": "com.playpokpok.pokpok", "privacy_url": "https://playpokpok.com/privacy/"}
2025-03-22 08:37:25,214 - ERROR - {"id": "com.playquantum.battler", "privacy_url": "https://dragonchamp.com/privacy-policy.html"}
2025-03-22 08:39:25,243 - ERROR - {"id": "com.Playrion.AirlinesManager2", "privacy_url": "https://centrals.airlines-manager.com/privacy-policy-english.html"}
2025-03-22 08:41:25,259 - ERROR - {"id": "com.playrion.airportmanager", "privacy_url": "https://airportsimulator.first-class.io/privacy-policy.php"}
2025-03-22 08:43:25,277 - ERROR - {"id": "com.playrix.fishdomdd.gplay", "privacy_url": "https://www.playrix.com/privacy/index.html"}
2025-03-22 08:45:25,295 - ERROR - {"id": "com.playrix.gardenscapes", "privacy_url": "https://www.playrix.com/privacy/index.html"}
2025-03-22 08:47:25,304 - ERROR - {"id": "com.playrix.homescapes", "privacy_url": "https://www.playrix.com/privacy/index.html"}
2025-03-22 08:49:25,334 - ERROR - {"id": "com.playrix.manormatters", "privacy_url": "https://playrix.com/privacy/index.html"}
2025-03-22 08:51:25,342 - ERROR - {"id": "com.playrix.mysterymatters", "privacy_url": "https://www.playrix.com/privacy/index.html"}
2025-03-22 08:53:25,370 - ERROR - {"id": "com.playrix.township", "privacy_url": "https://www.playrix.com/privacy/index.html"}
2025-03-22 08:55:25,398 - ERROR - {"id": "com.PlaySense.BulletArmyRun", "privacy_url": "https://supersonic.com/privacy"}
2025-03-22 08:57:25,409 - ERROR - {"id": "com.playsidestudios.candycritters", "privacy_url": "https://www.playsidestudios.com/privacy-policy"}
2025-03-22 08:59:25,429 - ERROR - {"id": "com.playsidestudios.weddingplanner", "privacy_url": "https://www.playsidestudios.com/privacy-policy"}
2025-03-22 09:01:25,435 - ERROR - {"id": "com.playspare.supermarket.store.simulator", "privacy_url": "https://playspare.com/privacy-policy/"}
2025-03-22 09:03:25,451 - ERROR - {"id": "com.playstack.balatro.android", "privacy_url": "https://playstack.com/privacy-policy/"}
2025-03-22 09:05:25,465 - ERROR - {"id": "com.playstrom.dop5", "privacy_url": "https://say.games/privacy-policy"}
2025-03-22 09:07:25,482 - ERROR - {"id": "com.playstrom.hero.tower", "privacy_url": "https://say.games/privacy-policy"}
2025-03-22 09:09:25,487 - ERROR - {"id": "com.playstudios.mykonami", "privacy_url": "http://www.playstudios.com/privacy-policy"}
2025-03-22 09:11:25,509 - ERROR - {"id": "com.playstudios.myvegas", "privacy_url": "https://www.playstudios.com/privacy-policy/"}
2025-03-22 09:13:25,537 - ERROR - {"id": "com.playstudios.popslots", "privacy_url": "https://www.pscapi.com/PrivacyPolicy.html"}
2025-03-22 09:15:25,556 - ERROR - {"id": "com.playtika.caesarscasino", "privacy_url": "https://www.playtika.com/privacy-policy"}
2025-03-22 09:17:25,577 - ERROR - {"id": "com.playtika.wsop.gp", "privacy_url": "https://www.playtika.com/privacy-notice/"}
2025-03-22 09:19:25,592 - ERROR - {"id": "com.playtoddlers.centralhospitalstories.free", "privacy_url": "https://subara.com/terms"}
2025-03-22 09:21:25,616 - ERROR - {"id": "com.playtoddlers.happydaycarestories.free", "privacy_url": "https://subara.com/terms"}
2025-03-22 09:23:25,646 - ERROR - {"id": "com.playtoddlers.sunnyschoolstories.free", "privacy_url": "https://subara.com/terms"}
2025-03-22 09:25:25,675 - ERROR - {"id": "com.playtoddlers.sweethomestories.free", "privacy_url": "https://subara.com/terms"}
2025-03-22 09:27:25,694 - ERROR - {"id": "com.playtoddlers.urbancitystories.free", "privacy_url": "https://subara.com/terms"}
2025-03-22 09:30:50,033 - ERROR - {"id": "com.parenthoodapps.parenthood", "privacy_url": "https://www.theparenthoodapp.com/privacy/"}
2025-03-22 09:38:13,526 - ERROR - {"id": "com.ppn.backuprestore", "privacy_url": "http://adtubeservices.co.in/PPNDevelopers/privacy_policy_phone_backup_and_restore.html"}
2025-03-22 09:38:52,560 - ERROR - {"id": "com.uhaul.android.myuhaul", "privacy_url": "https://www.uhaul.com/Legal/PrivacyPolicy/"}
2025-03-22 09:45:27,776 - ERROR - {"id": "com.wealthylifestyle", "privacy_url": "https://secure.unified.ph/Unified/privacy_policy"}
2025-03-22 09:48:25,294 - ERROR - {"id": "com.safetyconnecta", "privacy_url": "https://safetyconnect.ai/privacy-policy"}
2025-03-22 09:51:41,738 - ERROR - {"id": "com.schoolbridge.enrichingmindspreschool", "privacy_url": "https://educase.io/privacy-policy/"}
2025-03-22 09:53:41,752 - ERROR - {"id": "com.schoolpointe.stayconnected", "privacy_url": "http://www.schoolpointe.com/privacy-policy"}
2025-03-22 09:58:11,839 - ERROR - {"id": "coop.nisc.android.smarthub", "privacy_url": "https://www.nisc.coop//SmartHub/privacy-policy-smarthub.htm"}
2025-03-22 10:01:49,002 - ERROR - {"id": "com.snake.io.slither.merge.fun.game", "privacy_url": "http://soonistudio.com/privacy-policy-en.html"}
2025-03-22 10:02:54,436 - ERROR - {"id": "fr.icuisto.icuisto", "privacy_url": "http://www.kitchenpalapp.com/T&P/TermsOfServices.html"}
2025-03-22 10:04:11,400 - ERROR - {"id": "com.sportsbrief.twa", "privacy_url": "https://sportsbrief.com/privacy/"}
2025-03-22 10:14:44,426 - ERROR - {"id": "kz.onay", "privacy_url": "https://onay.kz/privacy-politics-ru.html"}
2025-03-22 10:17:06,557 - ERROR - {"id": "ru.mosgorpass", "privacy_url": "https://docs.mosgorpass.ru/privacypolicy"}
2025-03-22 10:19:43,336 - ERROR - {"id": "ru.rzd.pass", "privacy_url": "https://qrlink.rzd.ru/privpol.html"}
2025-03-22 10:20:52,569 - ERROR - {"id": "ru.tander.magnit", "privacy_url": "https://magnit-info.ru/pdn/"}
2025-03-22 10:21:39,720 - ERROR - {"id": "sanity.podcast.freak", "privacy_url": "https://www.dropbox.com/s/v7bnfjzyi5jti9e/Privacy%20Policy%20of%20App.pdf?dl=0"}
2025-03-22 10:21:56,525 - ERROR - {"id": "se.perigee.android.seven", "privacy_url": "https://seven.app/privacy-policy"}
2025-03-22 10:22:11,146 - ERROR - {"id": "org.kub.customerapp", "privacy_url": "https://www.kub.org/mobile-application-privacy-policy-and-details"}
2025-03-22 10:29:15,355 - ERROR - {"id": "xyz.penpencil.khansirofficial", "privacy_url": "https://khanglobalstudies.com/privacy"}
2025-03-22 10:31:15,357 - ERROR - {"id": "xyz.rtrvr.pillo", "privacy_url": "https://bit.ly/pillo_pp"}
